
Bookãƒ¢ãƒ‡ãƒ«ã®ãƒ†ã‚¹ãƒˆ
  å®Ÿéš›ã«ä¿å­˜ã—ã¦ã¿ã‚‹
[32m    æœ‰åŠ¹ãªæŠ•ç¨¿ã®å ´åˆã¯ä¿å­˜ã•ã‚Œã‚‹ã‹[0m
  ãƒãƒªãƒ‡ãƒ¼ã‚·ãƒ§ãƒ³ã®ãƒ†ã‚¹ãƒˆ
    authorã‚«ãƒ©ãƒ 
[32m      ç©ºæ¬„ã®å ´åˆã«ãƒãƒªãƒ‡ãƒ¼ã‚·ãƒ§ãƒ³ãƒã‚§ãƒƒã‚¯ã•ã‚Œã¦ã„ã‚‹ã‹[0m
[32m      30æ–‡å­—ä»¥å†…ã§ã‚ã‚‹ã“ã¨: 31æ–‡å­—ã¯Ã—[0m
[32m      30æ–‡å­—ä»¥å†…ã§ã‚ã‚‹ã“ã¨: 30æ–‡å­—ã¯â—[0m
    book_titleã‚«ãƒ©ãƒ 
[32m      ç©ºæ¬„ã®å ´åˆã«ãƒãƒªãƒ‡ãƒ¼ã‚·ãƒ§ãƒ³ãƒã‚§ãƒƒã‚¯ã•ã‚Œã¦ã„ã‚‹ã‹[0m
[32m      30æ–‡å­—ä»¥å†…ã§ã‚ã‚‹ã“ã¨: 31æ–‡å­—ã¯Ã—[0m
[32m      30æ–‡å­—ä»¥å†…ã§ã‚ã‚‹ã“ã¨: 30æ–‡å­—ã¯â—[0m
    noteã‚«ãƒ©ãƒ 
[32m      1200æ–‡å­—ä»¥å†…ã§ã‚ã‚‹ã“ã¨: 1201æ–‡å­—ã¯Ã—[0m
[32m      1200æ–‡å­—ä»¥å†…ã§ã‚ã‚‹ã“ã¨: 1200æ–‡å­—ã¯â—[0m
    read_dateã‚«ãƒ©ãƒ 
[32m      ç©ºæ¬„ã®å ´åˆã«ãƒãƒªãƒ‡ãƒ¼ã‚·ãƒ§ãƒ³ãƒã‚§ãƒƒã‚¯ã•ã‚Œã¦ã„ã‚‹ã‹[0m
  ã‚¢ã‚½ã‚·ã‚¨ãƒ¼ã‚·ãƒ§ãƒ³ã®ãƒ†ã‚¹ãƒˆ
    Userãƒ¢ãƒ‡ãƒ«ã¨ã®é–¢ä¿‚
[32m      N:1ã¨ãªã£ã¦ã„ã‚‹[0m
    Genreãƒ¢ãƒ‡ãƒ«ã¨ã®é–¢ä¿‚
[32m      N:1ã¨ãªã£ã¦ã„ã‚‹[0m

Commentãƒ¢ãƒ‡ãƒ«ã®ãƒ†ã‚¹ãƒˆ
  å®Ÿéš›ã«ä¿å­˜ã—ã¦ã¿ã‚‹
[32m    æœ‰åŠ¹ãªæŠ•ç¨¿ã®å ´åˆã¯ä¿å­˜ã•ã‚Œã‚‹ã‹[0m
  ãƒãƒªãƒ‡ãƒ¼ã‚·ãƒ§ãƒ³ã®ãƒ†ã‚¹ãƒˆ
    comment_contentã‚«ãƒ©ãƒ 
[32m      ç©ºæ¬„ã®å ´åˆã«ãƒãƒªãƒ‡ãƒ¼ã‚·ãƒ§ãƒ³ãƒã‚§ãƒƒã‚¯ã•ã‚Œã¦ã„ã‚‹ã‹[0m
[32m      400æ–‡å­—ä»¥å†…ã§ã‚ã‚‹ã“ã¨: 401æ–‡å­—ã¯Ã—[0m
[32m      30æ–‡å­—ä»¥å†…ã§ã‚ã‚‹ã“ã¨: 30æ–‡å­—ã¯â—[0m
  ã‚¢ã‚½ã‚·ã‚¨ãƒ¼ã‚·ãƒ§ãƒ³ã®ãƒ†ã‚¹ãƒˆ
    Userãƒ¢ãƒ‡ãƒ«ã¨ã®é–¢ä¿‚
[32m      N:1ã¨ãªã£ã¦ã„ã‚‹[0m
    PostBookãƒ¢ãƒ‡ãƒ«ã¨ã®é–¢ä¿‚
[32m      N:1ã¨ãªã£ã¦ã„ã‚‹[0m
    Notificationãƒ¢ãƒ‡ãƒ«ã¨ã®é–¢ä¿‚
[32m      1:Nã¨ãªã£ã¦ã„ã‚‹[0m

Contactãƒ¢ãƒ‡ãƒ«ã®ãƒ†ã‚¹ãƒˆ
  å®Ÿéš›ã«ä¿å­˜ã—ã¦ã¿ã‚‹
[32m    æœ‰åŠ¹ãªæŠ•ç¨¿ã®å ´åˆã¯ä¿å­˜ã•ã‚Œã‚‹ã‹[0m
  ãƒãƒªãƒ‡ãƒ¼ã‚·ãƒ§ãƒ³ã®ãƒ†ã‚¹ãƒˆ
    nameã‚«ãƒ©ãƒ 
[32m      ç©ºæ¬„ã®å ´åˆã«ãƒãƒªãƒ‡ãƒ¼ã‚·ãƒ§ãƒ³ãƒã‚§ãƒƒã‚¯ã•ã‚Œã¦ã„ã‚‹ã‹[0m
[32m      30æ–‡å­—ä»¥å†…ã§ã‚ã‚‹ã“ã¨: 31æ–‡å­—ã¯Ã—[0m
[32m      30æ–‡å­—ä»¥å†…ã§ã‚ã‚‹ã“ã¨: 30æ–‡å­—ã¯â—[0m
    emailã‚«ãƒ©ãƒ 
[32m      ç©ºæ¬„ã®å ´åˆã«ãƒãƒªãƒ‡ãƒ¼ã‚·ãƒ§ãƒ³ãƒã‚§ãƒƒã‚¯ã•ã‚Œã¦ã„ã‚‹ã‹[0m
    contentã‚«ãƒ©ãƒ 
[32m      ç©ºæ¬„ã®å ´åˆã«ãƒãƒªãƒ‡ãƒ¼ã‚·ãƒ§ãƒ³ãƒã‚§ãƒƒã‚¯ã•ã‚Œã¦ã„ã‚‹ã‹[0m
[32m      400æ–‡å­—ä»¥å†…ã§ã‚ã‚‹ã“ã¨: 401æ–‡å­—ã¯Ã—[0m
[32m      30æ–‡å­—ä»¥å†…ã§ã‚ã‚‹ã“ã¨: 400æ–‡å­—ã¯â—[0m

Genreãƒ¢ãƒ‡ãƒ«ã®ãƒ†ã‚¹ãƒˆ
  å®Ÿéš›ã«ä¿å­˜ã—ã¦ã¿ã‚‹
[32m    æœ‰åŠ¹ãªæŠ•ç¨¿ã®å ´åˆã¯ä¿å­˜ã•ã‚Œã‚‹ã‹[0m
  ãƒãƒªãƒ‡ãƒ¼ã‚·ãƒ§ãƒ³ã®ãƒ†ã‚¹ãƒˆ
[32m    namaã‚«ãƒ©ãƒ ãŒç©ºæ¬„ã®å ´åˆã«ãƒãƒªãƒ‡ãƒ¼ã‚·ãƒ§ãƒ³ãƒã‚§ãƒƒã‚¯ã•ã‚Œã¦ã„ã‚‹ã‹[0m
  ã‚¢ã‚½ã‚·ã‚¨ãƒ¼ã‚·ãƒ§ãƒ³ã®ãƒ†ã‚¹ãƒˆ
    Bookãƒ¢ãƒ‡ãƒ«ã¨ã®é–¢ä¿‚
[32m      1:Nã¨ãªã£ã¦ã„ã‚‹[0m
    PostBookãƒ¢ãƒ‡ãƒ«ã¨ã®é–¢ä¿‚
[32m      1:Nã¨ãªã£ã¦ã„ã‚‹[0m

PostBookãƒ¢ãƒ‡ãƒ«ã®ãƒ†ã‚¹ãƒˆ
  å®Ÿéš›ã«ä¿å­˜ã—ã¦ã¿ã‚‹
[32m    æœ‰åŠ¹ãªæŠ•ç¨¿ã®å ´åˆã¯ä¿å­˜ã•ã‚Œã‚‹ã‹[0m
  ãƒãƒªãƒ‡ãƒ¼ã‚·ãƒ§ãƒ³ã®ãƒ†ã‚¹ãƒˆ
    titleã‚«ãƒ©ãƒ 
[32m      ç©ºæ¬„ã®å ´åˆã«ãƒãƒªãƒ‡ãƒ¼ã‚·ãƒ§ãƒ³ãƒã‚§ãƒƒã‚¯ã•ã‚Œã¦ã„ã‚‹ã‹[0m
[32m      30æ–‡å­—ä»¥å†…ã§ã‚ã‚‹ã“ã¨: 31æ–‡å­—ã¯Ã—[0m
[32m      30æ–‡å­—ä»¥å†…ã§ã‚ã‚‹ã“ã¨: 30æ–‡å­—ã¯â—[0m
    contentã‚«ãƒ©ãƒ 
[32m      ç©ºæ¬„ã®å ´åˆã«ãƒãƒªãƒ‡ãƒ¼ã‚·ãƒ§ãƒ³ãƒã‚§ãƒƒã‚¯ã•ã‚Œã¦ã„ã‚‹ã‹[0m
[32m      1200æ–‡å­—ä»¥å†…ã§ã‚ã‚‹ã“ã¨: 1201æ–‡å­—ã¯Ã—[0m
[32m      1200æ–‡å­—ä»¥å†…ã§ã‚ã‚‹ã“ã¨: 1200æ–‡å­—ã¯â—[0m
    post_book_authorã‚«ãƒ©ãƒ 
[32m      ç©ºæ¬„ã®å ´åˆã«ãƒãƒªãƒ‡ãƒ¼ã‚·ãƒ§ãƒ³ãƒã‚§ãƒƒã‚¯ã•ã‚Œã¦ã„ã‚‹ã‹[0m
[32m      30æ–‡å­—ä»¥å†…ã§ã‚ã‚‹ã“ã¨: 31æ–‡å­—ã¯Ã—[0m
[32m      30æ–‡å­—ä»¥å†…ã§ã‚ã‚‹ã“ã¨: 30æ–‡å­—ã¯â—[0m
    post_book_titleã‚«ãƒ©ãƒ 
[32m      ç©ºæ¬„ã®å ´åˆã«ãƒãƒªãƒ‡ãƒ¼ã‚·ãƒ§ãƒ³ãƒã‚§ãƒƒã‚¯ã•ã‚Œã¦ã„ã‚‹ã‹[0m
[32m      30æ–‡å­—ä»¥å†…ã§ã‚ã‚‹ã“ã¨: 31æ–‡å­—ã¯Ã—[0m
[32m      30æ–‡å­—ä»¥å†…ã§ã‚ã‚‹ã“ã¨: 30æ–‡å­—ã¯â—[0m
  ã‚¢ã‚½ã‚·ã‚¨ãƒ¼ã‚·ãƒ§ãƒ³ã®ãƒ†ã‚¹ãƒˆ
    Userãƒ¢ãƒ‡ãƒ«ã¨ã®é–¢ä¿‚
[32m      N:1ã¨ãªã£ã¦ã„ã‚‹[0m
    Genreãƒ¢ãƒ‡ãƒ«ã¨ã®é–¢ä¿‚
[32m      N:1ã¨ãªã£ã¦ã„ã‚‹[0m
    Commentãƒ¢ãƒ‡ãƒ«ã¨ã®é–¢ä¿‚
[32m      1:Nã¨ãªã£ã¦ã„ã‚‹[0m
    Favoriteãƒ¢ãƒ‡ãƒ«ã¨ã®é–¢ä¿‚
[32m      1:Nã¨ãªã£ã¦ã„ã‚‹[0m
    Notificationãƒ¢ãƒ‡ãƒ«ã¨ã®é–¢ä¿‚
[32m      1:Nã¨ãªã£ã¦ã„ã‚‹[0m

Userãƒ¢ãƒ‡ãƒ«ã®ãƒ†ã‚¹ãƒˆ
  å®Ÿéš›ã«ä¿å­˜ã—ã¦ã¿ã‚‹
[32m    æœ‰åŠ¹ãªæŠ•ç¨¿ã®å ´åˆã¯ä¿å­˜ã•ã‚Œã‚‹ã‹[0m
  ãƒãƒªãƒ‡ãƒ¼ã‚·ãƒ§ãƒ³ã®ãƒ†ã‚¹ãƒˆ
    nicknameã‚«ãƒ©ãƒ 
[32m      ç©ºæ¬„ã®å ´åˆã«ãƒãƒªãƒ‡ãƒ¼ã‚·ãƒ§ãƒ³ãƒã‚§ãƒƒã‚¯ã•ã‚Œã¦ã„ã‚‹ã‹[0m
[32m      2æ–‡å­—ä»¥ä¸Šã§ã‚ã‚‹ã“ã¨: 1æ–‡å­—ã¯Ã—[0m
[32m      2æ–‡å­—ä»¥ä¸Šã§ã‚ã‚‹ã“ã¨: 2æ–‡å­—ã¯â—[0m
[32m      10æ–‡å­—ä»¥å†…ã§ã‚ã‚‹ã“ã¨: 11æ–‡å­—ã¯Ã—[0m
[32m      10æ–‡å­—ä»¥å†…ã§ã‚ã‚‹ã“ã¨: 10æ–‡å­—ã¯â—[0m
[32m      ä¸€æ„æ€§ã§ã‚ã‚‹ã“ã¨[0m
    è‡ªå·±ç´¹ä»‹ã‚«ãƒ©ãƒ 
[32m      400æ–‡å­—ä»¥å†…ã§ã‚ã‚‹ã“ã¨: 401æ–‡å­—ã¯Ã—[0m
[32m      400æ–‡å­—ä»¥å†…ã§ã‚ã‚‹ã“ã¨: 400æ–‡å­—ã¯â—[0m
  ã‚¢ã‚½ã‚·ã‚¨ãƒ¼ã‚·ãƒ§ãƒ³ã®ãƒ†ã‚¹ãƒˆ
    Bookãƒ¢ãƒ‡ãƒ«ã¨ã®é–¢ä¿‚
[32m      1:Nã¨ãªã£ã¦ã„ã‚‹[0m
    PostBookãƒ¢ãƒ‡ãƒ«ã¨ã®é–¢ä¿‚
[32m      1:Nã¨ãªã£ã¦ã„ã‚‹[0m
    Commentãƒ¢ãƒ‡ãƒ«ã¨ã®é–¢ä¿‚
[32m      1:Nã¨ãªã£ã¦ã„ã‚‹[0m
    Favoriteãƒ¢ãƒ‡ãƒ«ã¨ã®é–¢ä¿‚
[32m      1:Nã¨ãªã£ã¦ã„ã‚‹[0m

[STEP1] ãƒ¦ãƒ¼ã‚¶ãƒ¼ãƒ­ã‚°ã‚¤ãƒ³å‰ã®ãƒ†ã‚¹ãƒˆ
  ãƒˆãƒƒãƒ—ç”»é¢ã®ãƒ†ã‚¹ãƒˆ
    è¡¨ç¤ºå†…å®¹ã®ç¢ºèª
[31m      URLãŒæ­£ã—ã„ (FAILED - 1)[0m
[31m      ãƒ­ã‚´ã®ãƒªãƒ³ã‚¯ãŒè¡¨ç¤ºã•ã‚Œã¦ã„ã‚‹ã‹ (FAILED - 2)[0m
[31m      æ–°è¦ç™»éŒ²ã®ãƒªãƒ³ã‚¯ãŒè¡¨ç¤ºã•ã‚Œã¦ã„ã‚‹ã‹ (FAILED - 3)[0m
[31m      ãƒ­ã‚°ã‚¤ãƒ³ã®ãƒªãƒ³ã‚¯ãŒè¡¨ç¤ºã•ã‚Œã¦ã„ã‚‹ã‹ (FAILED - 4)[0m
[31m      BookShareã¨ã¯ï¼Ÿã®è¨˜è¼‰ãŒã‚ã‚‹ã‹ (FAILED - 5)[0m
[31m      BookShareã®ãƒ¡ãƒªãƒƒãƒˆã®è¨˜è¼‰ãŒã‚ã‚‹ã‹ (FAILED - 6)[0m
[31m      BookShareã®ä½¿ã„æ–¹ã®è¨˜è¼‰ãŒã‚ã‚‹ã‹ (FAILED - 7)[0m
    è¡¨ç¤ºã•ã‚Œã¦ã„ã‚‹ç”»åƒã®ç¢ºèª
[31m      ãƒ­ã‚´ç”»åƒãŒè¡¨ç¤ºã•ã‚Œã¦ã„ã‚‹ã‹ (FAILED - 8)[0m
[31m      èƒŒæ™¯ç”»åƒãŒè¡¨ç¤ºã•ã‚Œã¦ã„ã‚‹ã‹ (FAILED - 9)[0m
[31m      BookShareã®ãƒ¡ãƒªãƒƒãƒˆã®ç”»åƒãŒè¡¨ç¤ºã•ã‚Œã¦ã„ã‚‹ã‹ (FAILED - 10)[0m
[31m      BookShareã®ãƒ¡ãƒªãƒƒãƒˆã®ç”»åƒãŒè¡¨ç¤ºã•ã‚Œã¦ã„ã‚‹ã‹ (FAILED - 11)[0m
[31m      BookShareã®ãƒ¡ãƒªãƒƒãƒˆã®ç”»åƒãŒè¡¨ç¤ºã•ã‚Œã¦ã„ã‚‹ã‹ (FAILED - 12)[0m
[31m      BookShareã®ä½¿ã„æ–¹ã®ç”»åƒãŒè¡¨ç¤ºã•ã‚Œã¦ã„ã‚‹ã‹ (FAILED - 13)[0m
[31m      BookShareã®ä½¿ã„æ–¹ã®ç”»åƒãŒè¡¨ç¤ºã•ã‚Œã¦ã„ã‚‹ã‹ (FAILED - 14)[0m
[31m      BookShareã®ä½¿ã„æ–¹ã®ç”»åƒãŒè¡¨ç¤ºã•ã‚Œã¦ã„ã‚‹ã‹ (FAILED - 15)[0m
[31m      BookShareã®ä½¿ã„æ–¹ã®ç”»åƒãŒè¡¨ç¤ºã•ã‚Œã¦ã„ã‚‹ã‹ (FAILED - 16)[0m
  ãƒ˜ãƒƒãƒ€ãƒ¼ã®ãƒ†ã‚¹ãƒˆ: ãƒ­ã‚°ã‚¤ãƒ³ã—ã¦ã„ãªã„å ´åˆ
    è¡¨ç¤ºå†…å®¹ã®ç¢ºèª
[31m      ã‚¿ã‚¤ãƒˆãƒ«ãŒè¡¨ç¤ºã•ã‚Œã‚‹ã‹ (FAILED - 17)[0m
[31m      URLãŒæ­£ã—ã„ (FAILED - 18)[0m
[31m      ãƒ­ã‚´ã®ãƒªãƒ³ã‚¯ãŒè¡¨ç¤ºã•ã‚Œã¦ã„ã‚‹ã‹ (FAILED - 19)[0m
[31m      æ–°è¦ç™»éŒ²ã®ãƒªãƒ³ã‚¯ãŒè¡¨ç¤ºã•ã‚Œã¦ã„ã‚‹ã‹ (FAILED - 20)[0m
[31m      ãƒ­ã‚°ã‚¤ãƒ³ã®ãƒªãƒ³ã‚¯ãŒè¡¨ç¤ºã•ã‚Œã¦ã„ã‚‹ã‹ (FAILED - 21)[0m
    ãƒªãƒ³ã‚¯å†…å®¹ã‚’ç¢ºèª
[31m      æ–°è¦ç™»éŒ²ã‚’æŠ¼ã™ã¨ã€æ–°è¦ç™»éŒ²ç”»é¢ã«é·ç§»ã™ã‚‹ (FAILED - 22)[0m
[31m      ãƒ­ã‚°ã‚¤ãƒ³ã‚’æŠ¼ã™ã¨ã€ãƒ­ã‚°ã‚¤ãƒ³ç”»é¢ã«é·ç§»ã™ã‚‹ (FAILED - 23)[0m
  ãƒ¦ãƒ¼ã‚¶ãƒ¼æ–°è¦ç™»éŒ²ã®ãƒ†ã‚¹ãƒˆ
    è¡¨ç¤ºå†…å®¹ã®ç¢ºèª
[31m      URLãŒæ­£ã—ã„ (FAILED - 24)[0m
[31m      æ–°è¦ç™»éŒ²ã¨è¡¨ç¤ºã•ã‚Œã‚‹ (FAILED - 25)[0m
[31m      nicknameãƒ•ã‚©ãƒ¼ãƒ ãŒè¡¨ç¤ºã•ã‚Œã‚‹ (FAILED - 26)[0m
[31m      emailãƒ•ã‚©ãƒ¼ãƒ ãŒè¡¨ç¤ºã•ã‚Œã‚‹ (FAILED - 27)[0m
[31m      passwordãƒ•ã‚©ãƒ¼ãƒ ãŒè¡¨ç¤ºã•ã‚Œã‚‹ (FAILED - 28)[0m
[31m      password_confirmtaionãƒ•ã‚©ãƒ¼ãƒ ãŒè¡¨ç¤ºã•ã‚Œã‚‹ (FAILED - 29)[0m
[31m      æ–°è¦ç™»éŒ²ãƒœã‚¿ãƒ³ãŒè¡¨ç¤ºã•ã‚Œã‚‹ (FAILED - 30)[0m
    æ–°è¦ç™»éŒ²ã®ãƒ†ã‚¹ãƒˆ
[31m      æ­£ã—ãç™»éŒ²ã•ã‚Œã‚‹ (FAILED - 31)[0m
[31m      æ–°è¦ç™»éŒ²å¾Œã®ãƒªãƒ€ã‚¤ãƒ¬ã‚¯ãƒˆå…ˆãŒã€æ–°è¦ç™»éŒ²ã§ã§ããŸãƒ¦ãƒ¼ã‚¶ã®è©³ç´°ç”»é¢ã«ãªã£ã¦ã„ã‚‹ (FAILED - 32)[0m
  ãƒ¦ãƒ¼ã‚¶ãƒ¼ãƒ­ã‚°ã‚¤ãƒ³ã®ãƒ†ã‚¹ãƒˆ
    è¡¨ç¤ºå†…å®¹ã®ç¢ºèª
[31m      URLãŒæ­£ã—ã„ (FAILED - 33)[0m
[31m      ãƒ­ã‚°ã‚¤ãƒ³ã¨è¡¨ç¤ºã•ã‚Œã‚‹ (FAILED - 34)[0m
[31m      emailãƒ•ã‚©ãƒ¼ãƒ ãŒè¡¨ç¤ºã•ã‚Œã‚‹ (FAILED - 35)[0m
[31m      passwordãƒ•ã‚©ãƒ¼ãƒ ãŒè¡¨ç¤ºã•ã‚Œã‚‹ (FAILED - 36)[0m
[31m      ãƒ­ã‚°ã‚¤ãƒ³ãƒœã‚¿ãƒ³ãŒè¡¨ç¤ºã•ã‚Œã‚‹ (FAILED - 37)[0m
    ãƒ­ã‚°ã‚¤ãƒ³æˆåŠŸã®ãƒ†ã‚¹ãƒˆ
[31m      ãƒ­ã‚°ã‚¤ãƒ³å¾Œã®ãƒªãƒ€ã‚¤ãƒ¬ã‚¯ãƒˆå…ˆãŒã€ãƒ­ã‚°ã‚¤ãƒ³ã—ãŸãƒ¦ãƒ¼ã‚¶ã®è©³ç´°ç”»é¢ã«ãªã£ã¦ã„ã‚‹ (FAILED - 38)[0m
    ãƒ­ã‚°ã‚¤ãƒ³å¤±æ•—ã®ãƒ†ã‚¹ãƒˆ
[31m      ãƒ­ã‚°ã‚¤ãƒ³ã«å¤±æ•—ã—ã€ãƒ­ã‚°ã‚¤ãƒ³ç”»é¢ã«ãƒªãƒ€ã‚¤ãƒ¬ã‚¯ãƒˆã•ã‚Œã‚‹ (FAILED - 39)[0m
[31m      ã‚¨ãƒ©ãƒ¼ãƒ¡ãƒƒã‚»ãƒ¼ã‚¸ãŒè¡¨ç¤ºã•ã‚Œã¦ã„ã‚‹ (FAILED - 40)[0m
  ãƒ˜ãƒƒãƒ€ãƒ¼ã®ãƒ†ã‚¹ãƒˆ
    ãƒ˜ãƒƒãƒ€ãƒ¼ã®å†…å®¹ç¢ºèª
[31m      ã‚¿ã‚¤ãƒˆãƒ«ãŒè¡¨ç¤ºã•ã‚Œã‚‹ã‹ (FAILED - 41)[0m
[31m      ãƒã‚¤ãƒšãƒ¼ã‚¸ã®ãƒªãƒ³ã‚¯ãŒè¡¨ç¤ºã•ã‚Œã¦ã„ã‚‹ã‹ (FAILED - 42)[0m
[31m      æ–°è¦æŠ•ç¨¿ã®ãƒªãƒ³ã‚¯ãŒè¡¨ç¤ºã•ã‚Œã¦ã„ã‚‹ã‹ (FAILED - 43)[0m
[31m      æŠ•ç¨¿ä¸€è¦§ã®ãƒªãƒ³ã‚¯ãŒè¡¨ç¤ºã•ã‚Œã¦ã„ã‚‹ã‹ (FAILED - 44)[0m
[31m      èª­æ›¸è¨˜éŒ²ã®ãƒªãƒ³ã‚¯ãŒè¡¨ç¤ºã•ã‚Œã¦ã„ã‚‹ã‹ (FAILED - 45)[0m
[31m      èª­æ›¸ä¸€è¦§ã®ãƒªãƒ³ã‚¯ãŒè¡¨ç¤ºã•ã‚Œã¦ã„ã‚‹ã‹ (FAILED - 46)[0m
[31m      ãƒ­ã‚°ã‚¢ã‚¦ãƒˆã®ãƒªãƒ³ã‚¯ãŒè¡¨ç¤ºã•ã‚Œã¦ã„ã‚‹ã‹ (FAILED - 47)[0m
    ãƒªãƒ³ã‚¯å†…å®¹ã‚’ç¢ºèª
[31m      ãƒã‚¤ãƒšãƒ¼ã‚¸ã‚’æŠ¼ã™ã¨ã€ãƒã‚¤ãƒšãƒ¼ã‚¸ç”»é¢ã«é·ç§»ã™ã‚‹ (FAILED - 48)[0m
[31m      æ–°è¦æŠ•ç¨¿ã‚’æŠ¼ã™ã¨ã€æ–°è¦æŠ•ç¨¿ç”»é¢ã«é·ç§»ã™ã‚‹ (FAILED - 49)[0m
[31m      æŠ•ç¨¿ä¸€è¦§ã‚’æŠ¼ã™ã¨ã€æŠ•ç¨¿ä¸€è¦§ç”»é¢ã«é·ç§»ã™ã‚‹ (FAILED - 50)[0m
[31m      èª­æ›¸è¨˜éŒ²ã‚’æŠ¼ã™ã¨ã€èª­æ›¸è¨˜éŒ²ç™»éŒ²ç”»é¢ã«é·ç§»ã™ã‚‹ (FAILED - 51)[0m
[31m      èª­æ›¸ä¸€è¦§ã‚’æŠ¼ã™ã¨ã€èª­æ›¸ä¸€è¦§ç”»é¢ã«é·ç§»ã™ã‚‹ (FAILED - 52)[0m
[31m      ãƒ­ã‚°ã‚¢ã‚¦ãƒˆã‚’æŠ¼ã™ã¨ã€ãƒˆãƒƒãƒ—ãƒšãƒ¼ã‚¸ã«é·ç§»ã™ã‚‹ (FAILED - 53)[0m

Failures:

  1) [STEP1] ãƒ¦ãƒ¼ã‚¶ãƒ¼ãƒ­ã‚°ã‚¤ãƒ³å‰ã®ãƒ†ã‚¹ãƒˆ ãƒˆãƒƒãƒ—ç”»é¢ã®ãƒ†ã‚¹ãƒˆ è¡¨ç¤ºå†…å®¹ã®ç¢ºèª URLãŒæ­£ã—ã„
     [31mGot 0 failures and 2 other errors:[0m

     1.1) [31mFailure/Error: [0mvisit root_path[0m
          [31m[0m
          [31mLoadError:[0m
          [31m  Capybara's selenium driver is unable to load `selenium-webdriver`, please install the gem and add `gem 'selenium-webdriver'` to your Gemfile if you are using bundler.[0m
          [36m# /home/ec2-user/.rvm/gems/ruby-2.6.3/gems/capybara-3.35.3/lib/capybara/selenium/driver.rb:54:in `rescue in load_selenium'[0m
          [36m# /home/ec2-user/.rvm/gems/ruby-2.6.3/gems/capybara-3.35.3/lib/capybara/selenium/driver.rb:22:in `load_selenium'[0m
          [36m# /home/ec2-user/.rvm/gems/ruby-2.6.3/gems/capybara-3.35.3/lib/capybara/selenium/driver.rb:94:in `initialize'[0m
          [36m# /home/ec2-user/.rvm/gems/ruby-2.6.3/gems/capybara-3.35.3/lib/capybara/session.rb:104:in `driver'[0m
          [36m# /home/ec2-user/.rvm/gems/ruby-2.6.3/gems/capybara-3.35.3/lib/capybara/session.rb:90:in `initialize'[0m
          [36m# /home/ec2-user/.rvm/gems/ruby-2.6.3/gems/capybara-3.35.3/lib/capybara.rb:424:in `new'[0m
          [36m# /home/ec2-user/.rvm/gems/ruby-2.6.3/gems/capybara-3.35.3/lib/capybara.rb:424:in `block in session_pool'[0m
          [36m# /home/ec2-user/.rvm/gems/ruby-2.6.3/gems/capybara-3.35.3/lib/capybara.rb:315:in `current_session'[0m
          [36m# /home/ec2-user/.rvm/gems/ruby-2.6.3/gems/capybara-3.35.3/lib/capybara/dsl.rb:46:in `page'[0m
          [36m# /home/ec2-user/.rvm/gems/ruby-2.6.3/gems/capybara-3.35.3/lib/capybara/dsl.rb:58:in `block (2 levels) in <module:DSL>'[0m
          [36m# ./spec/system/01_before_login_spec.rb:8:in `block (3 levels) in <main>'[0m
          [36m# ------------------[0m
          [36m# --- Caused by: ---[0m
          [36m# LoadError:[0m
          [36m#   cannot load such file -- selenium-webdriver[0m
          [36m#   /home/ec2-user/.rvm/gems/ruby-2.6.3/gems/bootsnap-1.7.2/lib/bootsnap/load_path_cache/core_ext/kernel_require.rb:34:in `require'[0m

     1.2) [31mFailure/Error: [0mraise [1;34;4mLoadError[0m, [31m[1;31m"[0m[31mCapybara's selenium driver is unable to load `selenium-webdriver`, please install the gem and add `gem 'selenium-webdriver'` to your Gemfile if you are using bundler.[1;31m"[0m[31m[0m[0m
          [31m[0m
          [31mLoadError:[0m
          [31m  Capybara's selenium driver is unable to load `selenium-webdriver`, please install the gem and add `gem 'selenium-webdriver'` to your Gemfile if you are using bundler.[0m
          [36m# /home/ec2-user/.rvm/gems/ruby-2.6.3/gems/capybara-3.35.3/lib/capybara/selenium/driver.rb:54:in `rescue in load_selenium'[0m
          [36m# /home/ec2-user/.rvm/gems/ruby-2.6.3/gems/capybara-3.35.3/lib/capybara/selenium/driver.rb:22:in `load_selenium'[0m
          [36m# /home/ec2-user/.rvm/gems/ruby-2.6.3/gems/capybara-3.35.3/lib/capybara/selenium/driver.rb:94:in `initialize'[0m
          [36m# /home/ec2-user/.rvm/gems/ruby-2.6.3/gems/capybara-3.35.3/lib/capybara/session.rb:104:in `driver'[0m
          [36m# /home/ec2-user/.rvm/gems/ruby-2.6.3/gems/capybara-3.35.3/lib/capybara/session.rb:90:in `initialize'[0m
          [36m# /home/ec2-user/.rvm/gems/ruby-2.6.3/gems/capybara-3.35.3/lib/capybara.rb:424:in `new'[0m
          [36m# /home/ec2-user/.rvm/gems/ruby-2.6.3/gems/capybara-3.35.3/lib/capybara.rb:424:in `block in session_pool'[0m
          [36m# /home/ec2-user/.rvm/gems/ruby-2.6.3/gems/capybara-3.35.3/lib/capybara.rb:315:in `current_session'[0m
          [36m# /home/ec2-user/.rvm/gems/ruby-2.6.3/gems/capybara-3.35.3/lib/capybara/dsl.rb:46:in `page'[0m
          [36m# ------------------[0m
          [36m# --- Caused by: ---[0m
          [36m# LoadError:[0m
          [36m#   cannot load such file -- selenium-webdriver[0m
          [36m#   /home/ec2-user/.rvm/gems/ruby-2.6.3/gems/bootsnap-1.7.2/lib/bootsnap/load_path_cache/core_ext/kernel_require.rb:34:in `require'[0m

  2) [STEP1] ãƒ¦ãƒ¼ã‚¶ãƒ¼ãƒ­ã‚°ã‚¤ãƒ³å‰ã®ãƒ†ã‚¹ãƒˆ ãƒˆãƒƒãƒ—ç”»é¢ã®ãƒ†ã‚¹ãƒˆ è¡¨ç¤ºå†…å®¹ã®ç¢ºèª ãƒ­ã‚´ã®ãƒªãƒ³ã‚¯ãŒè¡¨ç¤ºã•ã‚Œã¦ã„ã‚‹ã‹
     [31mGot 0 failures and 2 other errors:[0m

     2.1) [31mFailure/Error: [0mvisit root_path[0m
          [31m[0m
          [31mLoadError:[0m
          [31m  Capybara's selenium driver is unable to load `selenium-webdriver`, please install the gem and add `gem 'selenium-webdriver'` to your Gemfile if you are using bundler.[0m
          [36m# /home/ec2-user/.rvm/gems/ruby-2.6.3/gems/capybara-3.35.3/lib/capybara/selenium/driver.rb:54:in `rescue in load_selenium'[0m
          [36m# /home/ec2-user/.rvm/gems/ruby-2.6.3/gems/capybara-3.35.3/lib/capybara/selenium/driver.rb:22:in `load_selenium'[0m
          [36m# /home/ec2-user/.rvm/gems/ruby-2.6.3/gems/capybara-3.35.3/lib/capybara/selenium/driver.rb:94:in `initialize'[0m
          [36m# /home/ec2-user/.rvm/gems/ruby-2.6.3/gems/capybara-3.35.3/lib/capybara/session.rb:104:in `driver'[0m
          [36m# /home/ec2-user/.rvm/gems/ruby-2.6.3/gems/capybara-3.35.3/lib/capybara/session.rb:90:in `initialize'[0m
          [36m# /home/ec2-user/.rvm/gems/ruby-2.6.3/gems/capybara-3.35.3/lib/capybara.rb:424:in `new'[0m
          [36m# /home/ec2-user/.rvm/gems/ruby-2.6.3/gems/capybara-3.35.3/lib/capybara.rb:424:in `block in session_pool'[0m
          [36m# /home/ec2-user/.rvm/gems/ruby-2.6.3/gems/capybara-3.35.3/lib/capybara.rb:315:in `current_session'[0m
          [36m# /home/ec2-user/.rvm/gems/ruby-2.6.3/gems/capybara-3.35.3/lib/capybara/dsl.rb:46:in `page'[0m
          [36m# /home/ec2-user/.rvm/gems/ruby-2.6.3/gems/capybara-3.35.3/lib/capybara/dsl.rb:58:in `block (2 levels) in <module:DSL>'[0m
          [36m# ./spec/system/01_before_login_spec.rb:8:in `block (3 levels) in <main>'[0m
          [36m# ------------------[0m
          [36m# --- Caused by: ---[0m
          [36m# LoadError:[0m
          [36m#   cannot load such file -- selenium-webdriver[0m
          [36m#   /home/ec2-user/.rvm/gems/ruby-2.6.3/gems/bootsnap-1.7.2/lib/bootsnap/load_path_cache/core_ext/kernel_require.rb:34:in `require'[0m

     2.2) [31mFailure/Error: [0mraise [1;34;4mLoadError[0m, [31m[1;31m"[0m[31mCapybara's selenium driver is unable to load `selenium-webdriver`, please install the gem and add `gem 'selenium-webdriver'` to your Gemfile if you are using bundler.[1;31m"[0m[31m[0m[0m
          [31m[0m
          [31mLoadError:[0m
          [31m  Capybara's selenium driver is unable to load `selenium-webdriver`, please install the gem and add `gem 'selenium-webdriver'` to your Gemfile if you are using bundler.[0m
          [36m# /home/ec2-user/.rvm/gems/ruby-2.6.3/gems/capybara-3.35.3/lib/capybara/selenium/driver.rb:54:in `rescue in load_selenium'[0m
          [36m# /home/ec2-user/.rvm/gems/ruby-2.6.3/gems/capybara-3.35.3/lib/capybara/selenium/driver.rb:22:in `load_selenium'[0m
          [36m# /home/ec2-user/.rvm/gems/ruby-2.6.3/gems/capybara-3.35.3/lib/capybara/selenium/driver.rb:94:in `initialize'[0m
          [36m# /home/ec2-user/.rvm/gems/ruby-2.6.3/gems/capybara-3.35.3/lib/capybara/session.rb:104:in `driver'[0m
          [36m# /home/ec2-user/.rvm/gems/ruby-2.6.3/gems/capybara-3.35.3/lib/capybara/session.rb:90:in `initialize'[0m
          [36m# /home/ec2-user/.rvm/gems/ruby-2.6.3/gems/capybara-3.35.3/lib/capybara.rb:424:in `new'[0m
          [36m# /home/ec2-user/.rvm/gems/ruby-2.6.3/gems/capybara-3.35.3/lib/capybara.rb:424:in `block in session_pool'[0m
          [36m# /home/ec2-user/.rvm/gems/ruby-2.6.3/gems/capybara-3.35.3/lib/capybara.rb:315:in `current_session'[0m
          [36m# /home/ec2-user/.rvm/gems/ruby-2.6.3/gems/capybara-3.35.3/lib/capybara/dsl.rb:46:in `page'[0m
          [36m# ------------------[0m
          [36m# --- Caused by: ---[0m
          [36m# LoadError:[0m
          [36m#   cannot load such file -- selenium-webdriver[0m
          [36m#   /home/ec2-user/.rvm/gems/ruby-2.6.3/gems/bootsnap-1.7.2/lib/bootsnap/load_path_cache/core_ext/kernel_require.rb:34:in `require'[0m

  3) [STEP1] ãƒ¦ãƒ¼ã‚¶ãƒ¼ãƒ­ã‚°ã‚¤ãƒ³å‰ã®ãƒ†ã‚¹ãƒˆ ãƒˆãƒƒãƒ—ç”»é¢ã®ãƒ†ã‚¹ãƒˆ è¡¨ç¤ºå†…å®¹ã®ç¢ºèª æ–°è¦ç™»éŒ²ã®ãƒªãƒ³ã‚¯ãŒè¡¨ç¤ºã•ã‚Œã¦ã„ã‚‹ã‹
     [31mGot 0 failures and 2 other errors:[0m

     3.1) [31mFailure/Error: [0mvisit root_path[0m
          [31m[0m
          [31mLoadError:[0m
          [31m  Capybara's selenium driver is unable to load `selenium-webdriver`, please install the gem and add `gem 'selenium-webdriver'` to your Gemfile if you are using bundler.[0m
          [36m# /home/ec2-user/.rvm/gems/ruby-2.6.3/gems/capybara-3.35.3/lib/capybara/selenium/driver.rb:54:in `rescue in load_selenium'[0m
          [36m# /home/ec2-user/.rvm/gems/ruby-2.6.3/gems/capybara-3.35.3/lib/capybara/selenium/driver.rb:22:in `load_selenium'[0m
          [36m# /home/ec2-user/.rvm/gems/ruby-2.6.3/gems/capybara-3.35.3/lib/capybara/selenium/driver.rb:94:in `initialize'[0m
          [36m# /home/ec2-user/.rvm/gems/ruby-2.6.3/gems/capybara-3.35.3/lib/capybara/session.rb:104:in `driver'[0m
          [36m# /home/ec2-user/.rvm/gems/ruby-2.6.3/gems/capybara-3.35.3/lib/capybara/session.rb:90:in `initialize'[0m
          [36m# /home/ec2-user/.rvm/gems/ruby-2.6.3/gems/capybara-3.35.3/lib/capybara.rb:424:in `new'[0m
          [36m# /home/ec2-user/.rvm/gems/ruby-2.6.3/gems/capybara-3.35.3/lib/capybara.rb:424:in `block in session_pool'[0m
          [36m# /home/ec2-user/.rvm/gems/ruby-2.6.3/gems/capybara-3.35.3/lib/capybara.rb:315:in `current_session'[0m
          [36m# /home/ec2-user/.rvm/gems/ruby-2.6.3/gems/capybara-3.35.3/lib/capybara/dsl.rb:46:in `page'[0m
          [36m# /home/ec2-user/.rvm/gems/ruby-2.6.3/gems/capybara-3.35.3/lib/capybara/dsl.rb:58:in `block (2 levels) in <module:DSL>'[0m
          [36m# ./spec/system/01_before_login_spec.rb:8:in `block (3 levels) in <main>'[0m
          [36m# ------------------[0m
          [36m# --- Caused by: ---[0m
          [36m# LoadError:[0m
          [36m#   cannot load such file -- selenium-webdriver[0m
          [36m#   /home/ec2-user/.rvm/gems/ruby-2.6.3/gems/bootsnap-1.7.2/lib/bootsnap/load_path_cache/core_ext/kernel_require.rb:34:in `require'[0m

     3.2) [31mFailure/Error: [0mraise [1;34;4mLoadError[0m, [31m[1;31m"[0m[31mCapybara's selenium driver is unable to load `selenium-webdriver`, please install the gem and add `gem 'selenium-webdriver'` to your Gemfile if you are using bundler.[1;31m"[0m[31m[0m[0m
          [31m[0m
          [31mLoadError:[0m
          [31m  Capybara's selenium driver is unable to load `selenium-webdriver`, please install the gem and add `gem 'selenium-webdriver'` to your Gemfile if you are using bundler.[0m
          [36m# /home/ec2-user/.rvm/gems/ruby-2.6.3/gems/capybara-3.35.3/lib/capybara/selenium/driver.rb:54:in `rescue in load_selenium'[0m
          [36m# /home/ec2-user/.rvm/gems/ruby-2.6.3/gems/capybara-3.35.3/lib/capybara/selenium/driver.rb:22:in `load_selenium'[0m
          [36m# /home/ec2-user/.rvm/gems/ruby-2.6.3/gems/capybara-3.35.3/lib/capybara/selenium/driver.rb:94:in `initialize'[0m
          [36m# /home/ec2-user/.rvm/gems/ruby-2.6.3/gems/capybara-3.35.3/lib/capybara/session.rb:104:in `driver'[0m
          [36m# /home/ec2-user/.rvm/gems/ruby-2.6.3/gems/capybara-3.35.3/lib/capybara/session.rb:90:in `initialize'[0m
          [36m# /home/ec2-user/.rvm/gems/ruby-2.6.3/gems/capybara-3.35.3/lib/capybara.rb:424:in `new'[0m
          [36m# /home/ec2-user/.rvm/gems/ruby-2.6.3/gems/capybara-3.35.3/lib/capybara.rb:424:in `block in session_pool'[0m
          [36m# /home/ec2-user/.rvm/gems/ruby-2.6.3/gems/capybara-3.35.3/lib/capybara.rb:315:in `current_session'[0m
          [36m# /home/ec2-user/.rvm/gems/ruby-2.6.3/gems/capybara-3.35.3/lib/capybara/dsl.rb:46:in `page'[0m
          [36m# ------------------[0m
          [36m# --- Caused by: ---[0m
          [36m# LoadError:[0m
          [36m#   cannot load such file -- selenium-webdriver[0m
          [36m#   /home/ec2-user/.rvm/gems/ruby-2.6.3/gems/bootsnap-1.7.2/lib/bootsnap/load_path_cache/core_ext/kernel_require.rb:34:in `require'[0m

  4) [STEP1] ãƒ¦ãƒ¼ã‚¶ãƒ¼ãƒ­ã‚°ã‚¤ãƒ³å‰ã®ãƒ†ã‚¹ãƒˆ ãƒˆãƒƒãƒ—ç”»é¢ã®ãƒ†ã‚¹ãƒˆ è¡¨ç¤ºå†…å®¹ã®ç¢ºèª ãƒ­ã‚°ã‚¤ãƒ³ã®ãƒªãƒ³ã‚¯ãŒè¡¨ç¤ºã•ã‚Œã¦ã„ã‚‹ã‹
     [31mGot 0 failures and 2 other errors:[0m

     4.1) [31mFailure/Error: [0mvisit root_path[0m
          [31m[0m
          [31mLoadError:[0m
          [31m  Capybara's selenium driver is unable to load `selenium-webdriver`, please install the gem and add `gem 'selenium-webdriver'` to your Gemfile if you are using bundler.[0m
          [36m# /home/ec2-user/.rvm/gems/ruby-2.6.3/gems/capybara-3.35.3/lib/capybara/selenium/driver.rb:54:in `rescue in load_selenium'[0m
          [36m# /home/ec2-user/.rvm/gems/ruby-2.6.3/gems/capybara-3.35.3/lib/capybara/selenium/driver.rb:22:in `load_selenium'[0m
          [36m# /home/ec2-user/.rvm/gems/ruby-2.6.3/gems/capybara-3.35.3/lib/capybara/selenium/driver.rb:94:in `initialize'[0m
          [36m# /home/ec2-user/.rvm/gems/ruby-2.6.3/gems/capybara-3.35.3/lib/capybara/session.rb:104:in `driver'[0m
          [36m# /home/ec2-user/.rvm/gems/ruby-2.6.3/gems/capybara-3.35.3/lib/capybara/session.rb:90:in `initialize'[0m
          [36m# /home/ec2-user/.rvm/gems/ruby-2.6.3/gems/capybara-3.35.3/lib/capybara.rb:424:in `new'[0m
          [36m# /home/ec2-user/.rvm/gems/ruby-2.6.3/gems/capybara-3.35.3/lib/capybara.rb:424:in `block in session_pool'[0m
          [36m# /home/ec2-user/.rvm/gems/ruby-2.6.3/gems/capybara-3.35.3/lib/capybara.rb:315:in `current_session'[0m
          [36m# /home/ec2-user/.rvm/gems/ruby-2.6.3/gems/capybara-3.35.3/lib/capybara/dsl.rb:46:in `page'[0m
          [36m# /home/ec2-user/.rvm/gems/ruby-2.6.3/gems/capybara-3.35.3/lib/capybara/dsl.rb:58:in `block (2 levels) in <module:DSL>'[0m
          [36m# ./spec/system/01_before_login_spec.rb:8:in `block (3 levels) in <main>'[0m
          [36m# ------------------[0m
          [36m# --- Caused by: ---[0m
          [36m# LoadError:[0m
          [36m#   cannot load such file -- selenium-webdriver[0m
          [36m#   /home/ec2-user/.rvm/gems/ruby-2.6.3/gems/bootsnap-1.7.2/lib/bootsnap/load_path_cache/core_ext/kernel_require.rb:34:in `require'[0m

     4.2) [31mFailure/Error: [0mraise [1;34;4mLoadError[0m, [31m[1;31m"[0m[31mCapybara's selenium driver is unable to load `selenium-webdriver`, please install the gem and add `gem 'selenium-webdriver'` to your Gemfile if you are using bundler.[1;31m"[0m[31m[0m[0m
          [31m[0m
          [31mLoadError:[0m
          [31m  Capybara's selenium driver is unable to load `selenium-webdriver`, please install the gem and add `gem 'selenium-webdriver'` to your Gemfile if you are using bundler.[0m
          [36m# /home/ec2-user/.rvm/gems/ruby-2.6.3/gems/capybara-3.35.3/lib/capybara/selenium/driver.rb:54:in `rescue in load_selenium'[0m
          [36m# /home/ec2-user/.rvm/gems/ruby-2.6.3/gems/capybara-3.35.3/lib/capybara/selenium/driver.rb:22:in `load_selenium'[0m
          [36m# /home/ec2-user/.rvm/gems/ruby-2.6.3/gems/capybara-3.35.3/lib/capybara/selenium/driver.rb:94:in `initialize'[0m
          [36m# /home/ec2-user/.rvm/gems/ruby-2.6.3/gems/capybara-3.35.3/lib/capybara/session.rb:104:in `driver'[0m
          [36m# /home/ec2-user/.rvm/gems/ruby-2.6.3/gems/capybara-3.35.3/lib/capybara/session.rb:90:in `initialize'[0m
          [36m# /home/ec2-user/.rvm/gems/ruby-2.6.3/gems/capybara-3.35.3/lib/capybara.rb:424:in `new'[0m
          [36m# /home/ec2-user/.rvm/gems/ruby-2.6.3/gems/capybara-3.35.3/lib/capybara.rb:424:in `block in session_pool'[0m
          [36m# /home/ec2-user/.rvm/gems/ruby-2.6.3/gems/capybara-3.35.3/lib/capybara.rb:315:in `current_session'[0m
          [36m# /home/ec2-user/.rvm/gems/ruby-2.6.3/gems/capybara-3.35.3/lib/capybara/dsl.rb:46:in `page'[0m
          [36m# ------------------[0m
          [36m# --- Caused by: ---[0m
          [36m# LoadError:[0m
          [36m#   cannot load such file -- selenium-webdriver[0m
          [36m#   /home/ec2-user/.rvm/gems/ruby-2.6.3/gems/bootsnap-1.7.2/lib/bootsnap/load_path_cache/core_ext/kernel_require.rb:34:in `require'[0m

  5) [STEP1] ãƒ¦ãƒ¼ã‚¶ãƒ¼ãƒ­ã‚°ã‚¤ãƒ³å‰ã®ãƒ†ã‚¹ãƒˆ ãƒˆãƒƒãƒ—ç”»é¢ã®ãƒ†ã‚¹ãƒˆ è¡¨ç¤ºå†…å®¹ã®ç¢ºèª BookShareã¨ã¯ï¼Ÿã®è¨˜è¼‰ãŒã‚ã‚‹ã‹
     [31mGot 0 failures and 2 other errors:[0m

     5.1) [31mFailure/Error: [0mvisit root_path[0m
          [31m[0m
          [31mLoadError:[0m
          [31m  Capybara's selenium driver is unable to load `selenium-webdriver`, please install the gem and add `gem 'selenium-webdriver'` to your Gemfile if you are using bundler.[0m
          [36m# /home/ec2-user/.rvm/gems/ruby-2.6.3/gems/capybara-3.35.3/lib/capybara/selenium/driver.rb:54:in `rescue in load_selenium'[0m
          [36m# /home/ec2-user/.rvm/gems/ruby-2.6.3/gems/capybara-3.35.3/lib/capybara/selenium/driver.rb:22:in `load_selenium'[0m
          [36m# /home/ec2-user/.rvm/gems/ruby-2.6.3/gems/capybara-3.35.3/lib/capybara/selenium/driver.rb:94:in `initialize'[0m
          [36m# /home/ec2-user/.rvm/gems/ruby-2.6.3/gems/capybara-3.35.3/lib/capybara/session.rb:104:in `driver'[0m
          [36m# /home/ec2-user/.rvm/gems/ruby-2.6.3/gems/capybara-3.35.3/lib/capybara/session.rb:90:in `initialize'[0m
          [36m# /home/ec2-user/.rvm/gems/ruby-2.6.3/gems/capybara-3.35.3/lib/capybara.rb:424:in `new'[0m
          [36m# /home/ec2-user/.rvm/gems/ruby-2.6.3/gems/capybara-3.35.3/lib/capybara.rb:424:in `block in session_pool'[0m
          [36m# /home/ec2-user/.rvm/gems/ruby-2.6.3/gems/capybara-3.35.3/lib/capybara.rb:315:in `current_session'[0m
          [36m# /home/ec2-user/.rvm/gems/ruby-2.6.3/gems/capybara-3.35.3/lib/capybara/dsl.rb:46:in `page'[0m
          [36m# /home/ec2-user/.rvm/gems/ruby-2.6.3/gems/capybara-3.35.3/lib/capybara/dsl.rb:58:in `block (2 levels) in <module:DSL>'[0m
          [36m# ./spec/system/01_before_login_spec.rb:8:in `block (3 levels) in <main>'[0m
          [36m# ------------------[0m
          [36m# --- Caused by: ---[0m
          [36m# LoadError:[0m
          [36m#   cannot load such file -- selenium-webdriver[0m
          [36m#   /home/ec2-user/.rvm/gems/ruby-2.6.3/gems/bootsnap-1.7.2/lib/bootsnap/load_path_cache/core_ext/kernel_require.rb:34:in `require'[0m

     5.2) [31mFailure/Error: [0mraise [1;34;4mLoadError[0m, [31m[1;31m"[0m[31mCapybara's selenium driver is unable to load `selenium-webdriver`, please install the gem and add `gem 'selenium-webdriver'` to your Gemfile if you are using bundler.[1;31m"[0m[31m[0m[0m
          [31m[0m
          [31mLoadError:[0m
          [31m  Capybara's selenium driver is unable to load `selenium-webdriver`, please install the gem and add `gem 'selenium-webdriver'` to your Gemfile if you are using bundler.[0m
          [36m# /home/ec2-user/.rvm/gems/ruby-2.6.3/gems/capybara-3.35.3/lib/capybara/selenium/driver.rb:54:in `rescue in load_selenium'[0m
          [36m# /home/ec2-user/.rvm/gems/ruby-2.6.3/gems/capybara-3.35.3/lib/capybara/selenium/driver.rb:22:in `load_selenium'[0m
          [36m# /home/ec2-user/.rvm/gems/ruby-2.6.3/gems/capybara-3.35.3/lib/capybara/selenium/driver.rb:94:in `initialize'[0m
          [36m# /home/ec2-user/.rvm/gems/ruby-2.6.3/gems/capybara-3.35.3/lib/capybara/session.rb:104:in `driver'[0m
          [36m# /home/ec2-user/.rvm/gems/ruby-2.6.3/gems/capybara-3.35.3/lib/capybara/session.rb:90:in `initialize'[0m
          [36m# /home/ec2-user/.rvm/gems/ruby-2.6.3/gems/capybara-3.35.3/lib/capybara.rb:424:in `new'[0m
          [36m# /home/ec2-user/.rvm/gems/ruby-2.6.3/gems/capybara-3.35.3/lib/capybara.rb:424:in `block in session_pool'[0m
          [36m# /home/ec2-user/.rvm/gems/ruby-2.6.3/gems/capybara-3.35.3/lib/capybara.rb:315:in `current_session'[0m
          [36m# /home/ec2-user/.rvm/gems/ruby-2.6.3/gems/capybara-3.35.3/lib/capybara/dsl.rb:46:in `page'[0m
          [36m# ------------------[0m
          [36m# --- Caused by: ---[0m
          [36m# LoadError:[0m
          [36m#   cannot load such file -- selenium-webdriver[0m
          [36m#   /home/ec2-user/.rvm/gems/ruby-2.6.3/gems/bootsnap-1.7.2/lib/bootsnap/load_path_cache/core_ext/kernel_require.rb:34:in `require'[0m

  6) [STEP1] ãƒ¦ãƒ¼ã‚¶ãƒ¼ãƒ­ã‚°ã‚¤ãƒ³å‰ã®ãƒ†ã‚¹ãƒˆ ãƒˆãƒƒãƒ—ç”»é¢ã®ãƒ†ã‚¹ãƒˆ è¡¨ç¤ºå†…å®¹ã®ç¢ºèª BookShareã®ãƒ¡ãƒªãƒƒãƒˆã®è¨˜è¼‰ãŒã‚ã‚‹ã‹
     [31mGot 0 failures and 2 other errors:[0m

     6.1) [31mFailure/Error: [0mvisit root_path[0m
          [31m[0m
          [31mLoadError:[0m
          [31m  Capybara's selenium driver is unable to load `selenium-webdriver`, please install the gem and add `gem 'selenium-webdriver'` to your Gemfile if you are using bundler.[0m
          [36m# /home/ec2-user/.rvm/gems/ruby-2.6.3/gems/capybara-3.35.3/lib/capybara/selenium/driver.rb:54:in `rescue in load_selenium'[0m
          [36m# /home/ec2-user/.rvm/gems/ruby-2.6.3/gems/capybara-3.35.3/lib/capybara/selenium/driver.rb:22:in `load_selenium'[0m
          [36m# /home/ec2-user/.rvm/gems/ruby-2.6.3/gems/capybara-3.35.3/lib/capybara/selenium/driver.rb:94:in `initialize'[0m
          [36m# /home/ec2-user/.rvm/gems/ruby-2.6.3/gems/capybara-3.35.3/lib/capybara/session.rb:104:in `driver'[0m
          [36m# /home/ec2-user/.rvm/gems/ruby-2.6.3/gems/capybara-3.35.3/lib/capybara/session.rb:90:in `initialize'[0m
          [36m# /home/ec2-user/.rvm/gems/ruby-2.6.3/gems/capybara-3.35.3/lib/capybara.rb:424:in `new'[0m
          [36m# /home/ec2-user/.rvm/gems/ruby-2.6.3/gems/capybara-3.35.3/lib/capybara.rb:424:in `block in session_pool'[0m
          [36m# /home/ec2-user/.rvm/gems/ruby-2.6.3/gems/capybara-3.35.3/lib/capybara.rb:315:in `current_session'[0m
          [36m# /home/ec2-user/.rvm/gems/ruby-2.6.3/gems/capybara-3.35.3/lib/capybara/dsl.rb:46:in `page'[0m
          [36m# /home/ec2-user/.rvm/gems/ruby-2.6.3/gems/capybara-3.35.3/lib/capybara/dsl.rb:58:in `block (2 levels) in <module:DSL>'[0m
          [36m# ./spec/system/01_before_login_spec.rb:8:in `block (3 levels) in <main>'[0m
          [36m# ------------------[0m
          [36m# --- Caused by: ---[0m
          [36m# LoadError:[0m
          [36m#   cannot load such file -- selenium-webdriver[0m
          [36m#   /home/ec2-user/.rvm/gems/ruby-2.6.3/gems/bootsnap-1.7.2/lib/bootsnap/load_path_cache/core_ext/kernel_require.rb:34:in `require'[0m

     6.2) [31mFailure/Error: [0mraise [1;34;4mLoadError[0m, [31m[1;31m"[0m[31mCapybara's selenium driver is unable to load `selenium-webdriver`, please install the gem and add `gem 'selenium-webdriver'` to your Gemfile if you are using bundler.[1;31m"[0m[31m[0m[0m
          [31m[0m
          [31mLoadError:[0m
          [31m  Capybara's selenium driver is unable to load `selenium-webdriver`, please install the gem and add `gem 'selenium-webdriver'` to your Gemfile if you are using bundler.[0m
          [36m# /home/ec2-user/.rvm/gems/ruby-2.6.3/gems/capybara-3.35.3/lib/capybara/selenium/driver.rb:54:in `rescue in load_selenium'[0m
          [36m# /home/ec2-user/.rvm/gems/ruby-2.6.3/gems/capybara-3.35.3/lib/capybara/selenium/driver.rb:22:in `load_selenium'[0m
          [36m# /home/ec2-user/.rvm/gems/ruby-2.6.3/gems/capybara-3.35.3/lib/capybara/selenium/driver.rb:94:in `initialize'[0m
          [36m# /home/ec2-user/.rvm/gems/ruby-2.6.3/gems/capybara-3.35.3/lib/capybara/session.rb:104:in `driver'[0m
          [36m# /home/ec2-user/.rvm/gems/ruby-2.6.3/gems/capybara-3.35.3/lib/capybara/session.rb:90:in `initialize'[0m
          [36m# /home/ec2-user/.rvm/gems/ruby-2.6.3/gems/capybara-3.35.3/lib/capybara.rb:424:in `new'[0m
          [36m# /home/ec2-user/.rvm/gems/ruby-2.6.3/gems/capybara-3.35.3/lib/capybara.rb:424:in `block in session_pool'[0m
          [36m# /home/ec2-user/.rvm/gems/ruby-2.6.3/gems/capybara-3.35.3/lib/capybara.rb:315:in `current_session'[0m
          [36m# /home/ec2-user/.rvm/gems/ruby-2.6.3/gems/capybara-3.35.3/lib/capybara/dsl.rb:46:in `page'[0m
          [36m# ------------------[0m
          [36m# --- Caused by: ---[0m
          [36m# LoadError:[0m
          [36m#   cannot load such file -- selenium-webdriver[0m
          [36m#   /home/ec2-user/.rvm/gems/ruby-2.6.3/gems/bootsnap-1.7.2/lib/bootsnap/load_path_cache/core_ext/kernel_require.rb:34:in `require'[0m

  7) [STEP1] ãƒ¦ãƒ¼ã‚¶ãƒ¼ãƒ­ã‚°ã‚¤ãƒ³å‰ã®ãƒ†ã‚¹ãƒˆ ãƒˆãƒƒãƒ—ç”»é¢ã®ãƒ†ã‚¹ãƒˆ è¡¨ç¤ºå†…å®¹ã®ç¢ºèª BookShareã®ä½¿ã„æ–¹ã®è¨˜è¼‰ãŒã‚ã‚‹ã‹
     [31mGot 0 failures and 2 other errors:[0m

     7.1) [31mFailure/Error: [0mvisit root_path[0m
          [31m[0m
          [31mLoadError:[0m
          [31m  Capybara's selenium driver is unable to load `selenium-webdriver`, please install the gem and add `gem 'selenium-webdriver'` to your Gemfile if you are using bundler.[0m
          [36m# /home/ec2-user/.rvm/gems/ruby-2.6.3/gems/capybara-3.35.3/lib/capybara/selenium/driver.rb:54:in `rescue in load_selenium'[0m
          [36m# /home/ec2-user/.rvm/gems/ruby-2.6.3/gems/capybara-3.35.3/lib/capybara/selenium/driver.rb:22:in `load_selenium'[0m
          [36m# /home/ec2-user/.rvm/gems/ruby-2.6.3/gems/capybara-3.35.3/lib/capybara/selenium/driver.rb:94:in `initialize'[0m
          [36m# /home/ec2-user/.rvm/gems/ruby-2.6.3/gems/capybara-3.35.3/lib/capybara/session.rb:104:in `driver'[0m
          [36m# /home/ec2-user/.rvm/gems/ruby-2.6.3/gems/capybara-3.35.3/lib/capybara/session.rb:90:in `initialize'[0m
          [36m# /home/ec2-user/.rvm/gems/ruby-2.6.3/gems/capybara-3.35.3/lib/capybara.rb:424:in `new'[0m
          [36m# /home/ec2-user/.rvm/gems/ruby-2.6.3/gems/capybara-3.35.3/lib/capybara.rb:424:in `block in session_pool'[0m
          [36m# /home/ec2-user/.rvm/gems/ruby-2.6.3/gems/capybara-3.35.3/lib/capybara.rb:315:in `current_session'[0m
          [36m# /home/ec2-user/.rvm/gems/ruby-2.6.3/gems/capybara-3.35.3/lib/capybara/dsl.rb:46:in `page'[0m
          [36m# /home/ec2-user/.rvm/gems/ruby-2.6.3/gems/capybara-3.35.3/lib/capybara/dsl.rb:58:in `block (2 levels) in <module:DSL>'[0m
          [36m# ./spec/system/01_before_login_spec.rb:8:in `block (3 levels) in <main>'[0m
          [36m# ------------------[0m
          [36m# --- Caused by: ---[0m
          [36m# LoadError:[0m
          [36m#   cannot load such file -- selenium-webdriver[0m
          [36m#   /home/ec2-user/.rvm/gems/ruby-2.6.3/gems/bootsnap-1.7.2/lib/bootsnap/load_path_cache/core_ext/kernel_require.rb:34:in `require'[0m

     7.2) [31mFailure/Error: [0mraise [1;34;4mLoadError[0m, [31m[1;31m"[0m[31mCapybara's selenium driver is unable to load `selenium-webdriver`, please install the gem and add `gem 'selenium-webdriver'` to your Gemfile if you are using bundler.[1;31m"[0m[31m[0m[0m
          [31m[0m
          [31mLoadError:[0m
          [31m  Capybara's selenium driver is unable to load `selenium-webdriver`, please install the gem and add `gem 'selenium-webdriver'` to your Gemfile if you are using bundler.[0m
          [36m# /home/ec2-user/.rvm/gems/ruby-2.6.3/gems/capybara-3.35.3/lib/capybara/selenium/driver.rb:54:in `rescue in load_selenium'[0m
          [36m# /home/ec2-user/.rvm/gems/ruby-2.6.3/gems/capybara-3.35.3/lib/capybara/selenium/driver.rb:22:in `load_selenium'[0m
          [36m# /home/ec2-user/.rvm/gems/ruby-2.6.3/gems/capybara-3.35.3/lib/capybara/selenium/driver.rb:94:in `initialize'[0m
          [36m# /home/ec2-user/.rvm/gems/ruby-2.6.3/gems/capybara-3.35.3/lib/capybara/session.rb:104:in `driver'[0m
          [36m# /home/ec2-user/.rvm/gems/ruby-2.6.3/gems/capybara-3.35.3/lib/capybara/session.rb:90:in `initialize'[0m
          [36m# /home/ec2-user/.rvm/gems/ruby-2.6.3/gems/capybara-3.35.3/lib/capybara.rb:424:in `new'[0m
          [36m# /home/ec2-user/.rvm/gems/ruby-2.6.3/gems/capybara-3.35.3/lib/capybara.rb:424:in `block in session_pool'[0m
          [36m# /home/ec2-user/.rvm/gems/ruby-2.6.3/gems/capybara-3.35.3/lib/capybara.rb:315:in `current_session'[0m
          [36m# /home/ec2-user/.rvm/gems/ruby-2.6.3/gems/capybara-3.35.3/lib/capybara/dsl.rb:46:in `page'[0m
          [36m# ------------------[0m
          [36m# --- Caused by: ---[0m
          [36m# LoadError:[0m
          [36m#   cannot load such file -- selenium-webdriver[0m
          [36m#   /home/ec2-user/.rvm/gems/ruby-2.6.3/gems/bootsnap-1.7.2/lib/bootsnap/load_path_cache/core_ext/kernel_require.rb:34:in `require'[0m

  8) [STEP1] ãƒ¦ãƒ¼ã‚¶ãƒ¼ãƒ­ã‚°ã‚¤ãƒ³å‰ã®ãƒ†ã‚¹ãƒˆ ãƒˆãƒƒãƒ—ç”»é¢ã®ãƒ†ã‚¹ãƒˆ è¡¨ç¤ºã•ã‚Œã¦ã„ã‚‹ç”»åƒã®ç¢ºèª ãƒ­ã‚´ç”»åƒãŒè¡¨ç¤ºã•ã‚Œã¦ã„ã‚‹ã‹
     [31mGot 0 failures and 2 other errors:[0m

     8.1) [31mFailure/Error: [0mvisit root_path[0m
          [31m[0m
          [31mLoadError:[0m
          [31m  Capybara's selenium driver is unable to load `selenium-webdriver`, please install the gem and add `gem 'selenium-webdriver'` to your Gemfile if you are using bundler.[0m
          [36m# /home/ec2-user/.rvm/gems/ruby-2.6.3/gems/capybara-3.35.3/lib/capybara/selenium/driver.rb:54:in `rescue in load_selenium'[0m
          [36m# /home/ec2-user/.rvm/gems/ruby-2.6.3/gems/capybara-3.35.3/lib/capybara/selenium/driver.rb:22:in `load_selenium'[0m
          [36m# /home/ec2-user/.rvm/gems/ruby-2.6.3/gems/capybara-3.35.3/lib/capybara/selenium/driver.rb:94:in `initialize'[0m
          [36m# /home/ec2-user/.rvm/gems/ruby-2.6.3/gems/capybara-3.35.3/lib/capybara/session.rb:104:in `driver'[0m
          [36m# /home/ec2-user/.rvm/gems/ruby-2.6.3/gems/capybara-3.35.3/lib/capybara/session.rb:90:in `initialize'[0m
          [36m# /home/ec2-user/.rvm/gems/ruby-2.6.3/gems/capybara-3.35.3/lib/capybara.rb:424:in `new'[0m
          [36m# /home/ec2-user/.rvm/gems/ruby-2.6.3/gems/capybara-3.35.3/lib/capybara.rb:424:in `block in session_pool'[0m
          [36m# /home/ec2-user/.rvm/gems/ruby-2.6.3/gems/capybara-3.35.3/lib/capybara.rb:315:in `current_session'[0m
          [36m# /home/ec2-user/.rvm/gems/ruby-2.6.3/gems/capybara-3.35.3/lib/capybara/dsl.rb:46:in `page'[0m
          [36m# /home/ec2-user/.rvm/gems/ruby-2.6.3/gems/capybara-3.35.3/lib/capybara/dsl.rb:58:in `block (2 levels) in <module:DSL>'[0m
          [36m# ./spec/system/01_before_login_spec.rb:8:in `block (3 levels) in <main>'[0m
          [36m# ------------------[0m
          [36m# --- Caused by: ---[0m
          [36m# LoadError:[0m
          [36m#   cannot load such file -- selenium-webdriver[0m
          [36m#   /home/ec2-user/.rvm/gems/ruby-2.6.3/gems/bootsnap-1.7.2/lib/bootsnap/load_path_cache/core_ext/kernel_require.rb:34:in `require'[0m

     8.2) [31mFailure/Error: [0mraise [1;34;4mLoadError[0m, [31m[1;31m"[0m[31mCapybara's selenium driver is unable to load `selenium-webdriver`, please install the gem and add `gem 'selenium-webdriver'` to your Gemfile if you are using bundler.[1;31m"[0m[31m[0m[0m
          [31m[0m
          [31mLoadError:[0m
          [31m  Capybara's selenium driver is unable to load `selenium-webdriver`, please install the gem and add `gem 'selenium-webdriver'` to your Gemfile if you are using bundler.[0m
          [36m# /home/ec2-user/.rvm/gems/ruby-2.6.3/gems/capybara-3.35.3/lib/capybara/selenium/driver.rb:54:in `rescue in load_selenium'[0m
          [36m# /home/ec2-user/.rvm/gems/ruby-2.6.3/gems/capybara-3.35.3/lib/capybara/selenium/driver.rb:22:in `load_selenium'[0m
          [36m# /home/ec2-user/.rvm/gems/ruby-2.6.3/gems/capybara-3.35.3/lib/capybara/selenium/driver.rb:94:in `initialize'[0m
          [36m# /home/ec2-user/.rvm/gems/ruby-2.6.3/gems/capybara-3.35.3/lib/capybara/session.rb:104:in `driver'[0m
          [36m# /home/ec2-user/.rvm/gems/ruby-2.6.3/gems/capybara-3.35.3/lib/capybara/session.rb:90:in `initialize'[0m
          [36m# /home/ec2-user/.rvm/gems/ruby-2.6.3/gems/capybara-3.35.3/lib/capybara.rb:424:in `new'[0m
          [36m# /home/ec2-user/.rvm/gems/ruby-2.6.3/gems/capybara-3.35.3/lib/capybara.rb:424:in `block in session_pool'[0m
          [36m# /home/ec2-user/.rvm/gems/ruby-2.6.3/gems/capybara-3.35.3/lib/capybara.rb:315:in `current_session'[0m
          [36m# /home/ec2-user/.rvm/gems/ruby-2.6.3/gems/capybara-3.35.3/lib/capybara/dsl.rb:46:in `page'[0m
          [36m# ------------------[0m
          [36m# --- Caused by: ---[0m
          [36m# LoadError:[0m
          [36m#   cannot load such file -- selenium-webdriver[0m
          [36m#   /home/ec2-user/.rvm/gems/ruby-2.6.3/gems/bootsnap-1.7.2/lib/bootsnap/load_path_cache/core_ext/kernel_require.rb:34:in `require'[0m

  9) [STEP1] ãƒ¦ãƒ¼ã‚¶ãƒ¼ãƒ­ã‚°ã‚¤ãƒ³å‰ã®ãƒ†ã‚¹ãƒˆ ãƒˆãƒƒãƒ—ç”»é¢ã®ãƒ†ã‚¹ãƒˆ è¡¨ç¤ºã•ã‚Œã¦ã„ã‚‹ç”»åƒã®ç¢ºèª èƒŒæ™¯ç”»åƒãŒè¡¨ç¤ºã•ã‚Œã¦ã„ã‚‹ã‹
     [31mGot 0 failures and 2 other errors:[0m

     9.1) [31mFailure/Error: [0mvisit root_path[0m
          [31m[0m
          [31mLoadError:[0m
          [31m  Capybara's selenium driver is unable to load `selenium-webdriver`, please install the gem and add `gem 'selenium-webdriver'` to your Gemfile if you are using bundler.[0m
          [36m# /home/ec2-user/.rvm/gems/ruby-2.6.3/gems/capybara-3.35.3/lib/capybara/selenium/driver.rb:54:in `rescue in load_selenium'[0m
          [36m# /home/ec2-user/.rvm/gems/ruby-2.6.3/gems/capybara-3.35.3/lib/capybara/selenium/driver.rb:22:in `load_selenium'[0m
          [36m# /home/ec2-user/.rvm/gems/ruby-2.6.3/gems/capybara-3.35.3/lib/capybara/selenium/driver.rb:94:in `initialize'[0m
          [36m# /home/ec2-user/.rvm/gems/ruby-2.6.3/gems/capybara-3.35.3/lib/capybara/session.rb:104:in `driver'[0m
          [36m# /home/ec2-user/.rvm/gems/ruby-2.6.3/gems/capybara-3.35.3/lib/capybara/session.rb:90:in `initialize'[0m
          [36m# /home/ec2-user/.rvm/gems/ruby-2.6.3/gems/capybara-3.35.3/lib/capybara.rb:424:in `new'[0m
          [36m# /home/ec2-user/.rvm/gems/ruby-2.6.3/gems/capybara-3.35.3/lib/capybara.rb:424:in `block in session_pool'[0m
          [36m# /home/ec2-user/.rvm/gems/ruby-2.6.3/gems/capybara-3.35.3/lib/capybara.rb:315:in `current_session'[0m
          [36m# /home/ec2-user/.rvm/gems/ruby-2.6.3/gems/capybara-3.35.3/lib/capybara/dsl.rb:46:in `page'[0m
          [36m# /home/ec2-user/.rvm/gems/ruby-2.6.3/gems/capybara-3.35.3/lib/capybara/dsl.rb:58:in `block (2 levels) in <module:DSL>'[0m
          [36m# ./spec/system/01_before_login_spec.rb:8:in `block (3 levels) in <main>'[0m
          [36m# ------------------[0m
          [36m# --- Caused by: ---[0m
          [36m# LoadError:[0m
          [36m#   cannot load such file -- selenium-webdriver[0m
          [36m#   /home/ec2-user/.rvm/gems/ruby-2.6.3/gems/bootsnap-1.7.2/lib/bootsnap/load_path_cache/core_ext/kernel_require.rb:34:in `require'[0m

     9.2) [31mFailure/Error: [0mraise [1;34;4mLoadError[0m, [31m[1;31m"[0m[31mCapybara's selenium driver is unable to load `selenium-webdriver`, please install the gem and add `gem 'selenium-webdriver'` to your Gemfile if you are using bundler.[1;31m"[0m[31m[0m[0m
          [31m[0m
          [31mLoadError:[0m
          [31m  Capybara's selenium driver is unable to load `selenium-webdriver`, please install the gem and add `gem 'selenium-webdriver'` to your Gemfile if you are using bundler.[0m
          [36m# /home/ec2-user/.rvm/gems/ruby-2.6.3/gems/capybara-3.35.3/lib/capybara/selenium/driver.rb:54:in `rescue in load_selenium'[0m
          [36m# /home/ec2-user/.rvm/gems/ruby-2.6.3/gems/capybara-3.35.3/lib/capybara/selenium/driver.rb:22:in `load_selenium'[0m
          [36m# /home/ec2-user/.rvm/gems/ruby-2.6.3/gems/capybara-3.35.3/lib/capybara/selenium/driver.rb:94:in `initialize'[0m
          [36m# /home/ec2-user/.rvm/gems/ruby-2.6.3/gems/capybara-3.35.3/lib/capybara/session.rb:104:in `driver'[0m
          [36m# /home/ec2-user/.rvm/gems/ruby-2.6.3/gems/capybara-3.35.3/lib/capybara/session.rb:90:in `initialize'[0m
          [36m# /home/ec2-user/.rvm/gems/ruby-2.6.3/gems/capybara-3.35.3/lib/capybara.rb:424:in `new'[0m
          [36m# /home/ec2-user/.rvm/gems/ruby-2.6.3/gems/capybara-3.35.3/lib/capybara.rb:424:in `block in session_pool'[0m
          [36m# /home/ec2-user/.rvm/gems/ruby-2.6.3/gems/capybara-3.35.3/lib/capybara.rb:315:in `current_session'[0m
          [36m# /home/ec2-user/.rvm/gems/ruby-2.6.3/gems/capybara-3.35.3/lib/capybara/dsl.rb:46:in `page'[0m
          [36m# ------------------[0m
          [36m# --- Caused by: ---[0m
          [36m# LoadError:[0m
          [36m#   cannot load such file -- selenium-webdriver[0m
          [36m#   /home/ec2-user/.rvm/gems/ruby-2.6.3/gems/bootsnap-1.7.2/lib/bootsnap/load_path_cache/core_ext/kernel_require.rb:34:in `require'[0m

  10) [STEP1] ãƒ¦ãƒ¼ã‚¶ãƒ¼ãƒ­ã‚°ã‚¤ãƒ³å‰ã®ãƒ†ã‚¹ãƒˆ ãƒˆãƒƒãƒ—ç”»é¢ã®ãƒ†ã‚¹ãƒˆ è¡¨ç¤ºã•ã‚Œã¦ã„ã‚‹ç”»åƒã®ç¢ºèª BookShareã®ãƒ¡ãƒªãƒƒãƒˆã®ç”»åƒãŒè¡¨ç¤ºã•ã‚Œã¦ã„ã‚‹ã‹
      [31mGot 0 failures and 2 other errors:[0m

      10.1) [31mFailure/Error: [0mvisit root_path[0m
            [31m[0m
            [31mLoadError:[0m
            [31m  Capybara's selenium driver is unable to load `selenium-webdriver`, please install the gem and add `gem 'selenium-webdriver'` to your Gemfile if you are using bundler.[0m
            [36m# /home/ec2-user/.rvm/gems/ruby-2.6.3/gems/capybara-3.35.3/lib/capybara/selenium/driver.rb:54:in `rescue in load_selenium'[0m
            [36m# /home/ec2-user/.rvm/gems/ruby-2.6.3/gems/capybara-3.35.3/lib/capybara/selenium/driver.rb:22:in `load_selenium'[0m
            [36m# /home/ec2-user/.rvm/gems/ruby-2.6.3/gems/capybara-3.35.3/lib/capybara/selenium/driver.rb:94:in `initialize'[0m
            [36m# /home/ec2-user/.rvm/gems/ruby-2.6.3/gems/capybara-3.35.3/lib/capybara/session.rb:104:in `driver'[0m
            [36m# /home/ec2-user/.rvm/gems/ruby-2.6.3/gems/capybara-3.35.3/lib/capybara/session.rb:90:in `initialize'[0m
            [36m# /home/ec2-user/.rvm/gems/ruby-2.6.3/gems/capybara-3.35.3/lib/capybara.rb:424:in `new'[0m
            [36m# /home/ec2-user/.rvm/gems/ruby-2.6.3/gems/capybara-3.35.3/lib/capybara.rb:424:in `block in session_pool'[0m
            [36m# /home/ec2-user/.rvm/gems/ruby-2.6.3/gems/capybara-3.35.3/lib/capybara.rb:315:in `current_session'[0m
            [36m# /home/ec2-user/.rvm/gems/ruby-2.6.3/gems/capybara-3.35.3/lib/capybara/dsl.rb:46:in `page'[0m
            [36m# /home/ec2-user/.rvm/gems/ruby-2.6.3/gems/capybara-3.35.3/lib/capybara/dsl.rb:58:in `block (2 levels) in <module:DSL>'[0m
            [36m# ./spec/system/01_before_login_spec.rb:8:in `block (3 levels) in <main>'[0m
            [36m# ------------------[0m
            [36m# --- Caused by: ---[0m
            [36m# LoadError:[0m
            [36m#   cannot load such file -- selenium-webdriver[0m
            [36m#   /home/ec2-user/.rvm/gems/ruby-2.6.3/gems/bootsnap-1.7.2/lib/bootsnap/load_path_cache/core_ext/kernel_require.rb:34:in `require'[0m

      10.2) [31mFailure/Error: [0mraise [1;34;4mLoadError[0m, [31m[1;31m"[0m[31mCapybara's selenium driver is unable to load `selenium-webdriver`, please install the gem and add `gem 'selenium-webdriver'` to your Gemfile if you are using bundler.[1;31m"[0m[31m[0m[0m
            [31m[0m
            [31mLoadError:[0m
            [31m  Capybara's selenium driver is unable to load `selenium-webdriver`, please install the gem and add `gem 'selenium-webdriver'` to your Gemfile if you are using bundler.[0m
            [36m# /home/ec2-user/.rvm/gems/ruby-2.6.3/gems/capybara-3.35.3/lib/capybara/selenium/driver.rb:54:in `rescue in load_selenium'[0m
            [36m# /home/ec2-user/.rvm/gems/ruby-2.6.3/gems/capybara-3.35.3/lib/capybara/selenium/driver.rb:22:in `load_selenium'[0m
            [36m# /home/ec2-user/.rvm/gems/ruby-2.6.3/gems/capybara-3.35.3/lib/capybara/selenium/driver.rb:94:in `initialize'[0m
            [36m# /home/ec2-user/.rvm/gems/ruby-2.6.3/gems/capybara-3.35.3/lib/capybara/session.rb:104:in `driver'[0m
            [36m# /home/ec2-user/.rvm/gems/ruby-2.6.3/gems/capybara-3.35.3/lib/capybara/session.rb:90:in `initialize'[0m
            [36m# /home/ec2-user/.rvm/gems/ruby-2.6.3/gems/capybara-3.35.3/lib/capybara.rb:424:in `new'[0m
            [36m# /home/ec2-user/.rvm/gems/ruby-2.6.3/gems/capybara-3.35.3/lib/capybara.rb:424:in `block in session_pool'[0m
            [36m# /home/ec2-user/.rvm/gems/ruby-2.6.3/gems/capybara-3.35.3/lib/capybara.rb:315:in `current_session'[0m
            [36m# /home/ec2-user/.rvm/gems/ruby-2.6.3/gems/capybara-3.35.3/lib/capybara/dsl.rb:46:in `page'[0m
            [36m# ------------------[0m
            [36m# --- Caused by: ---[0m
            [36m# LoadError:[0m
            [36m#   cannot load such file -- selenium-webdriver[0m
            [36m#   /home/ec2-user/.rvm/gems/ruby-2.6.3/gems/bootsnap-1.7.2/lib/bootsnap/load_path_cache/core_ext/kernel_require.rb:34:in `require'[0m

  11) [STEP1] ãƒ¦ãƒ¼ã‚¶ãƒ¼ãƒ­ã‚°ã‚¤ãƒ³å‰ã®ãƒ†ã‚¹ãƒˆ ãƒˆãƒƒãƒ—ç”»é¢ã®ãƒ†ã‚¹ãƒˆ è¡¨ç¤ºã•ã‚Œã¦ã„ã‚‹ç”»åƒã®ç¢ºèª BookShareã®ãƒ¡ãƒªãƒƒãƒˆã®ç”»åƒãŒè¡¨ç¤ºã•ã‚Œã¦ã„ã‚‹ã‹
      [31mGot 0 failures and 2 other errors:[0m

      11.1) [31mFailure/Error: [0mvisit root_path[0m
            [31m[0m
            [31mLoadError:[0m
            [31m  Capybara's selenium driver is unable to load `selenium-webdriver`, please install the gem and add `gem 'selenium-webdriver'` to your Gemfile if you are using bundler.[0m
            [36m# /home/ec2-user/.rvm/gems/ruby-2.6.3/gems/capybara-3.35.3/lib/capybara/selenium/driver.rb:54:in `rescue in load_selenium'[0m
            [36m# /home/ec2-user/.rvm/gems/ruby-2.6.3/gems/capybara-3.35.3/lib/capybara/selenium/driver.rb:22:in `load_selenium'[0m
            [36m# /home/ec2-user/.rvm/gems/ruby-2.6.3/gems/capybara-3.35.3/lib/capybara/selenium/driver.rb:94:in `initialize'[0m
            [36m# /home/ec2-user/.rvm/gems/ruby-2.6.3/gems/capybara-3.35.3/lib/capybara/session.rb:104:in `driver'[0m
            [36m# /home/ec2-user/.rvm/gems/ruby-2.6.3/gems/capybara-3.35.3/lib/capybara/session.rb:90:in `initialize'[0m
            [36m# /home/ec2-user/.rvm/gems/ruby-2.6.3/gems/capybara-3.35.3/lib/capybara.rb:424:in `new'[0m
            [36m# /home/ec2-user/.rvm/gems/ruby-2.6.3/gems/capybara-3.35.3/lib/capybara.rb:424:in `block in session_pool'[0m
            [36m# /home/ec2-user/.rvm/gems/ruby-2.6.3/gems/capybara-3.35.3/lib/capybara.rb:315:in `current_session'[0m
            [36m# /home/ec2-user/.rvm/gems/ruby-2.6.3/gems/capybara-3.35.3/lib/capybara/dsl.rb:46:in `page'[0m
            [36m# /home/ec2-user/.rvm/gems/ruby-2.6.3/gems/capybara-3.35.3/lib/capybara/dsl.rb:58:in `block (2 levels) in <module:DSL>'[0m
            [36m# ./spec/system/01_before_login_spec.rb:8:in `block (3 levels) in <main>'[0m
            [36m# ------------------[0m
            [36m# --- Caused by: ---[0m
            [36m# LoadError:[0m
            [36m#   cannot load such file -- selenium-webdriver[0m
            [36m#   /home/ec2-user/.rvm/gems/ruby-2.6.3/gems/bootsnap-1.7.2/lib/bootsnap/load_path_cache/core_ext/kernel_require.rb:34:in `require'[0m

      11.2) [31mFailure/Error: [0mraise [1;34;4mLoadError[0m, [31m[1;31m"[0m[31mCapybara's selenium driver is unable to load `selenium-webdriver`, please install the gem and add `gem 'selenium-webdriver'` to your Gemfile if you are using bundler.[1;31m"[0m[31m[0m[0m
            [31m[0m
            [31mLoadError:[0m
            [31m  Capybara's selenium driver is unable to load `selenium-webdriver`, please install the gem and add `gem 'selenium-webdriver'` to your Gemfile if you are using bundler.[0m
            [36m# /home/ec2-user/.rvm/gems/ruby-2.6.3/gems/capybara-3.35.3/lib/capybara/selenium/driver.rb:54:in `rescue in load_selenium'[0m
            [36m# /home/ec2-user/.rvm/gems/ruby-2.6.3/gems/capybara-3.35.3/lib/capybara/selenium/driver.rb:22:in `load_selenium'[0m
            [36m# /home/ec2-user/.rvm/gems/ruby-2.6.3/gems/capybara-3.35.3/lib/capybara/selenium/driver.rb:94:in `initialize'[0m
            [36m# /home/ec2-user/.rvm/gems/ruby-2.6.3/gems/capybara-3.35.3/lib/capybara/session.rb:104:in `driver'[0m
            [36m# /home/ec2-user/.rvm/gems/ruby-2.6.3/gems/capybara-3.35.3/lib/capybara/session.rb:90:in `initialize'[0m
            [36m# /home/ec2-user/.rvm/gems/ruby-2.6.3/gems/capybara-3.35.3/lib/capybara.rb:424:in `new'[0m
            [36m# /home/ec2-user/.rvm/gems/ruby-2.6.3/gems/capybara-3.35.3/lib/capybara.rb:424:in `block in session_pool'[0m
            [36m# /home/ec2-user/.rvm/gems/ruby-2.6.3/gems/capybara-3.35.3/lib/capybara.rb:315:in `current_session'[0m
            [36m# /home/ec2-user/.rvm/gems/ruby-2.6.3/gems/capybara-3.35.3/lib/capybara/dsl.rb:46:in `page'[0m
            [36m# ------------------[0m
            [36m# --- Caused by: ---[0m
            [36m# LoadError:[0m
            [36m#   cannot load such file -- selenium-webdriver[0m
            [36m#   /home/ec2-user/.rvm/gems/ruby-2.6.3/gems/bootsnap-1.7.2/lib/bootsnap/load_path_cache/core_ext/kernel_require.rb:34:in `require'[0m

  12) [STEP1] ãƒ¦ãƒ¼ã‚¶ãƒ¼ãƒ­ã‚°ã‚¤ãƒ³å‰ã®ãƒ†ã‚¹ãƒˆ ãƒˆãƒƒãƒ—ç”»é¢ã®ãƒ†ã‚¹ãƒˆ è¡¨ç¤ºã•ã‚Œã¦ã„ã‚‹ç”»åƒã®ç¢ºèª BookShareã®ãƒ¡ãƒªãƒƒãƒˆã®ç”»åƒãŒè¡¨ç¤ºã•ã‚Œã¦ã„ã‚‹ã‹
      [31mGot 0 failures and 2 other errors:[0m

      12.1) [31mFailure/Error: [0mvisit root_path[0m
            [31m[0m
            [31mLoadError:[0m
            [31m  Capybara's selenium driver is unable to load `selenium-webdriver`, please install the gem and add `gem 'selenium-webdriver'` to your Gemfile if you are using bundler.[0m
            [36m# /home/ec2-user/.rvm/gems/ruby-2.6.3/gems/capybara-3.35.3/lib/capybara/selenium/driver.rb:54:in `rescue in load_selenium'[0m
            [36m# /home/ec2-user/.rvm/gems/ruby-2.6.3/gems/capybara-3.35.3/lib/capybara/selenium/driver.rb:22:in `load_selenium'[0m
            [36m# /home/ec2-user/.rvm/gems/ruby-2.6.3/gems/capybara-3.35.3/lib/capybara/selenium/driver.rb:94:in `initialize'[0m
            [36m# /home/ec2-user/.rvm/gems/ruby-2.6.3/gems/capybara-3.35.3/lib/capybara/session.rb:104:in `driver'[0m
            [36m# /home/ec2-user/.rvm/gems/ruby-2.6.3/gems/capybara-3.35.3/lib/capybara/session.rb:90:in `initialize'[0m
            [36m# /home/ec2-user/.rvm/gems/ruby-2.6.3/gems/capybara-3.35.3/lib/capybara.rb:424:in `new'[0m
            [36m# /home/ec2-user/.rvm/gems/ruby-2.6.3/gems/capybara-3.35.3/lib/capybara.rb:424:in `block in session_pool'[0m
            [36m# /home/ec2-user/.rvm/gems/ruby-2.6.3/gems/capybara-3.35.3/lib/capybara.rb:315:in `current_session'[0m
            [36m# /home/ec2-user/.rvm/gems/ruby-2.6.3/gems/capybara-3.35.3/lib/capybara/dsl.rb:46:in `page'[0m
            [36m# /home/ec2-user/.rvm/gems/ruby-2.6.3/gems/capybara-3.35.3/lib/capybara/dsl.rb:58:in `block (2 levels) in <module:DSL>'[0m
            [36m# ./spec/system/01_before_login_spec.rb:8:in `block (3 levels) in <main>'[0m
            [36m# ------------------[0m
            [36m# --- Caused by: ---[0m
            [36m# LoadError:[0m
            [36m#   cannot load such file -- selenium-webdriver[0m
            [36m#   /home/ec2-user/.rvm/gems/ruby-2.6.3/gems/bootsnap-1.7.2/lib/bootsnap/load_path_cache/core_ext/kernel_require.rb:34:in `require'[0m

      12.2) [31mFailure/Error: [0mraise [1;34;4mLoadError[0m, [31m[1;31m"[0m[31mCapybara's selenium driver is unable to load `selenium-webdriver`, please install the gem and add `gem 'selenium-webdriver'` to your Gemfile if you are using bundler.[1;31m"[0m[31m[0m[0m
            [31m[0m
            [31mLoadError:[0m
            [31m  Capybara's selenium driver is unable to load `selenium-webdriver`, please install the gem and add `gem 'selenium-webdriver'` to your Gemfile if you are using bundler.[0m
            [36m# /home/ec2-user/.rvm/gems/ruby-2.6.3/gems/capybara-3.35.3/lib/capybara/selenium/driver.rb:54:in `rescue in load_selenium'[0m
            [36m# /home/ec2-user/.rvm/gems/ruby-2.6.3/gems/capybara-3.35.3/lib/capybara/selenium/driver.rb:22:in `load_selenium'[0m
            [36m# /home/ec2-user/.rvm/gems/ruby-2.6.3/gems/capybara-3.35.3/lib/capybara/selenium/driver.rb:94:in `initialize'[0m
            [36m# /home/ec2-user/.rvm/gems/ruby-2.6.3/gems/capybara-3.35.3/lib/capybara/session.rb:104:in `driver'[0m
            [36m# /home/ec2-user/.rvm/gems/ruby-2.6.3/gems/capybara-3.35.3/lib/capybara/session.rb:90:in `initialize'[0m
            [36m# /home/ec2-user/.rvm/gems/ruby-2.6.3/gems/capybara-3.35.3/lib/capybara.rb:424:in `new'[0m
            [36m# /home/ec2-user/.rvm/gems/ruby-2.6.3/gems/capybara-3.35.3/lib/capybara.rb:424:in `block in session_pool'[0m
            [36m# /home/ec2-user/.rvm/gems/ruby-2.6.3/gems/capybara-3.35.3/lib/capybara.rb:315:in `current_session'[0m
            [36m# /home/ec2-user/.rvm/gems/ruby-2.6.3/gems/capybara-3.35.3/lib/capybara/dsl.rb:46:in `page'[0m
            [36m# ------------------[0m
            [36m# --- Caused by: ---[0m
            [36m# LoadError:[0m
            [36m#   cannot load such file -- selenium-webdriver[0m
            [36m#   /home/ec2-user/.rvm/gems/ruby-2.6.3/gems/bootsnap-1.7.2/lib/bootsnap/load_path_cache/core_ext/kernel_require.rb:34:in `require'[0m

  13) [STEP1] ãƒ¦ãƒ¼ã‚¶ãƒ¼ãƒ­ã‚°ã‚¤ãƒ³å‰ã®ãƒ†ã‚¹ãƒˆ ãƒˆãƒƒãƒ—ç”»é¢ã®ãƒ†ã‚¹ãƒˆ è¡¨ç¤ºã•ã‚Œã¦ã„ã‚‹ç”»åƒã®ç¢ºèª BookShareã®ä½¿ã„æ–¹ã®ç”»åƒãŒè¡¨ç¤ºã•ã‚Œã¦ã„ã‚‹ã‹
      [31mGot 0 failures and 2 other errors:[0m

      13.1) [31mFailure/Error: [0mvisit root_path[0m
            [31m[0m
            [31mLoadError:[0m
            [31m  Capybara's selenium driver is unable to load `selenium-webdriver`, please install the gem and add `gem 'selenium-webdriver'` to your Gemfile if you are using bundler.[0m
            [36m# /home/ec2-user/.rvm/gems/ruby-2.6.3/gems/capybara-3.35.3/lib/capybara/selenium/driver.rb:54:in `rescue in load_selenium'[0m
            [36m# /home/ec2-user/.rvm/gems/ruby-2.6.3/gems/capybara-3.35.3/lib/capybara/selenium/driver.rb:22:in `load_selenium'[0m
            [36m# /home/ec2-user/.rvm/gems/ruby-2.6.3/gems/capybara-3.35.3/lib/capybara/selenium/driver.rb:94:in `initialize'[0m
            [36m# /home/ec2-user/.rvm/gems/ruby-2.6.3/gems/capybara-3.35.3/lib/capybara/session.rb:104:in `driver'[0m
            [36m# /home/ec2-user/.rvm/gems/ruby-2.6.3/gems/capybara-3.35.3/lib/capybara/session.rb:90:in `initialize'[0m
            [36m# /home/ec2-user/.rvm/gems/ruby-2.6.3/gems/capybara-3.35.3/lib/capybara.rb:424:in `new'[0m
            [36m# /home/ec2-user/.rvm/gems/ruby-2.6.3/gems/capybara-3.35.3/lib/capybara.rb:424:in `block in session_pool'[0m
            [36m# /home/ec2-user/.rvm/gems/ruby-2.6.3/gems/capybara-3.35.3/lib/capybara.rb:315:in `current_session'[0m
            [36m# /home/ec2-user/.rvm/gems/ruby-2.6.3/gems/capybara-3.35.3/lib/capybara/dsl.rb:46:in `page'[0m
            [36m# /home/ec2-user/.rvm/gems/ruby-2.6.3/gems/capybara-3.35.3/lib/capybara/dsl.rb:58:in `block (2 levels) in <module:DSL>'[0m
            [36m# ./spec/system/01_before_login_spec.rb:8:in `block (3 levels) in <main>'[0m
            [36m# ------------------[0m
            [36m# --- Caused by: ---[0m
            [36m# LoadError:[0m
            [36m#   cannot load such file -- selenium-webdriver[0m
            [36m#   /home/ec2-user/.rvm/gems/ruby-2.6.3/gems/bootsnap-1.7.2/lib/bootsnap/load_path_cache/core_ext/kernel_require.rb:34:in `require'[0m

      13.2) [31mFailure/Error: [0mraise [1;34;4mLoadError[0m, [31m[1;31m"[0m[31mCapybara's selenium driver is unable to load `selenium-webdriver`, please install the gem and add `gem 'selenium-webdriver'` to your Gemfile if you are using bundler.[1;31m"[0m[31m[0m[0m
            [31m[0m
            [31mLoadError:[0m
            [31m  Capybara's selenium driver is unable to load `selenium-webdriver`, please install the gem and add `gem 'selenium-webdriver'` to your Gemfile if you are using bundler.[0m
            [36m# /home/ec2-user/.rvm/gems/ruby-2.6.3/gems/capybara-3.35.3/lib/capybara/selenium/driver.rb:54:in `rescue in load_selenium'[0m
            [36m# /home/ec2-user/.rvm/gems/ruby-2.6.3/gems/capybara-3.35.3/lib/capybara/selenium/driver.rb:22:in `load_selenium'[0m
            [36m# /home/ec2-user/.rvm/gems/ruby-2.6.3/gems/capybara-3.35.3/lib/capybara/selenium/driver.rb:94:in `initialize'[0m
            [36m# /home/ec2-user/.rvm/gems/ruby-2.6.3/gems/capybara-3.35.3/lib/capybara/session.rb:104:in `driver'[0m
            [36m# /home/ec2-user/.rvm/gems/ruby-2.6.3/gems/capybara-3.35.3/lib/capybara/session.rb:90:in `initialize'[0m
            [36m# /home/ec2-user/.rvm/gems/ruby-2.6.3/gems/capybara-3.35.3/lib/capybara.rb:424:in `new'[0m
            [36m# /home/ec2-user/.rvm/gems/ruby-2.6.3/gems/capybara-3.35.3/lib/capybara.rb:424:in `block in session_pool'[0m
            [36m# /home/ec2-user/.rvm/gems/ruby-2.6.3/gems/capybara-3.35.3/lib/capybara.rb:315:in `current_session'[0m
            [36m# /home/ec2-user/.rvm/gems/ruby-2.6.3/gems/capybara-3.35.3/lib/capybara/dsl.rb:46:in `page'[0m
            [36m# ------------------[0m
            [36m# --- Caused by: ---[0m
            [36m# LoadError:[0m
            [36m#   cannot load such file -- selenium-webdriver[0m
            [36m#   /home/ec2-user/.rvm/gems/ruby-2.6.3/gems/bootsnap-1.7.2/lib/bootsnap/load_path_cache/core_ext/kernel_require.rb:34:in `require'[0m

  14) [STEP1] ãƒ¦ãƒ¼ã‚¶ãƒ¼ãƒ­ã‚°ã‚¤ãƒ³å‰ã®ãƒ†ã‚¹ãƒˆ ãƒˆãƒƒãƒ—ç”»é¢ã®ãƒ†ã‚¹ãƒˆ è¡¨ç¤ºã•ã‚Œã¦ã„ã‚‹ç”»åƒã®ç¢ºèª BookShareã®ä½¿ã„æ–¹ã®ç”»åƒãŒè¡¨ç¤ºã•ã‚Œã¦ã„ã‚‹ã‹
      [31mGot 0 failures and 2 other errors:[0m

      14.1) [31mFailure/Error: [0mvisit root_path[0m
            [31m[0m
            [31mLoadError:[0m
            [31m  Capybara's selenium driver is unable to load `selenium-webdriver`, please install the gem and add `gem 'selenium-webdriver'` to your Gemfile if you are using bundler.[0m
            [36m# /home/ec2-user/.rvm/gems/ruby-2.6.3/gems/capybara-3.35.3/lib/capybara/selenium/driver.rb:54:in `rescue in load_selenium'[0m
            [36m# /home/ec2-user/.rvm/gems/ruby-2.6.3/gems/capybara-3.35.3/lib/capybara/selenium/driver.rb:22:in `load_selenium'[0m
            [36m# /home/ec2-user/.rvm/gems/ruby-2.6.3/gems/capybara-3.35.3/lib/capybara/selenium/driver.rb:94:in `initialize'[0m
            [36m# /home/ec2-user/.rvm/gems/ruby-2.6.3/gems/capybara-3.35.3/lib/capybara/session.rb:104:in `driver'[0m
            [36m# /home/ec2-user/.rvm/gems/ruby-2.6.3/gems/capybara-3.35.3/lib/capybara/session.rb:90:in `initialize'[0m
            [36m# /home/ec2-user/.rvm/gems/ruby-2.6.3/gems/capybara-3.35.3/lib/capybara.rb:424:in `new'[0m
            [36m# /home/ec2-user/.rvm/gems/ruby-2.6.3/gems/capybara-3.35.3/lib/capybara.rb:424:in `block in session_pool'[0m
            [36m# /home/ec2-user/.rvm/gems/ruby-2.6.3/gems/capybara-3.35.3/lib/capybara.rb:315:in `current_session'[0m
            [36m# /home/ec2-user/.rvm/gems/ruby-2.6.3/gems/capybara-3.35.3/lib/capybara/dsl.rb:46:in `page'[0m
            [36m# /home/ec2-user/.rvm/gems/ruby-2.6.3/gems/capybara-3.35.3/lib/capybara/dsl.rb:58:in `block (2 levels) in <module:DSL>'[0m
            [36m# ./spec/system/01_before_login_spec.rb:8:in `block (3 levels) in <main>'[0m
            [36m# ------------------[0m
            [36m# --- Caused by: ---[0m
            [36m# LoadError:[0m
            [36m#   cannot load such file -- selenium-webdriver[0m
            [36m#   /home/ec2-user/.rvm/gems/ruby-2.6.3/gems/bootsnap-1.7.2/lib/bootsnap/load_path_cache/core_ext/kernel_require.rb:34:in `require'[0m

      14.2) [31mFailure/Error: [0mraise [1;34;4mLoadError[0m, [31m[1;31m"[0m[31mCapybara's selenium driver is unable to load `selenium-webdriver`, please install the gem and add `gem 'selenium-webdriver'` to your Gemfile if you are using bundler.[1;31m"[0m[31m[0m[0m
            [31m[0m
            [31mLoadError:[0m
            [31m  Capybara's selenium driver is unable to load `selenium-webdriver`, please install the gem and add `gem 'selenium-webdriver'` to your Gemfile if you are using bundler.[0m
            [36m# /home/ec2-user/.rvm/gems/ruby-2.6.3/gems/capybara-3.35.3/lib/capybara/selenium/driver.rb:54:in `rescue in load_selenium'[0m
            [36m# /home/ec2-user/.rvm/gems/ruby-2.6.3/gems/capybara-3.35.3/lib/capybara/selenium/driver.rb:22:in `load_selenium'[0m
            [36m# /home/ec2-user/.rvm/gems/ruby-2.6.3/gems/capybara-3.35.3/lib/capybara/selenium/driver.rb:94:in `initialize'[0m
            [36m# /home/ec2-user/.rvm/gems/ruby-2.6.3/gems/capybara-3.35.3/lib/capybara/session.rb:104:in `driver'[0m
            [36m# /home/ec2-user/.rvm/gems/ruby-2.6.3/gems/capybara-3.35.3/lib/capybara/session.rb:90:in `initialize'[0m
            [36m# /home/ec2-user/.rvm/gems/ruby-2.6.3/gems/capybara-3.35.3/lib/capybara.rb:424:in `new'[0m
            [36m# /home/ec2-user/.rvm/gems/ruby-2.6.3/gems/capybara-3.35.3/lib/capybara.rb:424:in `block in session_pool'[0m
            [36m# /home/ec2-user/.rvm/gems/ruby-2.6.3/gems/capybara-3.35.3/lib/capybara.rb:315:in `current_session'[0m
            [36m# /home/ec2-user/.rvm/gems/ruby-2.6.3/gems/capybara-3.35.3/lib/capybara/dsl.rb:46:in `page'[0m
            [36m# ------------------[0m
            [36m# --- Caused by: ---[0m
            [36m# LoadError:[0m
            [36m#   cannot load such file -- selenium-webdriver[0m
            [36m#   /home/ec2-user/.rvm/gems/ruby-2.6.3/gems/bootsnap-1.7.2/lib/bootsnap/load_path_cache/core_ext/kernel_require.rb:34:in `require'[0m

  15) [STEP1] ãƒ¦ãƒ¼ã‚¶ãƒ¼ãƒ­ã‚°ã‚¤ãƒ³å‰ã®ãƒ†ã‚¹ãƒˆ ãƒˆãƒƒãƒ—ç”»é¢ã®ãƒ†ã‚¹ãƒˆ è¡¨ç¤ºã•ã‚Œã¦ã„ã‚‹ç”»åƒã®ç¢ºèª BookShareã®ä½¿ã„æ–¹ã®ç”»åƒãŒè¡¨ç¤ºã•ã‚Œã¦ã„ã‚‹ã‹
      [31mGot 0 failures and 2 other errors:[0m

      15.1) [31mFailure/Error: [0mvisit root_path[0m
            [31m[0m
            [31mLoadError:[0m
            [31m  Capybara's selenium driver is unable to load `selenium-webdriver`, please install the gem and add `gem 'selenium-webdriver'` to your Gemfile if you are using bundler.[0m
            [36m# /home/ec2-user/.rvm/gems/ruby-2.6.3/gems/capybara-3.35.3/lib/capybara/selenium/driver.rb:54:in `rescue in load_selenium'[0m
            [36m# /home/ec2-user/.rvm/gems/ruby-2.6.3/gems/capybara-3.35.3/lib/capybara/selenium/driver.rb:22:in `load_selenium'[0m
            [36m# /home/ec2-user/.rvm/gems/ruby-2.6.3/gems/capybara-3.35.3/lib/capybara/selenium/driver.rb:94:in `initialize'[0m
            [36m# /home/ec2-user/.rvm/gems/ruby-2.6.3/gems/capybara-3.35.3/lib/capybara/session.rb:104:in `driver'[0m
            [36m# /home/ec2-user/.rvm/gems/ruby-2.6.3/gems/capybara-3.35.3/lib/capybara/session.rb:90:in `initialize'[0m
            [36m# /home/ec2-user/.rvm/gems/ruby-2.6.3/gems/capybara-3.35.3/lib/capybara.rb:424:in `new'[0m
            [36m# /home/ec2-user/.rvm/gems/ruby-2.6.3/gems/capybara-3.35.3/lib/capybara.rb:424:in `block in session_pool'[0m
            [36m# /home/ec2-user/.rvm/gems/ruby-2.6.3/gems/capybara-3.35.3/lib/capybara.rb:315:in `current_session'[0m
            [36m# /home/ec2-user/.rvm/gems/ruby-2.6.3/gems/capybara-3.35.3/lib/capybara/dsl.rb:46:in `page'[0m
            [36m# /home/ec2-user/.rvm/gems/ruby-2.6.3/gems/capybara-3.35.3/lib/capybara/dsl.rb:58:in `block (2 levels) in <module:DSL>'[0m
            [36m# ./spec/system/01_before_login_spec.rb:8:in `block (3 levels) in <main>'[0m
            [36m# ------------------[0m
            [36m# --- Caused by: ---[0m
            [36m# LoadError:[0m
            [36m#   cannot load such file -- selenium-webdriver[0m
            [36m#   /home/ec2-user/.rvm/gems/ruby-2.6.3/gems/bootsnap-1.7.2/lib/bootsnap/load_path_cache/core_ext/kernel_require.rb:34:in `require'[0m

      15.2) [31mFailure/Error: [0mraise [1;34;4mLoadError[0m, [31m[1;31m"[0m[31mCapybara's selenium driver is unable to load `selenium-webdriver`, please install the gem and add `gem 'selenium-webdriver'` to your Gemfile if you are using bundler.[1;31m"[0m[31m[0m[0m
            [31m[0m
            [31mLoadError:[0m
            [31m  Capybara's selenium driver is unable to load `selenium-webdriver`, please install the gem and add `gem 'selenium-webdriver'` to your Gemfile if you are using bundler.[0m
            [36m# /home/ec2-user/.rvm/gems/ruby-2.6.3/gems/capybara-3.35.3/lib/capybara/selenium/driver.rb:54:in `rescue in load_selenium'[0m
            [36m# /home/ec2-user/.rvm/gems/ruby-2.6.3/gems/capybara-3.35.3/lib/capybara/selenium/driver.rb:22:in `load_selenium'[0m
            [36m# /home/ec2-user/.rvm/gems/ruby-2.6.3/gems/capybara-3.35.3/lib/capybara/selenium/driver.rb:94:in `initialize'[0m
            [36m# /home/ec2-user/.rvm/gems/ruby-2.6.3/gems/capybara-3.35.3/lib/capybara/session.rb:104:in `driver'[0m
            [36m# /home/ec2-user/.rvm/gems/ruby-2.6.3/gems/capybara-3.35.3/lib/capybara/session.rb:90:in `initialize'[0m
            [36m# /home/ec2-user/.rvm/gems/ruby-2.6.3/gems/capybara-3.35.3/lib/capybara.rb:424:in `new'[0m
            [36m# /home/ec2-user/.rvm/gems/ruby-2.6.3/gems/capybara-3.35.3/lib/capybara.rb:424:in `block in session_pool'[0m
            [36m# /home/ec2-user/.rvm/gems/ruby-2.6.3/gems/capybara-3.35.3/lib/capybara.rb:315:in `current_session'[0m
            [36m# /home/ec2-user/.rvm/gems/ruby-2.6.3/gems/capybara-3.35.3/lib/capybara/dsl.rb:46:in `page'[0m
            [36m# ------------------[0m
            [36m# --- Caused by: ---[0m
            [36m# LoadError:[0m
            [36m#   cannot load such file -- selenium-webdriver[0m
            [36m#   /home/ec2-user/.rvm/gems/ruby-2.6.3/gems/bootsnap-1.7.2/lib/bootsnap/load_path_cache/core_ext/kernel_require.rb:34:in `require'[0m

  16) [STEP1] ãƒ¦ãƒ¼ã‚¶ãƒ¼ãƒ­ã‚°ã‚¤ãƒ³å‰ã®ãƒ†ã‚¹ãƒˆ ãƒˆãƒƒãƒ—ç”»é¢ã®ãƒ†ã‚¹ãƒˆ è¡¨ç¤ºã•ã‚Œã¦ã„ã‚‹ç”»åƒã®ç¢ºèª BookShareã®ä½¿ã„æ–¹ã®ç”»åƒãŒè¡¨ç¤ºã•ã‚Œã¦ã„ã‚‹ã‹
      [31mGot 0 failures and 2 other errors:[0m

      16.1) [31mFailure/Error: [0mvisit root_path[0m
            [31m[0m
            [31mLoadError:[0m
            [31m  Capybara's selenium driver is unable to load `selenium-webdriver`, please install the gem and add `gem 'selenium-webdriver'` to your Gemfile if you are using bundler.[0m
            [36m# /home/ec2-user/.rvm/gems/ruby-2.6.3/gems/capybara-3.35.3/lib/capybara/selenium/driver.rb:54:in `rescue in load_selenium'[0m
            [36m# /home/ec2-user/.rvm/gems/ruby-2.6.3/gems/capybara-3.35.3/lib/capybara/selenium/driver.rb:22:in `load_selenium'[0m
            [36m# /home/ec2-user/.rvm/gems/ruby-2.6.3/gems/capybara-3.35.3/lib/capybara/selenium/driver.rb:94:in `initialize'[0m
            [36m# /home/ec2-user/.rvm/gems/ruby-2.6.3/gems/capybara-3.35.3/lib/capybara/session.rb:104:in `driver'[0m
            [36m# /home/ec2-user/.rvm/gems/ruby-2.6.3/gems/capybara-3.35.3/lib/capybara/session.rb:90:in `initialize'[0m
            [36m# /home/ec2-user/.rvm/gems/ruby-2.6.3/gems/capybara-3.35.3/lib/capybara.rb:424:in `new'[0m
            [36m# /home/ec2-user/.rvm/gems/ruby-2.6.3/gems/capybara-3.35.3/lib/capybara.rb:424:in `block in session_pool'[0m
            [36m# /home/ec2-user/.rvm/gems/ruby-2.6.3/gems/capybara-3.35.3/lib/capybara.rb:315:in `current_session'[0m
            [36m# /home/ec2-user/.rvm/gems/ruby-2.6.3/gems/capybara-3.35.3/lib/capybara/dsl.rb:46:in `page'[0m
            [36m# /home/ec2-user/.rvm/gems/ruby-2.6.3/gems/capybara-3.35.3/lib/capybara/dsl.rb:58:in `block (2 levels) in <module:DSL>'[0m
            [36m# ./spec/system/01_before_login_spec.rb:8:in `block (3 levels) in <main>'[0m
            [36m# ------------------[0m
            [36m# --- Caused by: ---[0m
            [36m# LoadError:[0m
            [36m#   cannot load such file -- selenium-webdriver[0m
            [36m#   /home/ec2-user/.rvm/gems/ruby-2.6.3/gems/bootsnap-1.7.2/lib/bootsnap/load_path_cache/core_ext/kernel_require.rb:34:in `require'[0m

      16.2) [31mFailure/Error: [0mraise [1;34;4mLoadError[0m, [31m[1;31m"[0m[31mCapybara's selenium driver is unable to load `selenium-webdriver`, please install the gem and add `gem 'selenium-webdriver'` to your Gemfile if you are using bundler.[1;31m"[0m[31m[0m[0m
            [31m[0m
            [31mLoadError:[0m
            [31m  Capybara's selenium driver is unable to load `selenium-webdriver`, please install the gem and add `gem 'selenium-webdriver'` to your Gemfile if you are using bundler.[0m
            [36m# /home/ec2-user/.rvm/gems/ruby-2.6.3/gems/capybara-3.35.3/lib/capybara/selenium/driver.rb:54:in `rescue in load_selenium'[0m
            [36m# /home/ec2-user/.rvm/gems/ruby-2.6.3/gems/capybara-3.35.3/lib/capybara/selenium/driver.rb:22:in `load_selenium'[0m
            [36m# /home/ec2-user/.rvm/gems/ruby-2.6.3/gems/capybara-3.35.3/lib/capybara/selenium/driver.rb:94:in `initialize'[0m
            [36m# /home/ec2-user/.rvm/gems/ruby-2.6.3/gems/capybara-3.35.3/lib/capybara/session.rb:104:in `driver'[0m
            [36m# /home/ec2-user/.rvm/gems/ruby-2.6.3/gems/capybara-3.35.3/lib/capybara/session.rb:90:in `initialize'[0m
            [36m# /home/ec2-user/.rvm/gems/ruby-2.6.3/gems/capybara-3.35.3/lib/capybara.rb:424:in `new'[0m
            [36m# /home/ec2-user/.rvm/gems/ruby-2.6.3/gems/capybara-3.35.3/lib/capybara.rb:424:in `block in session_pool'[0m
            [36m# /home/ec2-user/.rvm/gems/ruby-2.6.3/gems/capybara-3.35.3/lib/capybara.rb:315:in `current_session'[0m
            [36m# /home/ec2-user/.rvm/gems/ruby-2.6.3/gems/capybara-3.35.3/lib/capybara/dsl.rb:46:in `page'[0m
            [36m# ------------------[0m
            [36m# --- Caused by: ---[0m
            [36m# LoadError:[0m
            [36m#   cannot load such file -- selenium-webdriver[0m
            [36m#   /home/ec2-user/.rvm/gems/ruby-2.6.3/gems/bootsnap-1.7.2/lib/bootsnap/load_path_cache/core_ext/kernel_require.rb:34:in `require'[0m

  17) [STEP1] ãƒ¦ãƒ¼ã‚¶ãƒ¼ãƒ­ã‚°ã‚¤ãƒ³å‰ã®ãƒ†ã‚¹ãƒˆ ãƒ˜ãƒƒãƒ€ãƒ¼ã®ãƒ†ã‚¹ãƒˆ: ãƒ­ã‚°ã‚¤ãƒ³ã—ã¦ã„ãªã„å ´åˆ è¡¨ç¤ºå†…å®¹ã®ç¢ºèª ã‚¿ã‚¤ãƒˆãƒ«ãŒè¡¨ç¤ºã•ã‚Œã‚‹ã‹
      [31mGot 0 failures and 2 other errors:[0m

      17.1) [31mFailure/Error: [0mvisit root_path[0m
            [31m[0m
            [31mLoadError:[0m
            [31m  Capybara's selenium driver is unable to load `selenium-webdriver`, please install the gem and add `gem 'selenium-webdriver'` to your Gemfile if you are using bundler.[0m
            [36m# /home/ec2-user/.rvm/gems/ruby-2.6.3/gems/capybara-3.35.3/lib/capybara/selenium/driver.rb:54:in `rescue in load_selenium'[0m
            [36m# /home/ec2-user/.rvm/gems/ruby-2.6.3/gems/capybara-3.35.3/lib/capybara/selenium/driver.rb:22:in `load_selenium'[0m
            [36m# /home/ec2-user/.rvm/gems/ruby-2.6.3/gems/capybara-3.35.3/lib/capybara/selenium/driver.rb:94:in `initialize'[0m
            [36m# /home/ec2-user/.rvm/gems/ruby-2.6.3/gems/capybara-3.35.3/lib/capybara/session.rb:104:in `driver'[0m
            [36m# /home/ec2-user/.rvm/gems/ruby-2.6.3/gems/capybara-3.35.3/lib/capybara/session.rb:90:in `initialize'[0m
            [36m# /home/ec2-user/.rvm/gems/ruby-2.6.3/gems/capybara-3.35.3/lib/capybara.rb:424:in `new'[0m
            [36m# /home/ec2-user/.rvm/gems/ruby-2.6.3/gems/capybara-3.35.3/lib/capybara.rb:424:in `block in session_pool'[0m
            [36m# /home/ec2-user/.rvm/gems/ruby-2.6.3/gems/capybara-3.35.3/lib/capybara.rb:315:in `current_session'[0m
            [36m# /home/ec2-user/.rvm/gems/ruby-2.6.3/gems/capybara-3.35.3/lib/capybara/dsl.rb:46:in `page'[0m
            [36m# /home/ec2-user/.rvm/gems/ruby-2.6.3/gems/capybara-3.35.3/lib/capybara/dsl.rb:58:in `block (2 levels) in <module:DSL>'[0m
            [36m# ./spec/system/01_before_login_spec.rb:68:in `block (3 levels) in <main>'[0m
            [36m# ------------------[0m
            [36m# --- Caused by: ---[0m
            [36m# LoadError:[0m
            [36m#   cannot load such file -- selenium-webdriver[0m
            [36m#   /home/ec2-user/.rvm/gems/ruby-2.6.3/gems/bootsnap-1.7.2/lib/bootsnap/load_path_cache/core_ext/kernel_require.rb:34:in `require'[0m

      17.2) [31mFailure/Error: [0mraise [1;34;4mLoadError[0m, [31m[1;31m"[0m[31mCapybara's selenium driver is unable to load `selenium-webdriver`, please install the gem and add `gem 'selenium-webdriver'` to your Gemfile if you are using bundler.[1;31m"[0m[31m[0m[0m
            [31m[0m
            [31mLoadError:[0m
            [31m  Capybara's selenium driver is unable to load `selenium-webdriver`, please install the gem and add `gem 'selenium-webdriver'` to your Gemfile if you are using bundler.[0m
            [36m# /home/ec2-user/.rvm/gems/ruby-2.6.3/gems/capybara-3.35.3/lib/capybara/selenium/driver.rb:54:in `rescue in load_selenium'[0m
            [36m# /home/ec2-user/.rvm/gems/ruby-2.6.3/gems/capybara-3.35.3/lib/capybara/selenium/driver.rb:22:in `load_selenium'[0m
            [36m# /home/ec2-user/.rvm/gems/ruby-2.6.3/gems/capybara-3.35.3/lib/capybara/selenium/driver.rb:94:in `initialize'[0m
            [36m# /home/ec2-user/.rvm/gems/ruby-2.6.3/gems/capybara-3.35.3/lib/capybara/session.rb:104:in `driver'[0m
            [36m# /home/ec2-user/.rvm/gems/ruby-2.6.3/gems/capybara-3.35.3/lib/capybara/session.rb:90:in `initialize'[0m
            [36m# /home/ec2-user/.rvm/gems/ruby-2.6.3/gems/capybara-3.35.3/lib/capybara.rb:424:in `new'[0m
            [36m# /home/ec2-user/.rvm/gems/ruby-2.6.3/gems/capybara-3.35.3/lib/capybara.rb:424:in `block in session_pool'[0m
            [36m# /home/ec2-user/.rvm/gems/ruby-2.6.3/gems/capybara-3.35.3/lib/capybara.rb:315:in `current_session'[0m
            [36m# /home/ec2-user/.rvm/gems/ruby-2.6.3/gems/capybara-3.35.3/lib/capybara/dsl.rb:46:in `page'[0m
            [36m# ------------------[0m
            [36m# --- Caused by: ---[0m
            [36m# LoadError:[0m
            [36m#   cannot load such file -- selenium-webdriver[0m
            [36m#   /home/ec2-user/.rvm/gems/ruby-2.6.3/gems/bootsnap-1.7.2/lib/bootsnap/load_path_cache/core_ext/kernel_require.rb:34:in `require'[0m

  18) [STEP1] ãƒ¦ãƒ¼ã‚¶ãƒ¼ãƒ­ã‚°ã‚¤ãƒ³å‰ã®ãƒ†ã‚¹ãƒˆ ãƒ˜ãƒƒãƒ€ãƒ¼ã®ãƒ†ã‚¹ãƒˆ: ãƒ­ã‚°ã‚¤ãƒ³ã—ã¦ã„ãªã„å ´åˆ è¡¨ç¤ºå†…å®¹ã®ç¢ºèª URLãŒæ­£ã—ã„
      [31mGot 0 failures and 2 other errors:[0m

      18.1) [31mFailure/Error: [0mvisit root_path[0m
            [31m[0m
            [31mLoadError:[0m
            [31m  Capybara's selenium driver is unable to load `selenium-webdriver`, please install the gem and add `gem 'selenium-webdriver'` to your Gemfile if you are using bundler.[0m
            [36m# /home/ec2-user/.rvm/gems/ruby-2.6.3/gems/capybara-3.35.3/lib/capybara/selenium/driver.rb:54:in `rescue in load_selenium'[0m
            [36m# /home/ec2-user/.rvm/gems/ruby-2.6.3/gems/capybara-3.35.3/lib/capybara/selenium/driver.rb:22:in `load_selenium'[0m
            [36m# /home/ec2-user/.rvm/gems/ruby-2.6.3/gems/capybara-3.35.3/lib/capybara/selenium/driver.rb:94:in `initialize'[0m
            [36m# /home/ec2-user/.rvm/gems/ruby-2.6.3/gems/capybara-3.35.3/lib/capybara/session.rb:104:in `driver'[0m
            [36m# /home/ec2-user/.rvm/gems/ruby-2.6.3/gems/capybara-3.35.3/lib/capybara/session.rb:90:in `initialize'[0m
            [36m# /home/ec2-user/.rvm/gems/ruby-2.6.3/gems/capybara-3.35.3/lib/capybara.rb:424:in `new'[0m
            [36m# /home/ec2-user/.rvm/gems/ruby-2.6.3/gems/capybara-3.35.3/lib/capybara.rb:424:in `block in session_pool'[0m
            [36m# /home/ec2-user/.rvm/gems/ruby-2.6.3/gems/capybara-3.35.3/lib/capybara.rb:315:in `current_session'[0m
            [36m# /home/ec2-user/.rvm/gems/ruby-2.6.3/gems/capybara-3.35.3/lib/capybara/dsl.rb:46:in `page'[0m
            [36m# /home/ec2-user/.rvm/gems/ruby-2.6.3/gems/capybara-3.35.3/lib/capybara/dsl.rb:58:in `block (2 levels) in <module:DSL>'[0m
            [36m# ./spec/system/01_before_login_spec.rb:68:in `block (3 levels) in <main>'[0m
            [36m# ------------------[0m
            [36m# --- Caused by: ---[0m
            [36m# LoadError:[0m
            [36m#   cannot load such file -- selenium-webdriver[0m
            [36m#   /home/ec2-user/.rvm/gems/ruby-2.6.3/gems/bootsnap-1.7.2/lib/bootsnap/load_path_cache/core_ext/kernel_require.rb:34:in `require'[0m

      18.2) [31mFailure/Error: [0mraise [1;34;4mLoadError[0m, [31m[1;31m"[0m[31mCapybara's selenium driver is unable to load `selenium-webdriver`, please install the gem and add `gem 'selenium-webdriver'` to your Gemfile if you are using bundler.[1;31m"[0m[31m[0m[0m
            [31m[0m
            [31mLoadError:[0m
            [31m  Capybara's selenium driver is unable to load `selenium-webdriver`, please install the gem and add `gem 'selenium-webdriver'` to your Gemfile if you are using bundler.[0m
            [36m# /home/ec2-user/.rvm/gems/ruby-2.6.3/gems/capybara-3.35.3/lib/capybara/selenium/driver.rb:54:in `rescue in load_selenium'[0m
            [36m# /home/ec2-user/.rvm/gems/ruby-2.6.3/gems/capybara-3.35.3/lib/capybara/selenium/driver.rb:22:in `load_selenium'[0m
            [36m# /home/ec2-user/.rvm/gems/ruby-2.6.3/gems/capybara-3.35.3/lib/capybara/selenium/driver.rb:94:in `initialize'[0m
            [36m# /home/ec2-user/.rvm/gems/ruby-2.6.3/gems/capybara-3.35.3/lib/capybara/session.rb:104:in `driver'[0m
            [36m# /home/ec2-user/.rvm/gems/ruby-2.6.3/gems/capybara-3.35.3/lib/capybara/session.rb:90:in `initialize'[0m
            [36m# /home/ec2-user/.rvm/gems/ruby-2.6.3/gems/capybara-3.35.3/lib/capybara.rb:424:in `new'[0m
            [36m# /home/ec2-user/.rvm/gems/ruby-2.6.3/gems/capybara-3.35.3/lib/capybara.rb:424:in `block in session_pool'[0m
            [36m# /home/ec2-user/.rvm/gems/ruby-2.6.3/gems/capybara-3.35.3/lib/capybara.rb:315:in `current_session'[0m
            [36m# /home/ec2-user/.rvm/gems/ruby-2.6.3/gems/capybara-3.35.3/lib/capybara/dsl.rb:46:in `page'[0m
            [36m# ------------------[0m
            [36m# --- Caused by: ---[0m
            [36m# LoadError:[0m
            [36m#   cannot load such file -- selenium-webdriver[0m
            [36m#   /home/ec2-user/.rvm/gems/ruby-2.6.3/gems/bootsnap-1.7.2/lib/bootsnap/load_path_cache/core_ext/kernel_require.rb:34:in `require'[0m

  19) [STEP1] ãƒ¦ãƒ¼ã‚¶ãƒ¼ãƒ­ã‚°ã‚¤ãƒ³å‰ã®ãƒ†ã‚¹ãƒˆ ãƒ˜ãƒƒãƒ€ãƒ¼ã®ãƒ†ã‚¹ãƒˆ: ãƒ­ã‚°ã‚¤ãƒ³ã—ã¦ã„ãªã„å ´åˆ è¡¨ç¤ºå†…å®¹ã®ç¢ºèª ãƒ­ã‚´ã®ãƒªãƒ³ã‚¯ãŒè¡¨ç¤ºã•ã‚Œã¦ã„ã‚‹ã‹
      [31mGot 0 failures and 2 other errors:[0m

      19.1) [31mFailure/Error: [0mvisit root_path[0m
            [31m[0m
            [31mLoadError:[0m
            [31m  Capybara's selenium driver is unable to load `selenium-webdriver`, please install the gem and add `gem 'selenium-webdriver'` to your Gemfile if you are using bundler.[0m
            [36m# /home/ec2-user/.rvm/gems/ruby-2.6.3/gems/capybara-3.35.3/lib/capybara/selenium/driver.rb:54:in `rescue in load_selenium'[0m
            [36m# /home/ec2-user/.rvm/gems/ruby-2.6.3/gems/capybara-3.35.3/lib/capybara/selenium/driver.rb:22:in `load_selenium'[0m
            [36m# /home/ec2-user/.rvm/gems/ruby-2.6.3/gems/capybara-3.35.3/lib/capybara/selenium/driver.rb:94:in `initialize'[0m
            [36m# /home/ec2-user/.rvm/gems/ruby-2.6.3/gems/capybara-3.35.3/lib/capybara/session.rb:104:in `driver'[0m
            [36m# /home/ec2-user/.rvm/gems/ruby-2.6.3/gems/capybara-3.35.3/lib/capybara/session.rb:90:in `initialize'[0m
            [36m# /home/ec2-user/.rvm/gems/ruby-2.6.3/gems/capybara-3.35.3/lib/capybara.rb:424:in `new'[0m
            [36m# /home/ec2-user/.rvm/gems/ruby-2.6.3/gems/capybara-3.35.3/lib/capybara.rb:424:in `block in session_pool'[0m
            [36m# /home/ec2-user/.rvm/gems/ruby-2.6.3/gems/capybara-3.35.3/lib/capybara.rb:315:in `current_session'[0m
            [36m# /home/ec2-user/.rvm/gems/ruby-2.6.3/gems/capybara-3.35.3/lib/capybara/dsl.rb:46:in `page'[0m
            [36m# /home/ec2-user/.rvm/gems/ruby-2.6.3/gems/capybara-3.35.3/lib/capybara/dsl.rb:58:in `block (2 levels) in <module:DSL>'[0m
            [36m# ./spec/system/01_before_login_spec.rb:68:in `block (3 levels) in <main>'[0m
            [36m# ------------------[0m
            [36m# --- Caused by: ---[0m
            [36m# LoadError:[0m
            [36m#   cannot load such file -- selenium-webdriver[0m
            [36m#   /home/ec2-user/.rvm/gems/ruby-2.6.3/gems/bootsnap-1.7.2/lib/bootsnap/load_path_cache/core_ext/kernel_require.rb:34:in `require'[0m

      19.2) [31mFailure/Error: [0mraise [1;34;4mLoadError[0m, [31m[1;31m"[0m[31mCapybara's selenium driver is unable to load `selenium-webdriver`, please install the gem and add `gem 'selenium-webdriver'` to your Gemfile if you are using bundler.[1;31m"[0m[31m[0m[0m
            [31m[0m
            [31mLoadError:[0m
            [31m  Capybara's selenium driver is unable to load `selenium-webdriver`, please install the gem and add `gem 'selenium-webdriver'` to your Gemfile if you are using bundler.[0m
            [36m# /home/ec2-user/.rvm/gems/ruby-2.6.3/gems/capybara-3.35.3/lib/capybara/selenium/driver.rb:54:in `rescue in load_selenium'[0m
            [36m# /home/ec2-user/.rvm/gems/ruby-2.6.3/gems/capybara-3.35.3/lib/capybara/selenium/driver.rb:22:in `load_selenium'[0m
            [36m# /home/ec2-user/.rvm/gems/ruby-2.6.3/gems/capybara-3.35.3/lib/capybara/selenium/driver.rb:94:in `initialize'[0m
            [36m# /home/ec2-user/.rvm/gems/ruby-2.6.3/gems/capybara-3.35.3/lib/capybara/session.rb:104:in `driver'[0m
            [36m# /home/ec2-user/.rvm/gems/ruby-2.6.3/gems/capybara-3.35.3/lib/capybara/session.rb:90:in `initialize'[0m
            [36m# /home/ec2-user/.rvm/gems/ruby-2.6.3/gems/capybara-3.35.3/lib/capybara.rb:424:in `new'[0m
            [36m# /home/ec2-user/.rvm/gems/ruby-2.6.3/gems/capybara-3.35.3/lib/capybara.rb:424:in `block in session_pool'[0m
            [36m# /home/ec2-user/.rvm/gems/ruby-2.6.3/gems/capybara-3.35.3/lib/capybara.rb:315:in `current_session'[0m
            [36m# /home/ec2-user/.rvm/gems/ruby-2.6.3/gems/capybara-3.35.3/lib/capybara/dsl.rb:46:in `page'[0m
            [36m# ------------------[0m
            [36m# --- Caused by: ---[0m
            [36m# LoadError:[0m
            [36m#   cannot load such file -- selenium-webdriver[0m
            [36m#   /home/ec2-user/.rvm/gems/ruby-2.6.3/gems/bootsnap-1.7.2/lib/bootsnap/load_path_cache/core_ext/kernel_require.rb:34:in `require'[0m

  20) [STEP1] ãƒ¦ãƒ¼ã‚¶ãƒ¼ãƒ­ã‚°ã‚¤ãƒ³å‰ã®ãƒ†ã‚¹ãƒˆ ãƒ˜ãƒƒãƒ€ãƒ¼ã®ãƒ†ã‚¹ãƒˆ: ãƒ­ã‚°ã‚¤ãƒ³ã—ã¦ã„ãªã„å ´åˆ è¡¨ç¤ºå†…å®¹ã®ç¢ºèª æ–°è¦ç™»éŒ²ã®ãƒªãƒ³ã‚¯ãŒè¡¨ç¤ºã•ã‚Œã¦ã„ã‚‹ã‹
      [31mGot 0 failures and 2 other errors:[0m

      20.1) [31mFailure/Error: [0mvisit root_path[0m
            [31m[0m
            [31mLoadError:[0m
            [31m  Capybara's selenium driver is unable to load `selenium-webdriver`, please install the gem and add `gem 'selenium-webdriver'` to your Gemfile if you are using bundler.[0m
            [36m# /home/ec2-user/.rvm/gems/ruby-2.6.3/gems/capybara-3.35.3/lib/capybara/selenium/driver.rb:54:in `rescue in load_selenium'[0m
            [36m# /home/ec2-user/.rvm/gems/ruby-2.6.3/gems/capybara-3.35.3/lib/capybara/selenium/driver.rb:22:in `load_selenium'[0m
            [36m# /home/ec2-user/.rvm/gems/ruby-2.6.3/gems/capybara-3.35.3/lib/capybara/selenium/driver.rb:94:in `initialize'[0m
            [36m# /home/ec2-user/.rvm/gems/ruby-2.6.3/gems/capybara-3.35.3/lib/capybara/session.rb:104:in `driver'[0m
            [36m# /home/ec2-user/.rvm/gems/ruby-2.6.3/gems/capybara-3.35.3/lib/capybara/session.rb:90:in `initialize'[0m
            [36m# /home/ec2-user/.rvm/gems/ruby-2.6.3/gems/capybara-3.35.3/lib/capybara.rb:424:in `new'[0m
            [36m# /home/ec2-user/.rvm/gems/ruby-2.6.3/gems/capybara-3.35.3/lib/capybara.rb:424:in `block in session_pool'[0m
            [36m# /home/ec2-user/.rvm/gems/ruby-2.6.3/gems/capybara-3.35.3/lib/capybara.rb:315:in `current_session'[0m
            [36m# /home/ec2-user/.rvm/gems/ruby-2.6.3/gems/capybara-3.35.3/lib/capybara/dsl.rb:46:in `page'[0m
            [36m# /home/ec2-user/.rvm/gems/ruby-2.6.3/gems/capybara-3.35.3/lib/capybara/dsl.rb:58:in `block (2 levels) in <module:DSL>'[0m
            [36m# ./spec/system/01_before_login_spec.rb:68:in `block (3 levels) in <main>'[0m
            [36m# ------------------[0m
            [36m# --- Caused by: ---[0m
            [36m# LoadError:[0m
            [36m#   cannot load such file -- selenium-webdriver[0m
            [36m#   /home/ec2-user/.rvm/gems/ruby-2.6.3/gems/bootsnap-1.7.2/lib/bootsnap/load_path_cache/core_ext/kernel_require.rb:34:in `require'[0m

      20.2) [31mFailure/Error: [0mraise [1;34;4mLoadError[0m, [31m[1;31m"[0m[31mCapybara's selenium driver is unable to load `selenium-webdriver`, please install the gem and add `gem 'selenium-webdriver'` to your Gemfile if you are using bundler.[1;31m"[0m[31m[0m[0m
            [31m[0m
            [31mLoadError:[0m
            [31m  Capybara's selenium driver is unable to load `selenium-webdriver`, please install the gem and add `gem 'selenium-webdriver'` to your Gemfile if you are using bundler.[0m
            [36m# /home/ec2-user/.rvm/gems/ruby-2.6.3/gems/capybara-3.35.3/lib/capybara/selenium/driver.rb:54:in `rescue in load_selenium'[0m
            [36m# /home/ec2-user/.rvm/gems/ruby-2.6.3/gems/capybara-3.35.3/lib/capybara/selenium/driver.rb:22:in `load_selenium'[0m
            [36m# /home/ec2-user/.rvm/gems/ruby-2.6.3/gems/capybara-3.35.3/lib/capybara/selenium/driver.rb:94:in `initialize'[0m
            [36m# /home/ec2-user/.rvm/gems/ruby-2.6.3/gems/capybara-3.35.3/lib/capybara/session.rb:104:in `driver'[0m
            [36m# /home/ec2-user/.rvm/gems/ruby-2.6.3/gems/capybara-3.35.3/lib/capybara/session.rb:90:in `initialize'[0m
            [36m# /home/ec2-user/.rvm/gems/ruby-2.6.3/gems/capybara-3.35.3/lib/capybara.rb:424:in `new'[0m
            [36m# /home/ec2-user/.rvm/gems/ruby-2.6.3/gems/capybara-3.35.3/lib/capybara.rb:424:in `block in session_pool'[0m
            [36m# /home/ec2-user/.rvm/gems/ruby-2.6.3/gems/capybara-3.35.3/lib/capybara.rb:315:in `current_session'[0m
            [36m# /home/ec2-user/.rvm/gems/ruby-2.6.3/gems/capybara-3.35.3/lib/capybara/dsl.rb:46:in `page'[0m
            [36m# ------------------[0m
            [36m# --- Caused by: ---[0m
            [36m# LoadError:[0m
            [36m#   cannot load such file -- selenium-webdriver[0m
            [36m#   /home/ec2-user/.rvm/gems/ruby-2.6.3/gems/bootsnap-1.7.2/lib/bootsnap/load_path_cache/core_ext/kernel_require.rb:34:in `require'[0m

  21) [STEP1] ãƒ¦ãƒ¼ã‚¶ãƒ¼ãƒ­ã‚°ã‚¤ãƒ³å‰ã®ãƒ†ã‚¹ãƒˆ ãƒ˜ãƒƒãƒ€ãƒ¼ã®ãƒ†ã‚¹ãƒˆ: ãƒ­ã‚°ã‚¤ãƒ³ã—ã¦ã„ãªã„å ´åˆ è¡¨ç¤ºå†…å®¹ã®ç¢ºèª ãƒ­ã‚°ã‚¤ãƒ³ã®ãƒªãƒ³ã‚¯ãŒè¡¨ç¤ºã•ã‚Œã¦ã„ã‚‹ã‹
      [31mGot 0 failures and 2 other errors:[0m

      21.1) [31mFailure/Error: [0mvisit root_path[0m
            [31m[0m
            [31mLoadError:[0m
            [31m  Capybara's selenium driver is unable to load `selenium-webdriver`, please install the gem and add `gem 'selenium-webdriver'` to your Gemfile if you are using bundler.[0m
            [36m# /home/ec2-user/.rvm/gems/ruby-2.6.3/gems/capybara-3.35.3/lib/capybara/selenium/driver.rb:54:in `rescue in load_selenium'[0m
            [36m# /home/ec2-user/.rvm/gems/ruby-2.6.3/gems/capybara-3.35.3/lib/capybara/selenium/driver.rb:22:in `load_selenium'[0m
            [36m# /home/ec2-user/.rvm/gems/ruby-2.6.3/gems/capybara-3.35.3/lib/capybara/selenium/driver.rb:94:in `initialize'[0m
            [36m# /home/ec2-user/.rvm/gems/ruby-2.6.3/gems/capybara-3.35.3/lib/capybara/session.rb:104:in `driver'[0m
            [36m# /home/ec2-user/.rvm/gems/ruby-2.6.3/gems/capybara-3.35.3/lib/capybara/session.rb:90:in `initialize'[0m
            [36m# /home/ec2-user/.rvm/gems/ruby-2.6.3/gems/capybara-3.35.3/lib/capybara.rb:424:in `new'[0m
            [36m# /home/ec2-user/.rvm/gems/ruby-2.6.3/gems/capybara-3.35.3/lib/capybara.rb:424:in `block in session_pool'[0m
            [36m# /home/ec2-user/.rvm/gems/ruby-2.6.3/gems/capybara-3.35.3/lib/capybara.rb:315:in `current_session'[0m
            [36m# /home/ec2-user/.rvm/gems/ruby-2.6.3/gems/capybara-3.35.3/lib/capybara/dsl.rb:46:in `page'[0m
            [36m# /home/ec2-user/.rvm/gems/ruby-2.6.3/gems/capybara-3.35.3/lib/capybara/dsl.rb:58:in `block (2 levels) in <module:DSL>'[0m
            [36m# ./spec/system/01_before_login_spec.rb:68:in `block (3 levels) in <main>'[0m
            [36m# ------------------[0m
            [36m# --- Caused by: ---[0m
            [36m# LoadError:[0m
            [36m#   cannot load such file -- selenium-webdriver[0m
            [36m#   /home/ec2-user/.rvm/gems/ruby-2.6.3/gems/bootsnap-1.7.2/lib/bootsnap/load_path_cache/core_ext/kernel_require.rb:34:in `require'[0m

      21.2) [31mFailure/Error: [0mraise [1;34;4mLoadError[0m, [31m[1;31m"[0m[31mCapybara's selenium driver is unable to load `selenium-webdriver`, please install the gem and add `gem 'selenium-webdriver'` to your Gemfile if you are using bundler.[1;31m"[0m[31m[0m[0m
            [31m[0m
            [31mLoadError:[0m
            [31m  Capybara's selenium driver is unable to load `selenium-webdriver`, please install the gem and add `gem 'selenium-webdriver'` to your Gemfile if you are using bundler.[0m
            [36m# /home/ec2-user/.rvm/gems/ruby-2.6.3/gems/capybara-3.35.3/lib/capybara/selenium/driver.rb:54:in `rescue in load_selenium'[0m
            [36m# /home/ec2-user/.rvm/gems/ruby-2.6.3/gems/capybara-3.35.3/lib/capybara/selenium/driver.rb:22:in `load_selenium'[0m
            [36m# /home/ec2-user/.rvm/gems/ruby-2.6.3/gems/capybara-3.35.3/lib/capybara/selenium/driver.rb:94:in `initialize'[0m
            [36m# /home/ec2-user/.rvm/gems/ruby-2.6.3/gems/capybara-3.35.3/lib/capybara/session.rb:104:in `driver'[0m
            [36m# /home/ec2-user/.rvm/gems/ruby-2.6.3/gems/capybara-3.35.3/lib/capybara/session.rb:90:in `initialize'[0m
            [36m# /home/ec2-user/.rvm/gems/ruby-2.6.3/gems/capybara-3.35.3/lib/capybara.rb:424:in `new'[0m
            [36m# /home/ec2-user/.rvm/gems/ruby-2.6.3/gems/capybara-3.35.3/lib/capybara.rb:424:in `block in session_pool'[0m
            [36m# /home/ec2-user/.rvm/gems/ruby-2.6.3/gems/capybara-3.35.3/lib/capybara.rb:315:in `current_session'[0m
            [36m# /home/ec2-user/.rvm/gems/ruby-2.6.3/gems/capybara-3.35.3/lib/capybara/dsl.rb:46:in `page'[0m
            [36m# ------------------[0m
            [36m# --- Caused by: ---[0m
            [36m# LoadError:[0m
            [36m#   cannot load such file -- selenium-webdriver[0m
            [36m#   /home/ec2-user/.rvm/gems/ruby-2.6.3/gems/bootsnap-1.7.2/lib/bootsnap/load_path_cache/core_ext/kernel_require.rb:34:in `require'[0m

  22) [STEP1] ãƒ¦ãƒ¼ã‚¶ãƒ¼ãƒ­ã‚°ã‚¤ãƒ³å‰ã®ãƒ†ã‚¹ãƒˆ ãƒ˜ãƒƒãƒ€ãƒ¼ã®ãƒ†ã‚¹ãƒˆ: ãƒ­ã‚°ã‚¤ãƒ³ã—ã¦ã„ãªã„å ´åˆ ãƒªãƒ³ã‚¯å†…å®¹ã‚’ç¢ºèª æ–°è¦ç™»éŒ²ã‚’æŠ¼ã™ã¨ã€æ–°è¦ç™»éŒ²ç”»é¢ã«é·ç§»ã™ã‚‹
      [31mGot 0 failures and 2 other errors:[0m

      22.1) [31mFailure/Error: [0mvisit root_path[0m
            [31m[0m
            [31mLoadError:[0m
            [31m  Capybara's selenium driver is unable to load `selenium-webdriver`, please install the gem and add `gem 'selenium-webdriver'` to your Gemfile if you are using bundler.[0m
            [36m# /home/ec2-user/.rvm/gems/ruby-2.6.3/gems/capybara-3.35.3/lib/capybara/selenium/driver.rb:54:in `rescue in load_selenium'[0m
            [36m# /home/ec2-user/.rvm/gems/ruby-2.6.3/gems/capybara-3.35.3/lib/capybara/selenium/driver.rb:22:in `load_selenium'[0m
            [36m# /home/ec2-user/.rvm/gems/ruby-2.6.3/gems/capybara-3.35.3/lib/capybara/selenium/driver.rb:94:in `initialize'[0m
            [36m# /home/ec2-user/.rvm/gems/ruby-2.6.3/gems/capybara-3.35.3/lib/capybara/session.rb:104:in `driver'[0m
            [36m# /home/ec2-user/.rvm/gems/ruby-2.6.3/gems/capybara-3.35.3/lib/capybara/session.rb:90:in `initialize'[0m
            [36m# /home/ec2-user/.rvm/gems/ruby-2.6.3/gems/capybara-3.35.3/lib/capybara.rb:424:in `new'[0m
            [36m# /home/ec2-user/.rvm/gems/ruby-2.6.3/gems/capybara-3.35.3/lib/capybara.rb:424:in `block in session_pool'[0m
            [36m# /home/ec2-user/.rvm/gems/ruby-2.6.3/gems/capybara-3.35.3/lib/capybara.rb:315:in `current_session'[0m
            [36m# /home/ec2-user/.rvm/gems/ruby-2.6.3/gems/capybara-3.35.3/lib/capybara/dsl.rb:46:in `page'[0m
            [36m# /home/ec2-user/.rvm/gems/ruby-2.6.3/gems/capybara-3.35.3/lib/capybara/dsl.rb:58:in `block (2 levels) in <module:DSL>'[0m
            [36m# ./spec/system/01_before_login_spec.rb:68:in `block (3 levels) in <main>'[0m
            [36m# ------------------[0m
            [36m# --- Caused by: ---[0m
            [36m# LoadError:[0m
            [36m#   cannot load such file -- selenium-webdriver[0m
            [36m#   /home/ec2-user/.rvm/gems/ruby-2.6.3/gems/bootsnap-1.7.2/lib/bootsnap/load_path_cache/core_ext/kernel_require.rb:34:in `require'[0m

      22.2) [31mFailure/Error: [0mraise [1;34;4mLoadError[0m, [31m[1;31m"[0m[31mCapybara's selenium driver is unable to load `selenium-webdriver`, please install the gem and add `gem 'selenium-webdriver'` to your Gemfile if you are using bundler.[1;31m"[0m[31m[0m[0m
            [31m[0m
            [31mLoadError:[0m
            [31m  Capybara's selenium driver is unable to load `selenium-webdriver`, please install the gem and add `gem 'selenium-webdriver'` to your Gemfile if you are using bundler.[0m
            [36m# /home/ec2-user/.rvm/gems/ruby-2.6.3/gems/capybara-3.35.3/lib/capybara/selenium/driver.rb:54:in `rescue in load_selenium'[0m
            [36m# /home/ec2-user/.rvm/gems/ruby-2.6.3/gems/capybara-3.35.3/lib/capybara/selenium/driver.rb:22:in `load_selenium'[0m
            [36m# /home/ec2-user/.rvm/gems/ruby-2.6.3/gems/capybara-3.35.3/lib/capybara/selenium/driver.rb:94:in `initialize'[0m
            [36m# /home/ec2-user/.rvm/gems/ruby-2.6.3/gems/capybara-3.35.3/lib/capybara/session.rb:104:in `driver'[0m
            [36m# /home/ec2-user/.rvm/gems/ruby-2.6.3/gems/capybara-3.35.3/lib/capybara/session.rb:90:in `initialize'[0m
            [36m# /home/ec2-user/.rvm/gems/ruby-2.6.3/gems/capybara-3.35.3/lib/capybara.rb:424:in `new'[0m
            [36m# /home/ec2-user/.rvm/gems/ruby-2.6.3/gems/capybara-3.35.3/lib/capybara.rb:424:in `block in session_pool'[0m
            [36m# /home/ec2-user/.rvm/gems/ruby-2.6.3/gems/capybara-3.35.3/lib/capybara.rb:315:in `current_session'[0m
            [36m# /home/ec2-user/.rvm/gems/ruby-2.6.3/gems/capybara-3.35.3/lib/capybara/dsl.rb:46:in `page'[0m
            [36m# ------------------[0m
            [36m# --- Caused by: ---[0m
            [36m# LoadError:[0m
            [36m#   cannot load such file -- selenium-webdriver[0m
            [36m#   /home/ec2-user/.rvm/gems/ruby-2.6.3/gems/bootsnap-1.7.2/lib/bootsnap/load_path_cache/core_ext/kernel_require.rb:34:in `require'[0m

  23) [STEP1] ãƒ¦ãƒ¼ã‚¶ãƒ¼ãƒ­ã‚°ã‚¤ãƒ³å‰ã®ãƒ†ã‚¹ãƒˆ ãƒ˜ãƒƒãƒ€ãƒ¼ã®ãƒ†ã‚¹ãƒˆ: ãƒ­ã‚°ã‚¤ãƒ³ã—ã¦ã„ãªã„å ´åˆ ãƒªãƒ³ã‚¯å†…å®¹ã‚’ç¢ºèª ãƒ­ã‚°ã‚¤ãƒ³ã‚’æŠ¼ã™ã¨ã€ãƒ­ã‚°ã‚¤ãƒ³ç”»é¢ã«é·ç§»ã™ã‚‹
      [31mGot 0 failures and 2 other errors:[0m

      23.1) [31mFailure/Error: [0mvisit root_path[0m
            [31m[0m
            [31mLoadError:[0m
            [31m  Capybara's selenium driver is unable to load `selenium-webdriver`, please install the gem and add `gem 'selenium-webdriver'` to your Gemfile if you are using bundler.[0m
            [36m# /home/ec2-user/.rvm/gems/ruby-2.6.3/gems/capybara-3.35.3/lib/capybara/selenium/driver.rb:54:in `rescue in load_selenium'[0m
            [36m# /home/ec2-user/.rvm/gems/ruby-2.6.3/gems/capybara-3.35.3/lib/capybara/selenium/driver.rb:22:in `load_selenium'[0m
            [36m# /home/ec2-user/.rvm/gems/ruby-2.6.3/gems/capybara-3.35.3/lib/capybara/selenium/driver.rb:94:in `initialize'[0m
            [36m# /home/ec2-user/.rvm/gems/ruby-2.6.3/gems/capybara-3.35.3/lib/capybara/session.rb:104:in `driver'[0m
            [36m# /home/ec2-user/.rvm/gems/ruby-2.6.3/gems/capybara-3.35.3/lib/capybara/session.rb:90:in `initialize'[0m
            [36m# /home/ec2-user/.rvm/gems/ruby-2.6.3/gems/capybara-3.35.3/lib/capybara.rb:424:in `new'[0m
            [36m# /home/ec2-user/.rvm/gems/ruby-2.6.3/gems/capybara-3.35.3/lib/capybara.rb:424:in `block in session_pool'[0m
            [36m# /home/ec2-user/.rvm/gems/ruby-2.6.3/gems/capybara-3.35.3/lib/capybara.rb:315:in `current_session'[0m
            [36m# /home/ec2-user/.rvm/gems/ruby-2.6.3/gems/capybara-3.35.3/lib/capybara/dsl.rb:46:in `page'[0m
            [36m# /home/ec2-user/.rvm/gems/ruby-2.6.3/gems/capybara-3.35.3/lib/capybara/dsl.rb:58:in `block (2 levels) in <module:DSL>'[0m
            [36m# ./spec/system/01_before_login_spec.rb:68:in `block (3 levels) in <main>'[0m
            [36m# ------------------[0m
            [36m# --- Caused by: ---[0m
            [36m# LoadError:[0m
            [36m#   cannot load such file -- selenium-webdriver[0m
            [36m#   /home/ec2-user/.rvm/gems/ruby-2.6.3/gems/bootsnap-1.7.2/lib/bootsnap/load_path_cache/core_ext/kernel_require.rb:34:in `require'[0m

      23.2) [31mFailure/Error: [0mraise [1;34;4mLoadError[0m, [31m[1;31m"[0m[31mCapybara's selenium driver is unable to load `selenium-webdriver`, please install the gem and add `gem 'selenium-webdriver'` to your Gemfile if you are using bundler.[1;31m"[0m[31m[0m[0m
            [31m[0m
            [31mLoadError:[0m
            [31m  Capybara's selenium driver is unable to load `selenium-webdriver`, please install the gem and add `gem 'selenium-webdriver'` to your Gemfile if you are using bundler.[0m
            [36m# /home/ec2-user/.rvm/gems/ruby-2.6.3/gems/capybara-3.35.3/lib/capybara/selenium/driver.rb:54:in `rescue in load_selenium'[0m
            [36m# /home/ec2-user/.rvm/gems/ruby-2.6.3/gems/capybara-3.35.3/lib/capybara/selenium/driver.rb:22:in `load_selenium'[0m
            [36m# /home/ec2-user/.rvm/gems/ruby-2.6.3/gems/capybara-3.35.3/lib/capybara/selenium/driver.rb:94:in `initialize'[0m
            [36m# /home/ec2-user/.rvm/gems/ruby-2.6.3/gems/capybara-3.35.3/lib/capybara/session.rb:104:in `driver'[0m
            [36m# /home/ec2-user/.rvm/gems/ruby-2.6.3/gems/capybara-3.35.3/lib/capybara/session.rb:90:in `initialize'[0m
            [36m# /home/ec2-user/.rvm/gems/ruby-2.6.3/gems/capybara-3.35.3/lib/capybara.rb:424:in `new'[0m
            [36m# /home/ec2-user/.rvm/gems/ruby-2.6.3/gems/capybara-3.35.3/lib/capybara.rb:424:in `block in session_pool'[0m
            [36m# /home/ec2-user/.rvm/gems/ruby-2.6.3/gems/capybara-3.35.3/lib/capybara.rb:315:in `current_session'[0m
            [36m# /home/ec2-user/.rvm/gems/ruby-2.6.3/gems/capybara-3.35.3/lib/capybara/dsl.rb:46:in `page'[0m
            [36m# ------------------[0m
            [36m# --- Caused by: ---[0m
            [36m# LoadError:[0m
            [36m#   cannot load such file -- selenium-webdriver[0m
            [36m#   /home/ec2-user/.rvm/gems/ruby-2.6.3/gems/bootsnap-1.7.2/lib/bootsnap/load_path_cache/core_ext/kernel_require.rb:34:in `require'[0m

  24) [STEP1] ãƒ¦ãƒ¼ã‚¶ãƒ¼ãƒ­ã‚°ã‚¤ãƒ³å‰ã®ãƒ†ã‚¹ãƒˆ ãƒ¦ãƒ¼ã‚¶ãƒ¼æ–°è¦ç™»éŒ²ã®ãƒ†ã‚¹ãƒˆ è¡¨ç¤ºå†…å®¹ã®ç¢ºèª URLãŒæ­£ã—ã„
      [31mGot 0 failures and 2 other errors:[0m

      24.1) [31mFailure/Error: [0mvisit new_user_registration_path[0m
            [31m[0m
            [31mLoadError:[0m
            [31m  Capybara's selenium driver is unable to load `selenium-webdriver`, please install the gem and add `gem 'selenium-webdriver'` to your Gemfile if you are using bundler.[0m
            [36m# /home/ec2-user/.rvm/gems/ruby-2.6.3/gems/capybara-3.35.3/lib/capybara/selenium/driver.rb:54:in `rescue in load_selenium'[0m
            [36m# /home/ec2-user/.rvm/gems/ruby-2.6.3/gems/capybara-3.35.3/lib/capybara/selenium/driver.rb:22:in `load_selenium'[0m
            [36m# /home/ec2-user/.rvm/gems/ruby-2.6.3/gems/capybara-3.35.3/lib/capybara/selenium/driver.rb:94:in `initialize'[0m
            [36m# /home/ec2-user/.rvm/gems/ruby-2.6.3/gems/capybara-3.35.3/lib/capybara/session.rb:104:in `driver'[0m
            [36m# /home/ec2-user/.rvm/gems/ruby-2.6.3/gems/capybara-3.35.3/lib/capybara/session.rb:90:in `initialize'[0m
            [36m# /home/ec2-user/.rvm/gems/ruby-2.6.3/gems/capybara-3.35.3/lib/capybara.rb:424:in `new'[0m
            [36m# /home/ec2-user/.rvm/gems/ruby-2.6.3/gems/capybara-3.35.3/lib/capybara.rb:424:in `block in session_pool'[0m
            [36m# /home/ec2-user/.rvm/gems/ruby-2.6.3/gems/capybara-3.35.3/lib/capybara.rb:315:in `current_session'[0m
            [36m# /home/ec2-user/.rvm/gems/ruby-2.6.3/gems/capybara-3.35.3/lib/capybara/dsl.rb:46:in `page'[0m
            [36m# /home/ec2-user/.rvm/gems/ruby-2.6.3/gems/capybara-3.35.3/lib/capybara/dsl.rb:58:in `block (2 levels) in <module:DSL>'[0m
            [36m# ./spec/system/01_before_login_spec.rb:110:in `block (3 levels) in <main>'[0m
            [36m# ------------------[0m
            [36m# --- Caused by: ---[0m
            [36m# LoadError:[0m
            [36m#   cannot load such file -- selenium-webdriver[0m
            [36m#   /home/ec2-user/.rvm/gems/ruby-2.6.3/gems/bootsnap-1.7.2/lib/bootsnap/load_path_cache/core_ext/kernel_require.rb:34:in `require'[0m

      24.2) [31mFailure/Error: [0mraise [1;34;4mLoadError[0m, [31m[1;31m"[0m[31mCapybara's selenium driver is unable to load `selenium-webdriver`, please install the gem and add `gem 'selenium-webdriver'` to your Gemfile if you are using bundler.[1;31m"[0m[31m[0m[0m
            [31m[0m
            [31mLoadError:[0m
            [31m  Capybara's selenium driver is unable to load `selenium-webdriver`, please install the gem and add `gem 'selenium-webdriver'` to your Gemfile if you are using bundler.[0m
            [36m# /home/ec2-user/.rvm/gems/ruby-2.6.3/gems/capybara-3.35.3/lib/capybara/selenium/driver.rb:54:in `rescue in load_selenium'[0m
            [36m# /home/ec2-user/.rvm/gems/ruby-2.6.3/gems/capybara-3.35.3/lib/capybara/selenium/driver.rb:22:in `load_selenium'[0m
            [36m# /home/ec2-user/.rvm/gems/ruby-2.6.3/gems/capybara-3.35.3/lib/capybara/selenium/driver.rb:94:in `initialize'[0m
            [36m# /home/ec2-user/.rvm/gems/ruby-2.6.3/gems/capybara-3.35.3/lib/capybara/session.rb:104:in `driver'[0m
            [36m# /home/ec2-user/.rvm/gems/ruby-2.6.3/gems/capybara-3.35.3/lib/capybara/session.rb:90:in `initialize'[0m
            [36m# /home/ec2-user/.rvm/gems/ruby-2.6.3/gems/capybara-3.35.3/lib/capybara.rb:424:in `new'[0m
            [36m# /home/ec2-user/.rvm/gems/ruby-2.6.3/gems/capybara-3.35.3/lib/capybara.rb:424:in `block in session_pool'[0m
            [36m# /home/ec2-user/.rvm/gems/ruby-2.6.3/gems/capybara-3.35.3/lib/capybara.rb:315:in `current_session'[0m
            [36m# /home/ec2-user/.rvm/gems/ruby-2.6.3/gems/capybara-3.35.3/lib/capybara/dsl.rb:46:in `page'[0m
            [36m# ------------------[0m
            [36m# --- Caused by: ---[0m
            [36m# LoadError:[0m
            [36m#   cannot load such file -- selenium-webdriver[0m
            [36m#   /home/ec2-user/.rvm/gems/ruby-2.6.3/gems/bootsnap-1.7.2/lib/bootsnap/load_path_cache/core_ext/kernel_require.rb:34:in `require'[0m

  25) [STEP1] ãƒ¦ãƒ¼ã‚¶ãƒ¼ãƒ­ã‚°ã‚¤ãƒ³å‰ã®ãƒ†ã‚¹ãƒˆ ãƒ¦ãƒ¼ã‚¶ãƒ¼æ–°è¦ç™»éŒ²ã®ãƒ†ã‚¹ãƒˆ è¡¨ç¤ºå†…å®¹ã®ç¢ºèª æ–°è¦ç™»éŒ²ã¨è¡¨ç¤ºã•ã‚Œã‚‹
      [31mGot 0 failures and 2 other errors:[0m

      25.1) [31mFailure/Error: [0mvisit new_user_registration_path[0m
            [31m[0m
            [31mLoadError:[0m
            [31m  Capybara's selenium driver is unable to load `selenium-webdriver`, please install the gem and add `gem 'selenium-webdriver'` to your Gemfile if you are using bundler.[0m
            [36m# /home/ec2-user/.rvm/gems/ruby-2.6.3/gems/capybara-3.35.3/lib/capybara/selenium/driver.rb:54:in `rescue in load_selenium'[0m
            [36m# /home/ec2-user/.rvm/gems/ruby-2.6.3/gems/capybara-3.35.3/lib/capybara/selenium/driver.rb:22:in `load_selenium'[0m
            [36m# /home/ec2-user/.rvm/gems/ruby-2.6.3/gems/capybara-3.35.3/lib/capybara/selenium/driver.rb:94:in `initialize'[0m
            [36m# /home/ec2-user/.rvm/gems/ruby-2.6.3/gems/capybara-3.35.3/lib/capybara/session.rb:104:in `driver'[0m
            [36m# /home/ec2-user/.rvm/gems/ruby-2.6.3/gems/capybara-3.35.3/lib/capybara/session.rb:90:in `initialize'[0m
            [36m# /home/ec2-user/.rvm/gems/ruby-2.6.3/gems/capybara-3.35.3/lib/capybara.rb:424:in `new'[0m
            [36m# /home/ec2-user/.rvm/gems/ruby-2.6.3/gems/capybara-3.35.3/lib/capybara.rb:424:in `block in session_pool'[0m
            [36m# /home/ec2-user/.rvm/gems/ruby-2.6.3/gems/capybara-3.35.3/lib/capybara.rb:315:in `current_session'[0m
            [36m# /home/ec2-user/.rvm/gems/ruby-2.6.3/gems/capybara-3.35.3/lib/capybara/dsl.rb:46:in `page'[0m
            [36m# /home/ec2-user/.rvm/gems/ruby-2.6.3/gems/capybara-3.35.3/lib/capybara/dsl.rb:58:in `block (2 levels) in <module:DSL>'[0m
            [36m# ./spec/system/01_before_login_spec.rb:110:in `block (3 levels) in <main>'[0m
            [36m# ------------------[0m
            [36m# --- Caused by: ---[0m
            [36m# LoadError:[0m
            [36m#   cannot load such file -- selenium-webdriver[0m
            [36m#   /home/ec2-user/.rvm/gems/ruby-2.6.3/gems/bootsnap-1.7.2/lib/bootsnap/load_path_cache/core_ext/kernel_require.rb:34:in `require'[0m

      25.2) [31mFailure/Error: [0mraise [1;34;4mLoadError[0m, [31m[1;31m"[0m[31mCapybara's selenium driver is unable to load `selenium-webdriver`, please install the gem and add `gem 'selenium-webdriver'` to your Gemfile if you are using bundler.[1;31m"[0m[31m[0m[0m
            [31m[0m
            [31mLoadError:[0m
            [31m  Capybara's selenium driver is unable to load `selenium-webdriver`, please install the gem and add `gem 'selenium-webdriver'` to your Gemfile if you are using bundler.[0m
            [36m# /home/ec2-user/.rvm/gems/ruby-2.6.3/gems/capybara-3.35.3/lib/capybara/selenium/driver.rb:54:in `rescue in load_selenium'[0m
            [36m# /home/ec2-user/.rvm/gems/ruby-2.6.3/gems/capybara-3.35.3/lib/capybara/selenium/driver.rb:22:in `load_selenium'[0m
            [36m# /home/ec2-user/.rvm/gems/ruby-2.6.3/gems/capybara-3.35.3/lib/capybara/selenium/driver.rb:94:in `initialize'[0m
            [36m# /home/ec2-user/.rvm/gems/ruby-2.6.3/gems/capybara-3.35.3/lib/capybara/session.rb:104:in `driver'[0m
            [36m# /home/ec2-user/.rvm/gems/ruby-2.6.3/gems/capybara-3.35.3/lib/capybara/session.rb:90:in `initialize'[0m
            [36m# /home/ec2-user/.rvm/gems/ruby-2.6.3/gems/capybara-3.35.3/lib/capybara.rb:424:in `new'[0m
            [36m# /home/ec2-user/.rvm/gems/ruby-2.6.3/gems/capybara-3.35.3/lib/capybara.rb:424:in `block in session_pool'[0m
            [36m# /home/ec2-user/.rvm/gems/ruby-2.6.3/gems/capybara-3.35.3/lib/capybara.rb:315:in `current_session'[0m
            [36m# /home/ec2-user/.rvm/gems/ruby-2.6.3/gems/capybara-3.35.3/lib/capybara/dsl.rb:46:in `page'[0m
            [36m# ------------------[0m
            [36m# --- Caused by: ---[0m
            [36m# LoadError:[0m
            [36m#   cannot load such file -- selenium-webdriver[0m
            [36m#   /home/ec2-user/.rvm/gems/ruby-2.6.3/gems/bootsnap-1.7.2/lib/bootsnap/load_path_cache/core_ext/kernel_require.rb:34:in `require'[0m

  26) [STEP1] ãƒ¦ãƒ¼ã‚¶ãƒ¼ãƒ­ã‚°ã‚¤ãƒ³å‰ã®ãƒ†ã‚¹ãƒˆ ãƒ¦ãƒ¼ã‚¶ãƒ¼æ–°è¦ç™»éŒ²ã®ãƒ†ã‚¹ãƒˆ è¡¨ç¤ºå†…å®¹ã®ç¢ºèª nicknameãƒ•ã‚©ãƒ¼ãƒ ãŒè¡¨ç¤ºã•ã‚Œã‚‹
      [31mGot 0 failures and 2 other errors:[0m

      26.1) [31mFailure/Error: [0mvisit new_user_registration_path[0m
            [31m[0m
            [31mLoadError:[0m
            [31m  Capybara's selenium driver is unable to load `selenium-webdriver`, please install the gem and add `gem 'selenium-webdriver'` to your Gemfile if you are using bundler.[0m
            [36m# /home/ec2-user/.rvm/gems/ruby-2.6.3/gems/capybara-3.35.3/lib/capybara/selenium/driver.rb:54:in `rescue in load_selenium'[0m
            [36m# /home/ec2-user/.rvm/gems/ruby-2.6.3/gems/capybara-3.35.3/lib/capybara/selenium/driver.rb:22:in `load_selenium'[0m
            [36m# /home/ec2-user/.rvm/gems/ruby-2.6.3/gems/capybara-3.35.3/lib/capybara/selenium/driver.rb:94:in `initialize'[0m
            [36m# /home/ec2-user/.rvm/gems/ruby-2.6.3/gems/capybara-3.35.3/lib/capybara/session.rb:104:in `driver'[0m
            [36m# /home/ec2-user/.rvm/gems/ruby-2.6.3/gems/capybara-3.35.3/lib/capybara/session.rb:90:in `initialize'[0m
            [36m# /home/ec2-user/.rvm/gems/ruby-2.6.3/gems/capybara-3.35.3/lib/capybara.rb:424:in `new'[0m
            [36m# /home/ec2-user/.rvm/gems/ruby-2.6.3/gems/capybara-3.35.3/lib/capybara.rb:424:in `block in session_pool'[0m
            [36m# /home/ec2-user/.rvm/gems/ruby-2.6.3/gems/capybara-3.35.3/lib/capybara.rb:315:in `current_session'[0m
            [36m# /home/ec2-user/.rvm/gems/ruby-2.6.3/gems/capybara-3.35.3/lib/capybara/dsl.rb:46:in `page'[0m
            [36m# /home/ec2-user/.rvm/gems/ruby-2.6.3/gems/capybara-3.35.3/lib/capybara/dsl.rb:58:in `block (2 levels) in <module:DSL>'[0m
            [36m# ./spec/system/01_before_login_spec.rb:110:in `block (3 levels) in <main>'[0m
            [36m# ------------------[0m
            [36m# --- Caused by: ---[0m
            [36m# LoadError:[0m
            [36m#   cannot load such file -- selenium-webdriver[0m
            [36m#   /home/ec2-user/.rvm/gems/ruby-2.6.3/gems/bootsnap-1.7.2/lib/bootsnap/load_path_cache/core_ext/kernel_require.rb:34:in `require'[0m

      26.2) [31mFailure/Error: [0mraise [1;34;4mLoadError[0m, [31m[1;31m"[0m[31mCapybara's selenium driver is unable to load `selenium-webdriver`, please install the gem and add `gem 'selenium-webdriver'` to your Gemfile if you are using bundler.[1;31m"[0m[31m[0m[0m
            [31m[0m
            [31mLoadError:[0m
            [31m  Capybara's selenium driver is unable to load `selenium-webdriver`, please install the gem and add `gem 'selenium-webdriver'` to your Gemfile if you are using bundler.[0m
            [36m# /home/ec2-user/.rvm/gems/ruby-2.6.3/gems/capybara-3.35.3/lib/capybara/selenium/driver.rb:54:in `rescue in load_selenium'[0m
            [36m# /home/ec2-user/.rvm/gems/ruby-2.6.3/gems/capybara-3.35.3/lib/capybara/selenium/driver.rb:22:in `load_selenium'[0m
            [36m# /home/ec2-user/.rvm/gems/ruby-2.6.3/gems/capybara-3.35.3/lib/capybara/selenium/driver.rb:94:in `initialize'[0m
            [36m# /home/ec2-user/.rvm/gems/ruby-2.6.3/gems/capybara-3.35.3/lib/capybara/session.rb:104:in `driver'[0m
            [36m# /home/ec2-user/.rvm/gems/ruby-2.6.3/gems/capybara-3.35.3/lib/capybara/session.rb:90:in `initialize'[0m
            [36m# /home/ec2-user/.rvm/gems/ruby-2.6.3/gems/capybara-3.35.3/lib/capybara.rb:424:in `new'[0m
            [36m# /home/ec2-user/.rvm/gems/ruby-2.6.3/gems/capybara-3.35.3/lib/capybara.rb:424:in `block in session_pool'[0m
            [36m# /home/ec2-user/.rvm/gems/ruby-2.6.3/gems/capybara-3.35.3/lib/capybara.rb:315:in `current_session'[0m
            [36m# /home/ec2-user/.rvm/gems/ruby-2.6.3/gems/capybara-3.35.3/lib/capybara/dsl.rb:46:in `page'[0m
            [36m# ------------------[0m
            [36m# --- Caused by: ---[0m
            [36m# LoadError:[0m
            [36m#   cannot load such file -- selenium-webdriver[0m
            [36m#   /home/ec2-user/.rvm/gems/ruby-2.6.3/gems/bootsnap-1.7.2/lib/bootsnap/load_path_cache/core_ext/kernel_require.rb:34:in `require'[0m

  27) [STEP1] ãƒ¦ãƒ¼ã‚¶ãƒ¼ãƒ­ã‚°ã‚¤ãƒ³å‰ã®ãƒ†ã‚¹ãƒˆ ãƒ¦ãƒ¼ã‚¶ãƒ¼æ–°è¦ç™»éŒ²ã®ãƒ†ã‚¹ãƒˆ è¡¨ç¤ºå†…å®¹ã®ç¢ºèª emailãƒ•ã‚©ãƒ¼ãƒ ãŒè¡¨ç¤ºã•ã‚Œã‚‹
      [31mGot 0 failures and 2 other errors:[0m

      27.1) [31mFailure/Error: [0mvisit new_user_registration_path[0m
            [31m[0m
            [31mLoadError:[0m
            [31m  Capybara's selenium driver is unable to load `selenium-webdriver`, please install the gem and add `gem 'selenium-webdriver'` to your Gemfile if you are using bundler.[0m
            [36m# /home/ec2-user/.rvm/gems/ruby-2.6.3/gems/capybara-3.35.3/lib/capybara/selenium/driver.rb:54:in `rescue in load_selenium'[0m
            [36m# /home/ec2-user/.rvm/gems/ruby-2.6.3/gems/capybara-3.35.3/lib/capybara/selenium/driver.rb:22:in `load_selenium'[0m
            [36m# /home/ec2-user/.rvm/gems/ruby-2.6.3/gems/capybara-3.35.3/lib/capybara/selenium/driver.rb:94:in `initialize'[0m
            [36m# /home/ec2-user/.rvm/gems/ruby-2.6.3/gems/capybara-3.35.3/lib/capybara/session.rb:104:in `driver'[0m
            [36m# /home/ec2-user/.rvm/gems/ruby-2.6.3/gems/capybara-3.35.3/lib/capybara/session.rb:90:in `initialize'[0m
            [36m# /home/ec2-user/.rvm/gems/ruby-2.6.3/gems/capybara-3.35.3/lib/capybara.rb:424:in `new'[0m
            [36m# /home/ec2-user/.rvm/gems/ruby-2.6.3/gems/capybara-3.35.3/lib/capybara.rb:424:in `block in session_pool'[0m
            [36m# /home/ec2-user/.rvm/gems/ruby-2.6.3/gems/capybara-3.35.3/lib/capybara.rb:315:in `current_session'[0m
            [36m# /home/ec2-user/.rvm/gems/ruby-2.6.3/gems/capybara-3.35.3/lib/capybara/dsl.rb:46:in `page'[0m
            [36m# /home/ec2-user/.rvm/gems/ruby-2.6.3/gems/capybara-3.35.3/lib/capybara/dsl.rb:58:in `block (2 levels) in <module:DSL>'[0m
            [36m# ./spec/system/01_before_login_spec.rb:110:in `block (3 levels) in <main>'[0m
            [36m# ------------------[0m
            [36m# --- Caused by: ---[0m
            [36m# LoadError:[0m
            [36m#   cannot load such file -- selenium-webdriver[0m
            [36m#   /home/ec2-user/.rvm/gems/ruby-2.6.3/gems/bootsnap-1.7.2/lib/bootsnap/load_path_cache/core_ext/kernel_require.rb:34:in `require'[0m

      27.2) [31mFailure/Error: [0mraise [1;34;4mLoadError[0m, [31m[1;31m"[0m[31mCapybara's selenium driver is unable to load `selenium-webdriver`, please install the gem and add `gem 'selenium-webdriver'` to your Gemfile if you are using bundler.[1;31m"[0m[31m[0m[0m
            [31m[0m
            [31mLoadError:[0m
            [31m  Capybara's selenium driver is unable to load `selenium-webdriver`, please install the gem and add `gem 'selenium-webdriver'` to your Gemfile if you are using bundler.[0m
            [36m# /home/ec2-user/.rvm/gems/ruby-2.6.3/gems/capybara-3.35.3/lib/capybara/selenium/driver.rb:54:in `rescue in load_selenium'[0m
            [36m# /home/ec2-user/.rvm/gems/ruby-2.6.3/gems/capybara-3.35.3/lib/capybara/selenium/driver.rb:22:in `load_selenium'[0m
            [36m# /home/ec2-user/.rvm/gems/ruby-2.6.3/gems/capybara-3.35.3/lib/capybara/selenium/driver.rb:94:in `initialize'[0m
            [36m# /home/ec2-user/.rvm/gems/ruby-2.6.3/gems/capybara-3.35.3/lib/capybara/session.rb:104:in `driver'[0m
            [36m# /home/ec2-user/.rvm/gems/ruby-2.6.3/gems/capybara-3.35.3/lib/capybara/session.rb:90:in `initialize'[0m
            [36m# /home/ec2-user/.rvm/gems/ruby-2.6.3/gems/capybara-3.35.3/lib/capybara.rb:424:in `new'[0m
            [36m# /home/ec2-user/.rvm/gems/ruby-2.6.3/gems/capybara-3.35.3/lib/capybara.rb:424:in `block in session_pool'[0m
            [36m# /home/ec2-user/.rvm/gems/ruby-2.6.3/gems/capybara-3.35.3/lib/capybara.rb:315:in `current_session'[0m
            [36m# /home/ec2-user/.rvm/gems/ruby-2.6.3/gems/capybara-3.35.3/lib/capybara/dsl.rb:46:in `page'[0m
            [36m# ------------------[0m
            [36m# --- Caused by: ---[0m
            [36m# LoadError:[0m
            [36m#   cannot load such file -- selenium-webdriver[0m
            [36m#   /home/ec2-user/.rvm/gems/ruby-2.6.3/gems/bootsnap-1.7.2/lib/bootsnap/load_path_cache/core_ext/kernel_require.rb:34:in `require'[0m

  28) [STEP1] ãƒ¦ãƒ¼ã‚¶ãƒ¼ãƒ­ã‚°ã‚¤ãƒ³å‰ã®ãƒ†ã‚¹ãƒˆ ãƒ¦ãƒ¼ã‚¶ãƒ¼æ–°è¦ç™»éŒ²ã®ãƒ†ã‚¹ãƒˆ è¡¨ç¤ºå†…å®¹ã®ç¢ºèª passwordãƒ•ã‚©ãƒ¼ãƒ ãŒè¡¨ç¤ºã•ã‚Œã‚‹
      [31mGot 0 failures and 2 other errors:[0m

      28.1) [31mFailure/Error: [0mvisit new_user_registration_path[0m
            [31m[0m
            [31mLoadError:[0m
            [31m  Capybara's selenium driver is unable to load `selenium-webdriver`, please install the gem and add `gem 'selenium-webdriver'` to your Gemfile if you are using bundler.[0m
            [36m# /home/ec2-user/.rvm/gems/ruby-2.6.3/gems/capybara-3.35.3/lib/capybara/selenium/driver.rb:54:in `rescue in load_selenium'[0m
            [36m# /home/ec2-user/.rvm/gems/ruby-2.6.3/gems/capybara-3.35.3/lib/capybara/selenium/driver.rb:22:in `load_selenium'[0m
            [36m# /home/ec2-user/.rvm/gems/ruby-2.6.3/gems/capybara-3.35.3/lib/capybara/selenium/driver.rb:94:in `initialize'[0m
            [36m# /home/ec2-user/.rvm/gems/ruby-2.6.3/gems/capybara-3.35.3/lib/capybara/session.rb:104:in `driver'[0m
            [36m# /home/ec2-user/.rvm/gems/ruby-2.6.3/gems/capybara-3.35.3/lib/capybara/session.rb:90:in `initialize'[0m
            [36m# /home/ec2-user/.rvm/gems/ruby-2.6.3/gems/capybara-3.35.3/lib/capybara.rb:424:in `new'[0m
            [36m# /home/ec2-user/.rvm/gems/ruby-2.6.3/gems/capybara-3.35.3/lib/capybara.rb:424:in `block in session_pool'[0m
            [36m# /home/ec2-user/.rvm/gems/ruby-2.6.3/gems/capybara-3.35.3/lib/capybara.rb:315:in `current_session'[0m
            [36m# /home/ec2-user/.rvm/gems/ruby-2.6.3/gems/capybara-3.35.3/lib/capybara/dsl.rb:46:in `page'[0m
            [36m# /home/ec2-user/.rvm/gems/ruby-2.6.3/gems/capybara-3.35.3/lib/capybara/dsl.rb:58:in `block (2 levels) in <module:DSL>'[0m
            [36m# ./spec/system/01_before_login_spec.rb:110:in `block (3 levels) in <main>'[0m
            [36m# ------------------[0m
            [36m# --- Caused by: ---[0m
            [36m# LoadError:[0m
            [36m#   cannot load such file -- selenium-webdriver[0m
            [36m#   /home/ec2-user/.rvm/gems/ruby-2.6.3/gems/bootsnap-1.7.2/lib/bootsnap/load_path_cache/core_ext/kernel_require.rb:34:in `require'[0m

      28.2) [31mFailure/Error: [0mraise [1;34;4mLoadError[0m, [31m[1;31m"[0m[31mCapybara's selenium driver is unable to load `selenium-webdriver`, please install the gem and add `gem 'selenium-webdriver'` to your Gemfile if you are using bundler.[1;31m"[0m[31m[0m[0m
            [31m[0m
            [31mLoadError:[0m
            [31m  Capybara's selenium driver is unable to load `selenium-webdriver`, please install the gem and add `gem 'selenium-webdriver'` to your Gemfile if you are using bundler.[0m
            [36m# /home/ec2-user/.rvm/gems/ruby-2.6.3/gems/capybara-3.35.3/lib/capybara/selenium/driver.rb:54:in `rescue in load_selenium'[0m
            [36m# /home/ec2-user/.rvm/gems/ruby-2.6.3/gems/capybara-3.35.3/lib/capybara/selenium/driver.rb:22:in `load_selenium'[0m
            [36m# /home/ec2-user/.rvm/gems/ruby-2.6.3/gems/capybara-3.35.3/lib/capybara/selenium/driver.rb:94:in `initialize'[0m
            [36m# /home/ec2-user/.rvm/gems/ruby-2.6.3/gems/capybara-3.35.3/lib/capybara/session.rb:104:in `driver'[0m
            [36m# /home/ec2-user/.rvm/gems/ruby-2.6.3/gems/capybara-3.35.3/lib/capybara/session.rb:90:in `initialize'[0m
            [36m# /home/ec2-user/.rvm/gems/ruby-2.6.3/gems/capybara-3.35.3/lib/capybara.rb:424:in `new'[0m
            [36m# /home/ec2-user/.rvm/gems/ruby-2.6.3/gems/capybara-3.35.3/lib/capybara.rb:424:in `block in session_pool'[0m
            [36m# /home/ec2-user/.rvm/gems/ruby-2.6.3/gems/capybara-3.35.3/lib/capybara.rb:315:in `current_session'[0m
            [36m# /home/ec2-user/.rvm/gems/ruby-2.6.3/gems/capybara-3.35.3/lib/capybara/dsl.rb:46:in `page'[0m
            [36m# ------------------[0m
            [36m# --- Caused by: ---[0m
            [36m# LoadError:[0m
            [36m#   cannot load such file -- selenium-webdriver[0m
            [36m#   /home/ec2-user/.rvm/gems/ruby-2.6.3/gems/bootsnap-1.7.2/lib/bootsnap/load_path_cache/core_ext/kernel_require.rb:34:in `require'[0m

  29) [STEP1] ãƒ¦ãƒ¼ã‚¶ãƒ¼ãƒ­ã‚°ã‚¤ãƒ³å‰ã®ãƒ†ã‚¹ãƒˆ ãƒ¦ãƒ¼ã‚¶ãƒ¼æ–°è¦ç™»éŒ²ã®ãƒ†ã‚¹ãƒˆ è¡¨ç¤ºå†…å®¹ã®ç¢ºèª password_confirmtaionãƒ•ã‚©ãƒ¼ãƒ ãŒè¡¨ç¤ºã•ã‚Œã‚‹
      [31mGot 0 failures and 2 other errors:[0m

      29.1) [31mFailure/Error: [0mvisit new_user_registration_path[0m
            [31m[0m
            [31mLoadError:[0m
            [31m  Capybara's selenium driver is unable to load `selenium-webdriver`, please install the gem and add `gem 'selenium-webdriver'` to your Gemfile if you are using bundler.[0m
            [36m# /home/ec2-user/.rvm/gems/ruby-2.6.3/gems/capybara-3.35.3/lib/capybara/selenium/driver.rb:54:in `rescue in load_selenium'[0m
            [36m# /home/ec2-user/.rvm/gems/ruby-2.6.3/gems/capybara-3.35.3/lib/capybara/selenium/driver.rb:22:in `load_selenium'[0m
            [36m# /home/ec2-user/.rvm/gems/ruby-2.6.3/gems/capybara-3.35.3/lib/capybara/selenium/driver.rb:94:in `initialize'[0m
            [36m# /home/ec2-user/.rvm/gems/ruby-2.6.3/gems/capybara-3.35.3/lib/capybara/session.rb:104:in `driver'[0m
            [36m# /home/ec2-user/.rvm/gems/ruby-2.6.3/gems/capybara-3.35.3/lib/capybara/session.rb:90:in `initialize'[0m
            [36m# /home/ec2-user/.rvm/gems/ruby-2.6.3/gems/capybara-3.35.3/lib/capybara.rb:424:in `new'[0m
            [36m# /home/ec2-user/.rvm/gems/ruby-2.6.3/gems/capybara-3.35.3/lib/capybara.rb:424:in `block in session_pool'[0m
            [36m# /home/ec2-user/.rvm/gems/ruby-2.6.3/gems/capybara-3.35.3/lib/capybara.rb:315:in `current_session'[0m
            [36m# /home/ec2-user/.rvm/gems/ruby-2.6.3/gems/capybara-3.35.3/lib/capybara/dsl.rb:46:in `page'[0m
            [36m# /home/ec2-user/.rvm/gems/ruby-2.6.3/gems/capybara-3.35.3/lib/capybara/dsl.rb:58:in `block (2 levels) in <module:DSL>'[0m
            [36m# ./spec/system/01_before_login_spec.rb:110:in `block (3 levels) in <main>'[0m
            [36m# ------------------[0m
            [36m# --- Caused by: ---[0m
            [36m# LoadError:[0m
            [36m#   cannot load such file -- selenium-webdriver[0m
            [36m#   /home/ec2-user/.rvm/gems/ruby-2.6.3/gems/bootsnap-1.7.2/lib/bootsnap/load_path_cache/core_ext/kernel_require.rb:34:in `require'[0m

      29.2) [31mFailure/Error: [0mraise [1;34;4mLoadError[0m, [31m[1;31m"[0m[31mCapybara's selenium driver is unable to load `selenium-webdriver`, please install the gem and add `gem 'selenium-webdriver'` to your Gemfile if you are using bundler.[1;31m"[0m[31m[0m[0m
            [31m[0m
            [31mLoadError:[0m
            [31m  Capybara's selenium driver is unable to load `selenium-webdriver`, please install the gem and add `gem 'selenium-webdriver'` to your Gemfile if you are using bundler.[0m
            [36m# /home/ec2-user/.rvm/gems/ruby-2.6.3/gems/capybara-3.35.3/lib/capybara/selenium/driver.rb:54:in `rescue in load_selenium'[0m
            [36m# /home/ec2-user/.rvm/gems/ruby-2.6.3/gems/capybara-3.35.3/lib/capybara/selenium/driver.rb:22:in `load_selenium'[0m
            [36m# /home/ec2-user/.rvm/gems/ruby-2.6.3/gems/capybara-3.35.3/lib/capybara/selenium/driver.rb:94:in `initialize'[0m
            [36m# /home/ec2-user/.rvm/gems/ruby-2.6.3/gems/capybara-3.35.3/lib/capybara/session.rb:104:in `driver'[0m
            [36m# /home/ec2-user/.rvm/gems/ruby-2.6.3/gems/capybara-3.35.3/lib/capybara/session.rb:90:in `initialize'[0m
            [36m# /home/ec2-user/.rvm/gems/ruby-2.6.3/gems/capybara-3.35.3/lib/capybara.rb:424:in `new'[0m
            [36m# /home/ec2-user/.rvm/gems/ruby-2.6.3/gems/capybara-3.35.3/lib/capybara.rb:424:in `block in session_pool'[0m
            [36m# /home/ec2-user/.rvm/gems/ruby-2.6.3/gems/capybara-3.35.3/lib/capybara.rb:315:in `current_session'[0m
            [36m# /home/ec2-user/.rvm/gems/ruby-2.6.3/gems/capybara-3.35.3/lib/capybara/dsl.rb:46:in `page'[0m
            [36m# ------------------[0m
            [36m# --- Caused by: ---[0m
            [36m# LoadError:[0m
            [36m#   cannot load such file -- selenium-webdriver[0m
            [36m#   /home/ec2-user/.rvm/gems/ruby-2.6.3/gems/bootsnap-1.7.2/lib/bootsnap/load_path_cache/core_ext/kernel_require.rb:34:in `require'[0m

  30) [STEP1] ãƒ¦ãƒ¼ã‚¶ãƒ¼ãƒ­ã‚°ã‚¤ãƒ³å‰ã®ãƒ†ã‚¹ãƒˆ ãƒ¦ãƒ¼ã‚¶ãƒ¼æ–°è¦ç™»éŒ²ã®ãƒ†ã‚¹ãƒˆ è¡¨ç¤ºå†…å®¹ã®ç¢ºèª æ–°è¦ç™»éŒ²ãƒœã‚¿ãƒ³ãŒè¡¨ç¤ºã•ã‚Œã‚‹
      [31mGot 0 failures and 2 other errors:[0m

      30.1) [31mFailure/Error: [0mvisit new_user_registration_path[0m
            [31m[0m
            [31mLoadError:[0m
            [31m  Capybara's selenium driver is unable to load `selenium-webdriver`, please install the gem and add `gem 'selenium-webdriver'` to your Gemfile if you are using bundler.[0m
            [36m# /home/ec2-user/.rvm/gems/ruby-2.6.3/gems/capybara-3.35.3/lib/capybara/selenium/driver.rb:54:in `rescue in load_selenium'[0m
            [36m# /home/ec2-user/.rvm/gems/ruby-2.6.3/gems/capybara-3.35.3/lib/capybara/selenium/driver.rb:22:in `load_selenium'[0m
            [36m# /home/ec2-user/.rvm/gems/ruby-2.6.3/gems/capybara-3.35.3/lib/capybara/selenium/driver.rb:94:in `initialize'[0m
            [36m# /home/ec2-user/.rvm/gems/ruby-2.6.3/gems/capybara-3.35.3/lib/capybara/session.rb:104:in `driver'[0m
            [36m# /home/ec2-user/.rvm/gems/ruby-2.6.3/gems/capybara-3.35.3/lib/capybara/session.rb:90:in `initialize'[0m
            [36m# /home/ec2-user/.rvm/gems/ruby-2.6.3/gems/capybara-3.35.3/lib/capybara.rb:424:in `new'[0m
            [36m# /home/ec2-user/.rvm/gems/ruby-2.6.3/gems/capybara-3.35.3/lib/capybara.rb:424:in `block in session_pool'[0m
            [36m# /home/ec2-user/.rvm/gems/ruby-2.6.3/gems/capybara-3.35.3/lib/capybara.rb:315:in `current_session'[0m
            [36m# /home/ec2-user/.rvm/gems/ruby-2.6.3/gems/capybara-3.35.3/lib/capybara/dsl.rb:46:in `page'[0m
            [36m# /home/ec2-user/.rvm/gems/ruby-2.6.3/gems/capybara-3.35.3/lib/capybara/dsl.rb:58:in `block (2 levels) in <module:DSL>'[0m
            [36m# ./spec/system/01_before_login_spec.rb:110:in `block (3 levels) in <main>'[0m
            [36m# ------------------[0m
            [36m# --- Caused by: ---[0m
            [36m# LoadError:[0m
            [36m#   cannot load such file -- selenium-webdriver[0m
            [36m#   /home/ec2-user/.rvm/gems/ruby-2.6.3/gems/bootsnap-1.7.2/lib/bootsnap/load_path_cache/core_ext/kernel_require.rb:34:in `require'[0m

      30.2) [31mFailure/Error: [0mraise [1;34;4mLoadError[0m, [31m[1;31m"[0m[31mCapybara's selenium driver is unable to load `selenium-webdriver`, please install the gem and add `gem 'selenium-webdriver'` to your Gemfile if you are using bundler.[1;31m"[0m[31m[0m[0m
            [31m[0m
            [31mLoadError:[0m
            [31m  Capybara's selenium driver is unable to load `selenium-webdriver`, please install the gem and add `gem 'selenium-webdriver'` to your Gemfile if you are using bundler.[0m
            [36m# /home/ec2-user/.rvm/gems/ruby-2.6.3/gems/capybara-3.35.3/lib/capybara/selenium/driver.rb:54:in `rescue in load_selenium'[0m
            [36m# /home/ec2-user/.rvm/gems/ruby-2.6.3/gems/capybara-3.35.3/lib/capybara/selenium/driver.rb:22:in `load_selenium'[0m
            [36m# /home/ec2-user/.rvm/gems/ruby-2.6.3/gems/capybara-3.35.3/lib/capybara/selenium/driver.rb:94:in `initialize'[0m
            [36m# /home/ec2-user/.rvm/gems/ruby-2.6.3/gems/capybara-3.35.3/lib/capybara/session.rb:104:in `driver'[0m
            [36m# /home/ec2-user/.rvm/gems/ruby-2.6.3/gems/capybara-3.35.3/lib/capybara/session.rb:90:in `initialize'[0m
            [36m# /home/ec2-user/.rvm/gems/ruby-2.6.3/gems/capybara-3.35.3/lib/capybara.rb:424:in `new'[0m
            [36m# /home/ec2-user/.rvm/gems/ruby-2.6.3/gems/capybara-3.35.3/lib/capybara.rb:424:in `block in session_pool'[0m
            [36m# /home/ec2-user/.rvm/gems/ruby-2.6.3/gems/capybara-3.35.3/lib/capybara.rb:315:in `current_session'[0m
            [36m# /home/ec2-user/.rvm/gems/ruby-2.6.3/gems/capybara-3.35.3/lib/capybara/dsl.rb:46:in `page'[0m
            [36m# ------------------[0m
            [36m# --- Caused by: ---[0m
            [36m# LoadError:[0m
            [36m#   cannot load such file -- selenium-webdriver[0m
            [36m#   /home/ec2-user/.rvm/gems/ruby-2.6.3/gems/bootsnap-1.7.2/lib/bootsnap/load_path_cache/core_ext/kernel_require.rb:34:in `require'[0m

  31) [STEP1] ãƒ¦ãƒ¼ã‚¶ãƒ¼ãƒ­ã‚°ã‚¤ãƒ³å‰ã®ãƒ†ã‚¹ãƒˆ ãƒ¦ãƒ¼ã‚¶ãƒ¼æ–°è¦ç™»éŒ²ã®ãƒ†ã‚¹ãƒˆ æ–°è¦ç™»éŒ²ã®ãƒ†ã‚¹ãƒˆ æ­£ã—ãç™»éŒ²ã•ã‚Œã‚‹
      [31mGot 0 failures and 2 other errors:[0m

      31.1) [31mFailure/Error: [0mvisit new_user_registration_path[0m
            [31m[0m
            [31mLoadError:[0m
            [31m  Capybara's selenium driver is unable to load `selenium-webdriver`, please install the gem and add `gem 'selenium-webdriver'` to your Gemfile if you are using bundler.[0m
            [36m# /home/ec2-user/.rvm/gems/ruby-2.6.3/gems/capybara-3.35.3/lib/capybara/selenium/driver.rb:54:in `rescue in load_selenium'[0m
            [36m# /home/ec2-user/.rvm/gems/ruby-2.6.3/gems/capybara-3.35.3/lib/capybara/selenium/driver.rb:22:in `load_selenium'[0m
            [36m# /home/ec2-user/.rvm/gems/ruby-2.6.3/gems/capybara-3.35.3/lib/capybara/selenium/driver.rb:94:in `initialize'[0m
            [36m# /home/ec2-user/.rvm/gems/ruby-2.6.3/gems/capybara-3.35.3/lib/capybara/session.rb:104:in `driver'[0m
            [36m# /home/ec2-user/.rvm/gems/ruby-2.6.3/gems/capybara-3.35.3/lib/capybara/session.rb:90:in `initialize'[0m
            [36m# /home/ec2-user/.rvm/gems/ruby-2.6.3/gems/capybara-3.35.3/lib/capybara.rb:424:in `new'[0m
            [36m# /home/ec2-user/.rvm/gems/ruby-2.6.3/gems/capybara-3.35.3/lib/capybara.rb:424:in `block in session_pool'[0m
            [36m# /home/ec2-user/.rvm/gems/ruby-2.6.3/gems/capybara-3.35.3/lib/capybara.rb:315:in `current_session'[0m
            [36m# /home/ec2-user/.rvm/gems/ruby-2.6.3/gems/capybara-3.35.3/lib/capybara/dsl.rb:46:in `page'[0m
            [36m# /home/ec2-user/.rvm/gems/ruby-2.6.3/gems/capybara-3.35.3/lib/capybara/dsl.rb:58:in `block (2 levels) in <module:DSL>'[0m
            [36m# ./spec/system/01_before_login_spec.rb:110:in `block (3 levels) in <main>'[0m
            [36m# ------------------[0m
            [36m# --- Caused by: ---[0m
            [36m# LoadError:[0m
            [36m#   cannot load such file -- selenium-webdriver[0m
            [36m#   /home/ec2-user/.rvm/gems/ruby-2.6.3/gems/bootsnap-1.7.2/lib/bootsnap/load_path_cache/core_ext/kernel_require.rb:34:in `require'[0m

      31.2) [31mFailure/Error: [0mraise [1;34;4mLoadError[0m, [31m[1;31m"[0m[31mCapybara's selenium driver is unable to load `selenium-webdriver`, please install the gem and add `gem 'selenium-webdriver'` to your Gemfile if you are using bundler.[1;31m"[0m[31m[0m[0m
            [31m[0m
            [31mLoadError:[0m
            [31m  Capybara's selenium driver is unable to load `selenium-webdriver`, please install the gem and add `gem 'selenium-webdriver'` to your Gemfile if you are using bundler.[0m
            [36m# /home/ec2-user/.rvm/gems/ruby-2.6.3/gems/capybara-3.35.3/lib/capybara/selenium/driver.rb:54:in `rescue in load_selenium'[0m
            [36m# /home/ec2-user/.rvm/gems/ruby-2.6.3/gems/capybara-3.35.3/lib/capybara/selenium/driver.rb:22:in `load_selenium'[0m
            [36m# /home/ec2-user/.rvm/gems/ruby-2.6.3/gems/capybara-3.35.3/lib/capybara/selenium/driver.rb:94:in `initialize'[0m
            [36m# /home/ec2-user/.rvm/gems/ruby-2.6.3/gems/capybara-3.35.3/lib/capybara/session.rb:104:in `driver'[0m
            [36m# /home/ec2-user/.rvm/gems/ruby-2.6.3/gems/capybara-3.35.3/lib/capybara/session.rb:90:in `initialize'[0m
            [36m# /home/ec2-user/.rvm/gems/ruby-2.6.3/gems/capybara-3.35.3/lib/capybara.rb:424:in `new'[0m
            [36m# /home/ec2-user/.rvm/gems/ruby-2.6.3/gems/capybara-3.35.3/lib/capybara.rb:424:in `block in session_pool'[0m
            [36m# /home/ec2-user/.rvm/gems/ruby-2.6.3/gems/capybara-3.35.3/lib/capybara.rb:315:in `current_session'[0m
            [36m# /home/ec2-user/.rvm/gems/ruby-2.6.3/gems/capybara-3.35.3/lib/capybara/dsl.rb:46:in `page'[0m
            [36m# ------------------[0m
            [36m# --- Caused by: ---[0m
            [36m# LoadError:[0m
            [36m#   cannot load such file -- selenium-webdriver[0m
            [36m#   /home/ec2-user/.rvm/gems/ruby-2.6.3/gems/bootsnap-1.7.2/lib/bootsnap/load_path_cache/core_ext/kernel_require.rb:34:in `require'[0m

  32) [STEP1] ãƒ¦ãƒ¼ã‚¶ãƒ¼ãƒ­ã‚°ã‚¤ãƒ³å‰ã®ãƒ†ã‚¹ãƒˆ ãƒ¦ãƒ¼ã‚¶ãƒ¼æ–°è¦ç™»éŒ²ã®ãƒ†ã‚¹ãƒˆ æ–°è¦ç™»éŒ²ã®ãƒ†ã‚¹ãƒˆ æ–°è¦ç™»éŒ²å¾Œã®ãƒªãƒ€ã‚¤ãƒ¬ã‚¯ãƒˆå…ˆãŒã€æ–°è¦ç™»éŒ²ã§ã§ããŸãƒ¦ãƒ¼ã‚¶ã®è©³ç´°ç”»é¢ã«ãªã£ã¦ã„ã‚‹
      [31mGot 0 failures and 2 other errors:[0m

      32.1) [31mFailure/Error: [0mvisit new_user_registration_path[0m
            [31m[0m
            [31mLoadError:[0m
            [31m  Capybara's selenium driver is unable to load `selenium-webdriver`, please install the gem and add `gem 'selenium-webdriver'` to your Gemfile if you are using bundler.[0m
            [36m# /home/ec2-user/.rvm/gems/ruby-2.6.3/gems/capybara-3.35.3/lib/capybara/selenium/driver.rb:54:in `rescue in load_selenium'[0m
            [36m# /home/ec2-user/.rvm/gems/ruby-2.6.3/gems/capybara-3.35.3/lib/capybara/selenium/driver.rb:22:in `load_selenium'[0m
            [36m# /home/ec2-user/.rvm/gems/ruby-2.6.3/gems/capybara-3.35.3/lib/capybara/selenium/driver.rb:94:in `initialize'[0m
            [36m# /home/ec2-user/.rvm/gems/ruby-2.6.3/gems/capybara-3.35.3/lib/capybara/session.rb:104:in `driver'[0m
            [36m# /home/ec2-user/.rvm/gems/ruby-2.6.3/gems/capybara-3.35.3/lib/capybara/session.rb:90:in `initialize'[0m
            [36m# /home/ec2-user/.rvm/gems/ruby-2.6.3/gems/capybara-3.35.3/lib/capybara.rb:424:in `new'[0m
            [36m# /home/ec2-user/.rvm/gems/ruby-2.6.3/gems/capybara-3.35.3/lib/capybara.rb:424:in `block in session_pool'[0m
            [36m# /home/ec2-user/.rvm/gems/ruby-2.6.3/gems/capybara-3.35.3/lib/capybara.rb:315:in `current_session'[0m
            [36m# /home/ec2-user/.rvm/gems/ruby-2.6.3/gems/capybara-3.35.3/lib/capybara/dsl.rb:46:in `page'[0m
            [36m# /home/ec2-user/.rvm/gems/ruby-2.6.3/gems/capybara-3.35.3/lib/capybara/dsl.rb:58:in `block (2 levels) in <module:DSL>'[0m
            [36m# ./spec/system/01_before_login_spec.rb:110:in `block (3 levels) in <main>'[0m
            [36m# ------------------[0m
            [36m# --- Caused by: ---[0m
            [36m# LoadError:[0m
            [36m#   cannot load such file -- selenium-webdriver[0m
            [36m#   /home/ec2-user/.rvm/gems/ruby-2.6.3/gems/bootsnap-1.7.2/lib/bootsnap/load_path_cache/core_ext/kernel_require.rb:34:in `require'[0m

      32.2) [31mFailure/Error: [0mraise [1;34;4mLoadError[0m, [31m[1;31m"[0m[31mCapybara's selenium driver is unable to load `selenium-webdriver`, please install the gem and add `gem 'selenium-webdriver'` to your Gemfile if you are using bundler.[1;31m"[0m[31m[0m[0m
            [31m[0m
            [31mLoadError:[0m
            [31m  Capybara's selenium driver is unable to load `selenium-webdriver`, please install the gem and add `gem 'selenium-webdriver'` to your Gemfile if you are using bundler.[0m
            [36m# /home/ec2-user/.rvm/gems/ruby-2.6.3/gems/capybara-3.35.3/lib/capybara/selenium/driver.rb:54:in `rescue in load_selenium'[0m
            [36m# /home/ec2-user/.rvm/gems/ruby-2.6.3/gems/capybara-3.35.3/lib/capybara/selenium/driver.rb:22:in `load_selenium'[0m
            [36m# /home/ec2-user/.rvm/gems/ruby-2.6.3/gems/capybara-3.35.3/lib/capybara/selenium/driver.rb:94:in `initialize'[0m
            [36m# /home/ec2-user/.rvm/gems/ruby-2.6.3/gems/capybara-3.35.3/lib/capybara/session.rb:104:in `driver'[0m
            [36m# /home/ec2-user/.rvm/gems/ruby-2.6.3/gems/capybara-3.35.3/lib/capybara/session.rb:90:in `initialize'[0m
            [36m# /home/ec2-user/.rvm/gems/ruby-2.6.3/gems/capybara-3.35.3/lib/capybara.rb:424:in `new'[0m
            [36m# /home/ec2-user/.rvm/gems/ruby-2.6.3/gems/capybara-3.35.3/lib/capybara.rb:424:in `block in session_pool'[0m
            [36m# /home/ec2-user/.rvm/gems/ruby-2.6.3/gems/capybara-3.35.3/lib/capybara.rb:315:in `current_session'[0m
            [36m# /home/ec2-user/.rvm/gems/ruby-2.6.3/gems/capybara-3.35.3/lib/capybara/dsl.rb:46:in `page'[0m
            [36m# ------------------[0m
            [36m# --- Caused by: ---[0m
            [36m# LoadError:[0m
            [36m#   cannot load such file -- selenium-webdriver[0m
            [36m#   /home/ec2-user/.rvm/gems/ruby-2.6.3/gems/bootsnap-1.7.2/lib/bootsnap/load_path_cache/core_ext/kernel_require.rb:34:in `require'[0m

  33) [STEP1] ãƒ¦ãƒ¼ã‚¶ãƒ¼ãƒ­ã‚°ã‚¤ãƒ³å‰ã®ãƒ†ã‚¹ãƒˆ ãƒ¦ãƒ¼ã‚¶ãƒ¼ãƒ­ã‚°ã‚¤ãƒ³ã®ãƒ†ã‚¹ãƒˆ è¡¨ç¤ºå†…å®¹ã®ç¢ºèª URLãŒæ­£ã—ã„
      [31mGot 0 failures and 2 other errors:[0m

      33.1) [31mFailure/Error: [0mvisit new_user_session_path[0m
            [31m[0m
            [31mLoadError:[0m
            [31m  Capybara's selenium driver is unable to load `selenium-webdriver`, please install the gem and add `gem 'selenium-webdriver'` to your Gemfile if you are using bundler.[0m
            [36m# /home/ec2-user/.rvm/gems/ruby-2.6.3/gems/capybara-3.35.3/lib/capybara/selenium/driver.rb:54:in `rescue in load_selenium'[0m
            [36m# /home/ec2-user/.rvm/gems/ruby-2.6.3/gems/capybara-3.35.3/lib/capybara/selenium/driver.rb:22:in `load_selenium'[0m
            [36m# /home/ec2-user/.rvm/gems/ruby-2.6.3/gems/capybara-3.35.3/lib/capybara/selenium/driver.rb:94:in `initialize'[0m
            [36m# /home/ec2-user/.rvm/gems/ruby-2.6.3/gems/capybara-3.35.3/lib/capybara/session.rb:104:in `driver'[0m
            [36m# /home/ec2-user/.rvm/gems/ruby-2.6.3/gems/capybara-3.35.3/lib/capybara/session.rb:90:in `initialize'[0m
            [36m# /home/ec2-user/.rvm/gems/ruby-2.6.3/gems/capybara-3.35.3/lib/capybara.rb:424:in `new'[0m
            [36m# /home/ec2-user/.rvm/gems/ruby-2.6.3/gems/capybara-3.35.3/lib/capybara.rb:424:in `block in session_pool'[0m
            [36m# /home/ec2-user/.rvm/gems/ruby-2.6.3/gems/capybara-3.35.3/lib/capybara.rb:315:in `current_session'[0m
            [36m# /home/ec2-user/.rvm/gems/ruby-2.6.3/gems/capybara-3.35.3/lib/capybara/dsl.rb:46:in `page'[0m
            [36m# /home/ec2-user/.rvm/gems/ruby-2.6.3/gems/capybara-3.35.3/lib/capybara/dsl.rb:58:in `block (2 levels) in <module:DSL>'[0m
            [36m# ./spec/system/01_before_login_spec.rb:159:in `block (3 levels) in <main>'[0m
            [36m# ------------------[0m
            [36m# --- Caused by: ---[0m
            [36m# LoadError:[0m
            [36m#   cannot load such file -- selenium-webdriver[0m
            [36m#   /home/ec2-user/.rvm/gems/ruby-2.6.3/gems/bootsnap-1.7.2/lib/bootsnap/load_path_cache/core_ext/kernel_require.rb:34:in `require'[0m

      33.2) [31mFailure/Error: [0mraise [1;34;4mLoadError[0m, [31m[1;31m"[0m[31mCapybara's selenium driver is unable to load `selenium-webdriver`, please install the gem and add `gem 'selenium-webdriver'` to your Gemfile if you are using bundler.[1;31m"[0m[31m[0m[0m
            [31m[0m
            [31mLoadError:[0m
            [31m  Capybara's selenium driver is unable to load `selenium-webdriver`, please install the gem and add `gem 'selenium-webdriver'` to your Gemfile if you are using bundler.[0m
            [36m# /home/ec2-user/.rvm/gems/ruby-2.6.3/gems/capybara-3.35.3/lib/capybara/selenium/driver.rb:54:in `rescue in load_selenium'[0m
            [36m# /home/ec2-user/.rvm/gems/ruby-2.6.3/gems/capybara-3.35.3/lib/capybara/selenium/driver.rb:22:in `load_selenium'[0m
            [36m# /home/ec2-user/.rvm/gems/ruby-2.6.3/gems/capybara-3.35.3/lib/capybara/selenium/driver.rb:94:in `initialize'[0m
            [36m# /home/ec2-user/.rvm/gems/ruby-2.6.3/gems/capybara-3.35.3/lib/capybara/session.rb:104:in `driver'[0m
            [36m# /home/ec2-user/.rvm/gems/ruby-2.6.3/gems/capybara-3.35.3/lib/capybara/session.rb:90:in `initialize'[0m
            [36m# /home/ec2-user/.rvm/gems/ruby-2.6.3/gems/capybara-3.35.3/lib/capybara.rb:424:in `new'[0m
            [36m# /home/ec2-user/.rvm/gems/ruby-2.6.3/gems/capybara-3.35.3/lib/capybara.rb:424:in `block in session_pool'[0m
            [36m# /home/ec2-user/.rvm/gems/ruby-2.6.3/gems/capybara-3.35.3/lib/capybara.rb:315:in `current_session'[0m
            [36m# /home/ec2-user/.rvm/gems/ruby-2.6.3/gems/capybara-3.35.3/lib/capybara/dsl.rb:46:in `page'[0m
            [36m# ------------------[0m
            [36m# --- Caused by: ---[0m
            [36m# LoadError:[0m
            [36m#   cannot load such file -- selenium-webdriver[0m
            [36m#   /home/ec2-user/.rvm/gems/ruby-2.6.3/gems/bootsnap-1.7.2/lib/bootsnap/load_path_cache/core_ext/kernel_require.rb:34:in `require'[0m

  34) [STEP1] ãƒ¦ãƒ¼ã‚¶ãƒ¼ãƒ­ã‚°ã‚¤ãƒ³å‰ã®ãƒ†ã‚¹ãƒˆ ãƒ¦ãƒ¼ã‚¶ãƒ¼ãƒ­ã‚°ã‚¤ãƒ³ã®ãƒ†ã‚¹ãƒˆ è¡¨ç¤ºå†…å®¹ã®ç¢ºèª ãƒ­ã‚°ã‚¤ãƒ³ã¨è¡¨ç¤ºã•ã‚Œã‚‹
      [31mGot 0 failures and 2 other errors:[0m

      34.1) [31mFailure/Error: [0mvisit new_user_session_path[0m
            [31m[0m
            [31mLoadError:[0m
            [31m  Capybara's selenium driver is unable to load `selenium-webdriver`, please install the gem and add `gem 'selenium-webdriver'` to your Gemfile if you are using bundler.[0m
            [36m# /home/ec2-user/.rvm/gems/ruby-2.6.3/gems/capybara-3.35.3/lib/capybara/selenium/driver.rb:54:in `rescue in load_selenium'[0m
            [36m# /home/ec2-user/.rvm/gems/ruby-2.6.3/gems/capybara-3.35.3/lib/capybara/selenium/driver.rb:22:in `load_selenium'[0m
            [36m# /home/ec2-user/.rvm/gems/ruby-2.6.3/gems/capybara-3.35.3/lib/capybara/selenium/driver.rb:94:in `initialize'[0m
            [36m# /home/ec2-user/.rvm/gems/ruby-2.6.3/gems/capybara-3.35.3/lib/capybara/session.rb:104:in `driver'[0m
            [36m# /home/ec2-user/.rvm/gems/ruby-2.6.3/gems/capybara-3.35.3/lib/capybara/session.rb:90:in `initialize'[0m
            [36m# /home/ec2-user/.rvm/gems/ruby-2.6.3/gems/capybara-3.35.3/lib/capybara.rb:424:in `new'[0m
            [36m# /home/ec2-user/.rvm/gems/ruby-2.6.3/gems/capybara-3.35.3/lib/capybara.rb:424:in `block in session_pool'[0m
            [36m# /home/ec2-user/.rvm/gems/ruby-2.6.3/gems/capybara-3.35.3/lib/capybara.rb:315:in `current_session'[0m
            [36m# /home/ec2-user/.rvm/gems/ruby-2.6.3/gems/capybara-3.35.3/lib/capybara/dsl.rb:46:in `page'[0m
            [36m# /home/ec2-user/.rvm/gems/ruby-2.6.3/gems/capybara-3.35.3/lib/capybara/dsl.rb:58:in `block (2 levels) in <module:DSL>'[0m
            [36m# ./spec/system/01_before_login_spec.rb:159:in `block (3 levels) in <main>'[0m
            [36m# ------------------[0m
            [36m# --- Caused by: ---[0m
            [36m# LoadError:[0m
            [36m#   cannot load such file -- selenium-webdriver[0m
            [36m#   /home/ec2-user/.rvm/gems/ruby-2.6.3/gems/bootsnap-1.7.2/lib/bootsnap/load_path_cache/core_ext/kernel_require.rb:34:in `require'[0m

      34.2) [31mFailure/Error: [0mraise [1;34;4mLoadError[0m, [31m[1;31m"[0m[31mCapybara's selenium driver is unable to load `selenium-webdriver`, please install the gem and add `gem 'selenium-webdriver'` to your Gemfile if you are using bundler.[1;31m"[0m[31m[0m[0m
            [31m[0m
            [31mLoadError:[0m
            [31m  Capybara's selenium driver is unable to load `selenium-webdriver`, please install the gem and add `gem 'selenium-webdriver'` to your Gemfile if you are using bundler.[0m
            [36m# /home/ec2-user/.rvm/gems/ruby-2.6.3/gems/capybara-3.35.3/lib/capybara/selenium/driver.rb:54:in `rescue in load_selenium'[0m
            [36m# /home/ec2-user/.rvm/gems/ruby-2.6.3/gems/capybara-3.35.3/lib/capybara/selenium/driver.rb:22:in `load_selenium'[0m
            [36m# /home/ec2-user/.rvm/gems/ruby-2.6.3/gems/capybara-3.35.3/lib/capybara/selenium/driver.rb:94:in `initialize'[0m
            [36m# /home/ec2-user/.rvm/gems/ruby-2.6.3/gems/capybara-3.35.3/lib/capybara/session.rb:104:in `driver'[0m
            [36m# /home/ec2-user/.rvm/gems/ruby-2.6.3/gems/capybara-3.35.3/lib/capybara/session.rb:90:in `initialize'[0m
            [36m# /home/ec2-user/.rvm/gems/ruby-2.6.3/gems/capybara-3.35.3/lib/capybara.rb:424:in `new'[0m
            [36m# /home/ec2-user/.rvm/gems/ruby-2.6.3/gems/capybara-3.35.3/lib/capybara.rb:424:in `block in session_pool'[0m
            [36m# /home/ec2-user/.rvm/gems/ruby-2.6.3/gems/capybara-3.35.3/lib/capybara.rb:315:in `current_session'[0m
            [36m# /home/ec2-user/.rvm/gems/ruby-2.6.3/gems/capybara-3.35.3/lib/capybara/dsl.rb:46:in `page'[0m
            [36m# ------------------[0m
            [36m# --- Caused by: ---[0m
            [36m# LoadError:[0m
            [36m#   cannot load such file -- selenium-webdriver[0m
            [36m#   /home/ec2-user/.rvm/gems/ruby-2.6.3/gems/bootsnap-1.7.2/lib/bootsnap/load_path_cache/core_ext/kernel_require.rb:34:in `require'[0m

  35) [STEP1] ãƒ¦ãƒ¼ã‚¶ãƒ¼ãƒ­ã‚°ã‚¤ãƒ³å‰ã®ãƒ†ã‚¹ãƒˆ ãƒ¦ãƒ¼ã‚¶ãƒ¼ãƒ­ã‚°ã‚¤ãƒ³ã®ãƒ†ã‚¹ãƒˆ è¡¨ç¤ºå†…å®¹ã®ç¢ºèª emailãƒ•ã‚©ãƒ¼ãƒ ãŒè¡¨ç¤ºã•ã‚Œã‚‹
      [31mGot 0 failures and 2 other errors:[0m

      35.1) [31mFailure/Error: [0mvisit new_user_session_path[0m
            [31m[0m
            [31mLoadError:[0m
            [31m  Capybara's selenium driver is unable to load `selenium-webdriver`, please install the gem and add `gem 'selenium-webdriver'` to your Gemfile if you are using bundler.[0m
            [36m# /home/ec2-user/.rvm/gems/ruby-2.6.3/gems/capybara-3.35.3/lib/capybara/selenium/driver.rb:54:in `rescue in load_selenium'[0m
            [36m# /home/ec2-user/.rvm/gems/ruby-2.6.3/gems/capybara-3.35.3/lib/capybara/selenium/driver.rb:22:in `load_selenium'[0m
            [36m# /home/ec2-user/.rvm/gems/ruby-2.6.3/gems/capybara-3.35.3/lib/capybara/selenium/driver.rb:94:in `initialize'[0m
            [36m# /home/ec2-user/.rvm/gems/ruby-2.6.3/gems/capybara-3.35.3/lib/capybara/session.rb:104:in `driver'[0m
            [36m# /home/ec2-user/.rvm/gems/ruby-2.6.3/gems/capybara-3.35.3/lib/capybara/session.rb:90:in `initialize'[0m
            [36m# /home/ec2-user/.rvm/gems/ruby-2.6.3/gems/capybara-3.35.3/lib/capybara.rb:424:in `new'[0m
            [36m# /home/ec2-user/.rvm/gems/ruby-2.6.3/gems/capybara-3.35.3/lib/capybara.rb:424:in `block in session_pool'[0m
            [36m# /home/ec2-user/.rvm/gems/ruby-2.6.3/gems/capybara-3.35.3/lib/capybara.rb:315:in `current_session'[0m
            [36m# /home/ec2-user/.rvm/gems/ruby-2.6.3/gems/capybara-3.35.3/lib/capybara/dsl.rb:46:in `page'[0m
            [36m# /home/ec2-user/.rvm/gems/ruby-2.6.3/gems/capybara-3.35.3/lib/capybara/dsl.rb:58:in `block (2 levels) in <module:DSL>'[0m
            [36m# ./spec/system/01_before_login_spec.rb:159:in `block (3 levels) in <main>'[0m
            [36m# ------------------[0m
            [36m# --- Caused by: ---[0m
            [36m# LoadError:[0m
            [36m#   cannot load such file -- selenium-webdriver[0m
            [36m#   /home/ec2-user/.rvm/gems/ruby-2.6.3/gems/bootsnap-1.7.2/lib/bootsnap/load_path_cache/core_ext/kernel_require.rb:34:in `require'[0m

      35.2) [31mFailure/Error: [0mraise [1;34;4mLoadError[0m, [31m[1;31m"[0m[31mCapybara's selenium driver is unable to load `selenium-webdriver`, please install the gem and add `gem 'selenium-webdriver'` to your Gemfile if you are using bundler.[1;31m"[0m[31m[0m[0m
            [31m[0m
            [31mLoadError:[0m
            [31m  Capybara's selenium driver is unable to load `selenium-webdriver`, please install the gem and add `gem 'selenium-webdriver'` to your Gemfile if you are using bundler.[0m
            [36m# /home/ec2-user/.rvm/gems/ruby-2.6.3/gems/capybara-3.35.3/lib/capybara/selenium/driver.rb:54:in `rescue in load_selenium'[0m
            [36m# /home/ec2-user/.rvm/gems/ruby-2.6.3/gems/capybara-3.35.3/lib/capybara/selenium/driver.rb:22:in `load_selenium'[0m
            [36m# /home/ec2-user/.rvm/gems/ruby-2.6.3/gems/capybara-3.35.3/lib/capybara/selenium/driver.rb:94:in `initialize'[0m
            [36m# /home/ec2-user/.rvm/gems/ruby-2.6.3/gems/capybara-3.35.3/lib/capybara/session.rb:104:in `driver'[0m
            [36m# /home/ec2-user/.rvm/gems/ruby-2.6.3/gems/capybara-3.35.3/lib/capybara/session.rb:90:in `initialize'[0m
            [36m# /home/ec2-user/.rvm/gems/ruby-2.6.3/gems/capybara-3.35.3/lib/capybara.rb:424:in `new'[0m
            [36m# /home/ec2-user/.rvm/gems/ruby-2.6.3/gems/capybara-3.35.3/lib/capybara.rb:424:in `block in session_pool'[0m
            [36m# /home/ec2-user/.rvm/gems/ruby-2.6.3/gems/capybara-3.35.3/lib/capybara.rb:315:in `current_session'[0m
            [36m# /home/ec2-user/.rvm/gems/ruby-2.6.3/gems/capybara-3.35.3/lib/capybara/dsl.rb:46:in `page'[0m
            [36m# ------------------[0m
            [36m# --- Caused by: ---[0m
            [36m# LoadError:[0m
            [36m#   cannot load such file -- selenium-webdriver[0m
            [36m#   /home/ec2-user/.rvm/gems/ruby-2.6.3/gems/bootsnap-1.7.2/lib/bootsnap/load_path_cache/core_ext/kernel_require.rb:34:in `require'[0m

  36) [STEP1] ãƒ¦ãƒ¼ã‚¶ãƒ¼ãƒ­ã‚°ã‚¤ãƒ³å‰ã®ãƒ†ã‚¹ãƒˆ ãƒ¦ãƒ¼ã‚¶ãƒ¼ãƒ­ã‚°ã‚¤ãƒ³ã®ãƒ†ã‚¹ãƒˆ è¡¨ç¤ºå†…å®¹ã®ç¢ºèª passwordãƒ•ã‚©ãƒ¼ãƒ ãŒè¡¨ç¤ºã•ã‚Œã‚‹
      [31mGot 0 failures and 2 other errors:[0m

      36.1) [31mFailure/Error: [0mvisit new_user_session_path[0m
            [31m[0m
            [31mLoadError:[0m
            [31m  Capybara's selenium driver is unable to load `selenium-webdriver`, please install the gem and add `gem 'selenium-webdriver'` to your Gemfile if you are using bundler.[0m
            [36m# /home/ec2-user/.rvm/gems/ruby-2.6.3/gems/capybara-3.35.3/lib/capybara/selenium/driver.rb:54:in `rescue in load_selenium'[0m
            [36m# /home/ec2-user/.rvm/gems/ruby-2.6.3/gems/capybara-3.35.3/lib/capybara/selenium/driver.rb:22:in `load_selenium'[0m
            [36m# /home/ec2-user/.rvm/gems/ruby-2.6.3/gems/capybara-3.35.3/lib/capybara/selenium/driver.rb:94:in `initialize'[0m
            [36m# /home/ec2-user/.rvm/gems/ruby-2.6.3/gems/capybara-3.35.3/lib/capybara/session.rb:104:in `driver'[0m
            [36m# /home/ec2-user/.rvm/gems/ruby-2.6.3/gems/capybara-3.35.3/lib/capybara/session.rb:90:in `initialize'[0m
            [36m# /home/ec2-user/.rvm/gems/ruby-2.6.3/gems/capybara-3.35.3/lib/capybara.rb:424:in `new'[0m
            [36m# /home/ec2-user/.rvm/gems/ruby-2.6.3/gems/capybara-3.35.3/lib/capybara.rb:424:in `block in session_pool'[0m
            [36m# /home/ec2-user/.rvm/gems/ruby-2.6.3/gems/capybara-3.35.3/lib/capybara.rb:315:in `current_session'[0m
            [36m# /home/ec2-user/.rvm/gems/ruby-2.6.3/gems/capybara-3.35.3/lib/capybara/dsl.rb:46:in `page'[0m
            [36m# /home/ec2-user/.rvm/gems/ruby-2.6.3/gems/capybara-3.35.3/lib/capybara/dsl.rb:58:in `block (2 levels) in <module:DSL>'[0m
            [36m# ./spec/system/01_before_login_spec.rb:159:in `block (3 levels) in <main>'[0m
            [36m# ------------------[0m
            [36m# --- Caused by: ---[0m
            [36m# LoadError:[0m
            [36m#   cannot load such file -- selenium-webdriver[0m
            [36m#   /home/ec2-user/.rvm/gems/ruby-2.6.3/gems/bootsnap-1.7.2/lib/bootsnap/load_path_cache/core_ext/kernel_require.rb:34:in `require'[0m

      36.2) [31mFailure/Error: [0mraise [1;34;4mLoadError[0m, [31m[1;31m"[0m[31mCapybara's selenium driver is unable to load `selenium-webdriver`, please install the gem and add `gem 'selenium-webdriver'` to your Gemfile if you are using bundler.[1;31m"[0m[31m[0m[0m
            [31m[0m
            [31mLoadError:[0m
            [31m  Capybara's selenium driver is unable to load `selenium-webdriver`, please install the gem and add `gem 'selenium-webdriver'` to your Gemfile if you are using bundler.[0m
            [36m# /home/ec2-user/.rvm/gems/ruby-2.6.3/gems/capybara-3.35.3/lib/capybara/selenium/driver.rb:54:in `rescue in load_selenium'[0m
            [36m# /home/ec2-user/.rvm/gems/ruby-2.6.3/gems/capybara-3.35.3/lib/capybara/selenium/driver.rb:22:in `load_selenium'[0m
            [36m# /home/ec2-user/.rvm/gems/ruby-2.6.3/gems/capybara-3.35.3/lib/capybara/selenium/driver.rb:94:in `initialize'[0m
            [36m# /home/ec2-user/.rvm/gems/ruby-2.6.3/gems/capybara-3.35.3/lib/capybara/session.rb:104:in `driver'[0m
            [36m# /home/ec2-user/.rvm/gems/ruby-2.6.3/gems/capybara-3.35.3/lib/capybara/session.rb:90:in `initialize'[0m
            [36m# /home/ec2-user/.rvm/gems/ruby-2.6.3/gems/capybara-3.35.3/lib/capybara.rb:424:in `new'[0m
            [36m# /home/ec2-user/.rvm/gems/ruby-2.6.3/gems/capybara-3.35.3/lib/capybara.rb:424:in `block in session_pool'[0m
            [36m# /home/ec2-user/.rvm/gems/ruby-2.6.3/gems/capybara-3.35.3/lib/capybara.rb:315:in `current_session'[0m
            [36m# /home/ec2-user/.rvm/gems/ruby-2.6.3/gems/capybara-3.35.3/lib/capybara/dsl.rb:46:in `page'[0m
            [36m# ------------------[0m
            [36m# --- Caused by: ---[0m
            [36m# LoadError:[0m
            [36m#   cannot load such file -- selenium-webdriver[0m
            [36m#   /home/ec2-user/.rvm/gems/ruby-2.6.3/gems/bootsnap-1.7.2/lib/bootsnap/load_path_cache/core_ext/kernel_require.rb:34:in `require'[0m

  37) [STEP1] ãƒ¦ãƒ¼ã‚¶ãƒ¼ãƒ­ã‚°ã‚¤ãƒ³å‰ã®ãƒ†ã‚¹ãƒˆ ãƒ¦ãƒ¼ã‚¶ãƒ¼ãƒ­ã‚°ã‚¤ãƒ³ã®ãƒ†ã‚¹ãƒˆ è¡¨ç¤ºå†…å®¹ã®ç¢ºèª ãƒ­ã‚°ã‚¤ãƒ³ãƒœã‚¿ãƒ³ãŒè¡¨ç¤ºã•ã‚Œã‚‹
      [31mGot 0 failures and 2 other errors:[0m

      37.1) [31mFailure/Error: [0mvisit new_user_session_path[0m
            [31m[0m
            [31mLoadError:[0m
            [31m  Capybara's selenium driver is unable to load `selenium-webdriver`, please install the gem and add `gem 'selenium-webdriver'` to your Gemfile if you are using bundler.[0m
            [36m# /home/ec2-user/.rvm/gems/ruby-2.6.3/gems/capybara-3.35.3/lib/capybara/selenium/driver.rb:54:in `rescue in load_selenium'[0m
            [36m# /home/ec2-user/.rvm/gems/ruby-2.6.3/gems/capybara-3.35.3/lib/capybara/selenium/driver.rb:22:in `load_selenium'[0m
            [36m# /home/ec2-user/.rvm/gems/ruby-2.6.3/gems/capybara-3.35.3/lib/capybara/selenium/driver.rb:94:in `initialize'[0m
            [36m# /home/ec2-user/.rvm/gems/ruby-2.6.3/gems/capybara-3.35.3/lib/capybara/session.rb:104:in `driver'[0m
            [36m# /home/ec2-user/.rvm/gems/ruby-2.6.3/gems/capybara-3.35.3/lib/capybara/session.rb:90:in `initialize'[0m
            [36m# /home/ec2-user/.rvm/gems/ruby-2.6.3/gems/capybara-3.35.3/lib/capybara.rb:424:in `new'[0m
            [36m# /home/ec2-user/.rvm/gems/ruby-2.6.3/gems/capybara-3.35.3/lib/capybara.rb:424:in `block in session_pool'[0m
            [36m# /home/ec2-user/.rvm/gems/ruby-2.6.3/gems/capybara-3.35.3/lib/capybara.rb:315:in `current_session'[0m
            [36m# /home/ec2-user/.rvm/gems/ruby-2.6.3/gems/capybara-3.35.3/lib/capybara/dsl.rb:46:in `page'[0m
            [36m# /home/ec2-user/.rvm/gems/ruby-2.6.3/gems/capybara-3.35.3/lib/capybara/dsl.rb:58:in `block (2 levels) in <module:DSL>'[0m
            [36m# ./spec/system/01_before_login_spec.rb:159:in `block (3 levels) in <main>'[0m
            [36m# ------------------[0m
            [36m# --- Caused by: ---[0m
            [36m# LoadError:[0m
            [36m#   cannot load such file -- selenium-webdriver[0m
            [36m#   /home/ec2-user/.rvm/gems/ruby-2.6.3/gems/bootsnap-1.7.2/lib/bootsnap/load_path_cache/core_ext/kernel_require.rb:34:in `require'[0m

      37.2) [31mFailure/Error: [0mraise [1;34;4mLoadError[0m, [31m[1;31m"[0m[31mCapybara's selenium driver is unable to load `selenium-webdriver`, please install the gem and add `gem 'selenium-webdriver'` to your Gemfile if you are using bundler.[1;31m"[0m[31m[0m[0m
            [31m[0m
            [31mLoadError:[0m
            [31m  Capybara's selenium driver is unable to load `selenium-webdriver`, please install the gem and add `gem 'selenium-webdriver'` to your Gemfile if you are using bundler.[0m
            [36m# /home/ec2-user/.rvm/gems/ruby-2.6.3/gems/capybara-3.35.3/lib/capybara/selenium/driver.rb:54:in `rescue in load_selenium'[0m
            [36m# /home/ec2-user/.rvm/gems/ruby-2.6.3/gems/capybara-3.35.3/lib/capybara/selenium/driver.rb:22:in `load_selenium'[0m
            [36m# /home/ec2-user/.rvm/gems/ruby-2.6.3/gems/capybara-3.35.3/lib/capybara/selenium/driver.rb:94:in `initialize'[0m
            [36m# /home/ec2-user/.rvm/gems/ruby-2.6.3/gems/capybara-3.35.3/lib/capybara/session.rb:104:in `driver'[0m
            [36m# /home/ec2-user/.rvm/gems/ruby-2.6.3/gems/capybara-3.35.3/lib/capybara/session.rb:90:in `initialize'[0m
            [36m# /home/ec2-user/.rvm/gems/ruby-2.6.3/gems/capybara-3.35.3/lib/capybara.rb:424:in `new'[0m
            [36m# /home/ec2-user/.rvm/gems/ruby-2.6.3/gems/capybara-3.35.3/lib/capybara.rb:424:in `block in session_pool'[0m
            [36m# /home/ec2-user/.rvm/gems/ruby-2.6.3/gems/capybara-3.35.3/lib/capybara.rb:315:in `current_session'[0m
            [36m# /home/ec2-user/.rvm/gems/ruby-2.6.3/gems/capybara-3.35.3/lib/capybara/dsl.rb:46:in `page'[0m
            [36m# ------------------[0m
            [36m# --- Caused by: ---[0m
            [36m# LoadError:[0m
            [36m#   cannot load such file -- selenium-webdriver[0m
            [36m#   /home/ec2-user/.rvm/gems/ruby-2.6.3/gems/bootsnap-1.7.2/lib/bootsnap/load_path_cache/core_ext/kernel_require.rb:34:in `require'[0m

  38) [STEP1] ãƒ¦ãƒ¼ã‚¶ãƒ¼ãƒ­ã‚°ã‚¤ãƒ³å‰ã®ãƒ†ã‚¹ãƒˆ ãƒ¦ãƒ¼ã‚¶ãƒ¼ãƒ­ã‚°ã‚¤ãƒ³ã®ãƒ†ã‚¹ãƒˆ ãƒ­ã‚°ã‚¤ãƒ³æˆåŠŸã®ãƒ†ã‚¹ãƒˆ ãƒ­ã‚°ã‚¤ãƒ³å¾Œã®ãƒªãƒ€ã‚¤ãƒ¬ã‚¯ãƒˆå…ˆãŒã€ãƒ­ã‚°ã‚¤ãƒ³ã—ãŸãƒ¦ãƒ¼ã‚¶ã®è©³ç´°ç”»é¢ã«ãªã£ã¦ã„ã‚‹
      [31mGot 0 failures and 2 other errors:[0m

      38.1) [31mFailure/Error: [0mvisit new_user_session_path[0m
            [31m[0m
            [31mLoadError:[0m
            [31m  Capybara's selenium driver is unable to load `selenium-webdriver`, please install the gem and add `gem 'selenium-webdriver'` to your Gemfile if you are using bundler.[0m
            [36m# /home/ec2-user/.rvm/gems/ruby-2.6.3/gems/capybara-3.35.3/lib/capybara/selenium/driver.rb:54:in `rescue in load_selenium'[0m
            [36m# /home/ec2-user/.rvm/gems/ruby-2.6.3/gems/capybara-3.35.3/lib/capybara/selenium/driver.rb:22:in `load_selenium'[0m
            [36m# /home/ec2-user/.rvm/gems/ruby-2.6.3/gems/capybara-3.35.3/lib/capybara/selenium/driver.rb:94:in `initialize'[0m
            [36m# /home/ec2-user/.rvm/gems/ruby-2.6.3/gems/capybara-3.35.3/lib/capybara/session.rb:104:in `driver'[0m
            [36m# /home/ec2-user/.rvm/gems/ruby-2.6.3/gems/capybara-3.35.3/lib/capybara/session.rb:90:in `initialize'[0m
            [36m# /home/ec2-user/.rvm/gems/ruby-2.6.3/gems/capybara-3.35.3/lib/capybara.rb:424:in `new'[0m
            [36m# /home/ec2-user/.rvm/gems/ruby-2.6.3/gems/capybara-3.35.3/lib/capybara.rb:424:in `block in session_pool'[0m
            [36m# /home/ec2-user/.rvm/gems/ruby-2.6.3/gems/capybara-3.35.3/lib/capybara.rb:315:in `current_session'[0m
            [36m# /home/ec2-user/.rvm/gems/ruby-2.6.3/gems/capybara-3.35.3/lib/capybara/dsl.rb:46:in `page'[0m
            [36m# /home/ec2-user/.rvm/gems/ruby-2.6.3/gems/capybara-3.35.3/lib/capybara/dsl.rb:58:in `block (2 levels) in <module:DSL>'[0m
            [36m# ./spec/system/01_before_login_spec.rb:159:in `block (3 levels) in <main>'[0m
            [36m# ------------------[0m
            [36m# --- Caused by: ---[0m
            [36m# LoadError:[0m
            [36m#   cannot load such file -- selenium-webdriver[0m
            [36m#   /home/ec2-user/.rvm/gems/ruby-2.6.3/gems/bootsnap-1.7.2/lib/bootsnap/load_path_cache/core_ext/kernel_require.rb:34:in `require'[0m

      38.2) [31mFailure/Error: [0mraise [1;34;4mLoadError[0m, [31m[1;31m"[0m[31mCapybara's selenium driver is unable to load `selenium-webdriver`, please install the gem and add `gem 'selenium-webdriver'` to your Gemfile if you are using bundler.[1;31m"[0m[31m[0m[0m
            [31m[0m
            [31mLoadError:[0m
            [31m  Capybara's selenium driver is unable to load `selenium-webdriver`, please install the gem and add `gem 'selenium-webdriver'` to your Gemfile if you are using bundler.[0m
            [36m# /home/ec2-user/.rvm/gems/ruby-2.6.3/gems/capybara-3.35.3/lib/capybara/selenium/driver.rb:54:in `rescue in load_selenium'[0m
            [36m# /home/ec2-user/.rvm/gems/ruby-2.6.3/gems/capybara-3.35.3/lib/capybara/selenium/driver.rb:22:in `load_selenium'[0m
            [36m# /home/ec2-user/.rvm/gems/ruby-2.6.3/gems/capybara-3.35.3/lib/capybara/selenium/driver.rb:94:in `initialize'[0m
            [36m# /home/ec2-user/.rvm/gems/ruby-2.6.3/gems/capybara-3.35.3/lib/capybara/session.rb:104:in `driver'[0m
            [36m# /home/ec2-user/.rvm/gems/ruby-2.6.3/gems/capybara-3.35.3/lib/capybara/session.rb:90:in `initialize'[0m
            [36m# /home/ec2-user/.rvm/gems/ruby-2.6.3/gems/capybara-3.35.3/lib/capybara.rb:424:in `new'[0m
            [36m# /home/ec2-user/.rvm/gems/ruby-2.6.3/gems/capybara-3.35.3/lib/capybara.rb:424:in `block in session_pool'[0m
            [36m# /home/ec2-user/.rvm/gems/ruby-2.6.3/gems/capybara-3.35.3/lib/capybara.rb:315:in `current_session'[0m
            [36m# /home/ec2-user/.rvm/gems/ruby-2.6.3/gems/capybara-3.35.3/lib/capybara/dsl.rb:46:in `page'[0m
            [36m# ------------------[0m
            [36m# --- Caused by: ---[0m
            [36m# LoadError:[0m
            [36m#   cannot load such file -- selenium-webdriver[0m
            [36m#   /home/ec2-user/.rvm/gems/ruby-2.6.3/gems/bootsnap-1.7.2/lib/bootsnap/load_path_cache/core_ext/kernel_require.rb:34:in `require'[0m

  39) [STEP1] ãƒ¦ãƒ¼ã‚¶ãƒ¼ãƒ­ã‚°ã‚¤ãƒ³å‰ã®ãƒ†ã‚¹ãƒˆ ãƒ¦ãƒ¼ã‚¶ãƒ¼ãƒ­ã‚°ã‚¤ãƒ³ã®ãƒ†ã‚¹ãƒˆ ãƒ­ã‚°ã‚¤ãƒ³å¤±æ•—ã®ãƒ†ã‚¹ãƒˆ ãƒ­ã‚°ã‚¤ãƒ³ã«å¤±æ•—ã—ã€ãƒ­ã‚°ã‚¤ãƒ³ç”»é¢ã«ãƒªãƒ€ã‚¤ãƒ¬ã‚¯ãƒˆã•ã‚Œã‚‹
      [31mGot 0 failures and 2 other errors:[0m

      39.1) [31mFailure/Error: [0mvisit new_user_session_path[0m
            [31m[0m
            [31mLoadError:[0m
            [31m  Capybara's selenium driver is unable to load `selenium-webdriver`, please install the gem and add `gem 'selenium-webdriver'` to your Gemfile if you are using bundler.[0m
            [36m# /home/ec2-user/.rvm/gems/ruby-2.6.3/gems/capybara-3.35.3/lib/capybara/selenium/driver.rb:54:in `rescue in load_selenium'[0m
            [36m# /home/ec2-user/.rvm/gems/ruby-2.6.3/gems/capybara-3.35.3/lib/capybara/selenium/driver.rb:22:in `load_selenium'[0m
            [36m# /home/ec2-user/.rvm/gems/ruby-2.6.3/gems/capybara-3.35.3/lib/capybara/selenium/driver.rb:94:in `initialize'[0m
            [36m# /home/ec2-user/.rvm/gems/ruby-2.6.3/gems/capybara-3.35.3/lib/capybara/session.rb:104:in `driver'[0m
            [36m# /home/ec2-user/.rvm/gems/ruby-2.6.3/gems/capybara-3.35.3/lib/capybara/session.rb:90:in `initialize'[0m
            [36m# /home/ec2-user/.rvm/gems/ruby-2.6.3/gems/capybara-3.35.3/lib/capybara.rb:424:in `new'[0m
            [36m# /home/ec2-user/.rvm/gems/ruby-2.6.3/gems/capybara-3.35.3/lib/capybara.rb:424:in `block in session_pool'[0m
            [36m# /home/ec2-user/.rvm/gems/ruby-2.6.3/gems/capybara-3.35.3/lib/capybara.rb:315:in `current_session'[0m
            [36m# /home/ec2-user/.rvm/gems/ruby-2.6.3/gems/capybara-3.35.3/lib/capybara/dsl.rb:46:in `page'[0m
            [36m# /home/ec2-user/.rvm/gems/ruby-2.6.3/gems/capybara-3.35.3/lib/capybara/dsl.rb:58:in `block (2 levels) in <module:DSL>'[0m
            [36m# ./spec/system/01_before_login_spec.rb:159:in `block (3 levels) in <main>'[0m
            [36m# ------------------[0m
            [36m# --- Caused by: ---[0m
            [36m# LoadError:[0m
            [36m#   cannot load such file -- selenium-webdriver[0m
            [36m#   /home/ec2-user/.rvm/gems/ruby-2.6.3/gems/bootsnap-1.7.2/lib/bootsnap/load_path_cache/core_ext/kernel_require.rb:34:in `require'[0m

      39.2) [31mFailure/Error: [0mraise [1;34;4mLoadError[0m, [31m[1;31m"[0m[31mCapybara's selenium driver is unable to load `selenium-webdriver`, please install the gem and add `gem 'selenium-webdriver'` to your Gemfile if you are using bundler.[1;31m"[0m[31m[0m[0m
            [31m[0m
            [31mLoadError:[0m
            [31m  Capybara's selenium driver is unable to load `selenium-webdriver`, please install the gem and add `gem 'selenium-webdriver'` to your Gemfile if you are using bundler.[0m
            [36m# /home/ec2-user/.rvm/gems/ruby-2.6.3/gems/capybara-3.35.3/lib/capybara/selenium/driver.rb:54:in `rescue in load_selenium'[0m
            [36m# /home/ec2-user/.rvm/gems/ruby-2.6.3/gems/capybara-3.35.3/lib/capybara/selenium/driver.rb:22:in `load_selenium'[0m
            [36m# /home/ec2-user/.rvm/gems/ruby-2.6.3/gems/capybara-3.35.3/lib/capybara/selenium/driver.rb:94:in `initialize'[0m
            [36m# /home/ec2-user/.rvm/gems/ruby-2.6.3/gems/capybara-3.35.3/lib/capybara/session.rb:104:in `driver'[0m
            [36m# /home/ec2-user/.rvm/gems/ruby-2.6.3/gems/capybara-3.35.3/lib/capybara/session.rb:90:in `initialize'[0m
            [36m# /home/ec2-user/.rvm/gems/ruby-2.6.3/gems/capybara-3.35.3/lib/capybara.rb:424:in `new'[0m
            [36m# /home/ec2-user/.rvm/gems/ruby-2.6.3/gems/capybara-3.35.3/lib/capybara.rb:424:in `block in session_pool'[0m
            [36m# /home/ec2-user/.rvm/gems/ruby-2.6.3/gems/capybara-3.35.3/lib/capybara.rb:315:in `current_session'[0m
            [36m# /home/ec2-user/.rvm/gems/ruby-2.6.3/gems/capybara-3.35.3/lib/capybara/dsl.rb:46:in `page'[0m
            [36m# ------------------[0m
            [36m# --- Caused by: ---[0m
            [36m# LoadError:[0m
            [36m#   cannot load such file -- selenium-webdriver[0m
            [36m#   /home/ec2-user/.rvm/gems/ruby-2.6.3/gems/bootsnap-1.7.2/lib/bootsnap/load_path_cache/core_ext/kernel_require.rb:34:in `require'[0m

  40) [STEP1] ãƒ¦ãƒ¼ã‚¶ãƒ¼ãƒ­ã‚°ã‚¤ãƒ³å‰ã®ãƒ†ã‚¹ãƒˆ ãƒ¦ãƒ¼ã‚¶ãƒ¼ãƒ­ã‚°ã‚¤ãƒ³ã®ãƒ†ã‚¹ãƒˆ ãƒ­ã‚°ã‚¤ãƒ³å¤±æ•—ã®ãƒ†ã‚¹ãƒˆ ã‚¨ãƒ©ãƒ¼ãƒ¡ãƒƒã‚»ãƒ¼ã‚¸ãŒè¡¨ç¤ºã•ã‚Œã¦ã„ã‚‹
      [31mGot 0 failures and 2 other errors:[0m

      40.1) [31mFailure/Error: [0mvisit new_user_session_path[0m
            [31m[0m
            [31mLoadError:[0m
            [31m  Capybara's selenium driver is unable to load `selenium-webdriver`, please install the gem and add `gem 'selenium-webdriver'` to your Gemfile if you are using bundler.[0m
            [36m# /home/ec2-user/.rvm/gems/ruby-2.6.3/gems/capybara-3.35.3/lib/capybara/selenium/driver.rb:54:in `rescue in load_selenium'[0m
            [36m# /home/ec2-user/.rvm/gems/ruby-2.6.3/gems/capybara-3.35.3/lib/capybara/selenium/driver.rb:22:in `load_selenium'[0m
            [36m# /home/ec2-user/.rvm/gems/ruby-2.6.3/gems/capybara-3.35.3/lib/capybara/selenium/driver.rb:94:in `initialize'[0m
            [36m# /home/ec2-user/.rvm/gems/ruby-2.6.3/gems/capybara-3.35.3/lib/capybara/session.rb:104:in `driver'[0m
            [36m# /home/ec2-user/.rvm/gems/ruby-2.6.3/gems/capybara-3.35.3/lib/capybara/session.rb:90:in `initialize'[0m
            [36m# /home/ec2-user/.rvm/gems/ruby-2.6.3/gems/capybara-3.35.3/lib/capybara.rb:424:in `new'[0m
            [36m# /home/ec2-user/.rvm/gems/ruby-2.6.3/gems/capybara-3.35.3/lib/capybara.rb:424:in `block in session_pool'[0m
            [36m# /home/ec2-user/.rvm/gems/ruby-2.6.3/gems/capybara-3.35.3/lib/capybara.rb:315:in `current_session'[0m
            [36m# /home/ec2-user/.rvm/gems/ruby-2.6.3/gems/capybara-3.35.3/lib/capybara/dsl.rb:46:in `page'[0m
            [36m# /home/ec2-user/.rvm/gems/ruby-2.6.3/gems/capybara-3.35.3/lib/capybara/dsl.rb:58:in `block (2 levels) in <module:DSL>'[0m
            [36m# ./spec/system/01_before_login_spec.rb:159:in `block (3 levels) in <main>'[0m
            [36m# ------------------[0m
            [36m# --- Caused by: ---[0m
            [36m# LoadError:[0m
            [36m#   cannot load such file -- selenium-webdriver[0m
            [36m#   /home/ec2-user/.rvm/gems/ruby-2.6.3/gems/bootsnap-1.7.2/lib/bootsnap/load_path_cache/core_ext/kernel_require.rb:34:in `require'[0m

      40.2) [31mFailure/Error: [0mraise [1;34;4mLoadError[0m, [31m[1;31m"[0m[31mCapybara's selenium driver is unable to load `selenium-webdriver`, please install the gem and add `gem 'selenium-webdriver'` to your Gemfile if you are using bundler.[1;31m"[0m[31m[0m[0m
            [31m[0m
            [31mLoadError:[0m
            [31m  Capybara's selenium driver is unable to load `selenium-webdriver`, please install the gem and add `gem 'selenium-webdriver'` to your Gemfile if you are using bundler.[0m
            [36m# /home/ec2-user/.rvm/gems/ruby-2.6.3/gems/capybara-3.35.3/lib/capybara/selenium/driver.rb:54:in `rescue in load_selenium'[0m
            [36m# /home/ec2-user/.rvm/gems/ruby-2.6.3/gems/capybara-3.35.3/lib/capybara/selenium/driver.rb:22:in `load_selenium'[0m
            [36m# /home/ec2-user/.rvm/gems/ruby-2.6.3/gems/capybara-3.35.3/lib/capybara/selenium/driver.rb:94:in `initialize'[0m
            [36m# /home/ec2-user/.rvm/gems/ruby-2.6.3/gems/capybara-3.35.3/lib/capybara/session.rb:104:in `driver'[0m
            [36m# /home/ec2-user/.rvm/gems/ruby-2.6.3/gems/capybara-3.35.3/lib/capybara/session.rb:90:in `initialize'[0m
            [36m# /home/ec2-user/.rvm/gems/ruby-2.6.3/gems/capybara-3.35.3/lib/capybara.rb:424:in `new'[0m
            [36m# /home/ec2-user/.rvm/gems/ruby-2.6.3/gems/capybara-3.35.3/lib/capybara.rb:424:in `block in session_pool'[0m
            [36m# /home/ec2-user/.rvm/gems/ruby-2.6.3/gems/capybara-3.35.3/lib/capybara.rb:315:in `current_session'[0m
            [36m# /home/ec2-user/.rvm/gems/ruby-2.6.3/gems/capybara-3.35.3/lib/capybara/dsl.rb:46:in `page'[0m
            [36m# ------------------[0m
            [36m# --- Caused by: ---[0m
            [36m# LoadError:[0m
            [36m#   cannot load such file -- selenium-webdriver[0m
            [36m#   /home/ec2-user/.rvm/gems/ruby-2.6.3/gems/bootsnap-1.7.2/lib/bootsnap/load_path_cache/core_ext/kernel_require.rb:34:in `require'[0m

  41) [STEP1] ãƒ¦ãƒ¼ã‚¶ãƒ¼ãƒ­ã‚°ã‚¤ãƒ³å‰ã®ãƒ†ã‚¹ãƒˆ ãƒ˜ãƒƒãƒ€ãƒ¼ã®ãƒ†ã‚¹ãƒˆ ãƒ˜ãƒƒãƒ€ãƒ¼ã®å†…å®¹ç¢ºèª ã‚¿ã‚¤ãƒˆãƒ«ãŒè¡¨ç¤ºã•ã‚Œã‚‹ã‹
      [31mGot 0 failures and 2 other errors:[0m

      41.1) [31mFailure/Error: [0mvisit new_user_session_path[0m
            [31m[0m
            [31mLoadError:[0m
            [31m  Capybara's selenium driver is unable to load `selenium-webdriver`, please install the gem and add `gem 'selenium-webdriver'` to your Gemfile if you are using bundler.[0m
            [36m# /home/ec2-user/.rvm/gems/ruby-2.6.3/gems/capybara-3.35.3/lib/capybara/selenium/driver.rb:54:in `rescue in load_selenium'[0m
            [36m# /home/ec2-user/.rvm/gems/ruby-2.6.3/gems/capybara-3.35.3/lib/capybara/selenium/driver.rb:22:in `load_selenium'[0m
            [36m# /home/ec2-user/.rvm/gems/ruby-2.6.3/gems/capybara-3.35.3/lib/capybara/selenium/driver.rb:94:in `initialize'[0m
            [36m# /home/ec2-user/.rvm/gems/ruby-2.6.3/gems/capybara-3.35.3/lib/capybara/session.rb:104:in `driver'[0m
            [36m# /home/ec2-user/.rvm/gems/ruby-2.6.3/gems/capybara-3.35.3/lib/capybara/session.rb:90:in `initialize'[0m
            [36m# /home/ec2-user/.rvm/gems/ruby-2.6.3/gems/capybara-3.35.3/lib/capybara.rb:424:in `new'[0m
            [36m# /home/ec2-user/.rvm/gems/ruby-2.6.3/gems/capybara-3.35.3/lib/capybara.rb:424:in `block in session_pool'[0m
            [36m# /home/ec2-user/.rvm/gems/ruby-2.6.3/gems/capybara-3.35.3/lib/capybara.rb:315:in `current_session'[0m
            [36m# /home/ec2-user/.rvm/gems/ruby-2.6.3/gems/capybara-3.35.3/lib/capybara/dsl.rb:46:in `page'[0m
            [36m# /home/ec2-user/.rvm/gems/ruby-2.6.3/gems/capybara-3.35.3/lib/capybara/dsl.rb:58:in `block (2 levels) in <module:DSL>'[0m
            [36m# ./spec/system/01_before_login_spec.rb:212:in `block (3 levels) in <main>'[0m
            [36m# ------------------[0m
            [36m# --- Caused by: ---[0m
            [36m# LoadError:[0m
            [36m#   cannot load such file -- selenium-webdriver[0m
            [36m#   /home/ec2-user/.rvm/gems/ruby-2.6.3/gems/bootsnap-1.7.2/lib/bootsnap/load_path_cache/core_ext/kernel_require.rb:34:in `require'[0m

      41.2) [31mFailure/Error: [0mraise [1;34;4mLoadError[0m, [31m[1;31m"[0m[31mCapybara's selenium driver is unable to load `selenium-webdriver`, please install the gem and add `gem 'selenium-webdriver'` to your Gemfile if you are using bundler.[1;31m"[0m[31m[0m[0m
            [31m[0m
            [31mLoadError:[0m
            [31m  Capybara's selenium driver is unable to load `selenium-webdriver`, please install the gem and add `gem 'selenium-webdriver'` to your Gemfile if you are using bundler.[0m
            [36m# /home/ec2-user/.rvm/gems/ruby-2.6.3/gems/capybara-3.35.3/lib/capybara/selenium/driver.rb:54:in `rescue in load_selenium'[0m
            [36m# /home/ec2-user/.rvm/gems/ruby-2.6.3/gems/capybara-3.35.3/lib/capybara/selenium/driver.rb:22:in `load_selenium'[0m
            [36m# /home/ec2-user/.rvm/gems/ruby-2.6.3/gems/capybara-3.35.3/lib/capybara/selenium/driver.rb:94:in `initialize'[0m
            [36m# /home/ec2-user/.rvm/gems/ruby-2.6.3/gems/capybara-3.35.3/lib/capybara/session.rb:104:in `driver'[0m
            [36m# /home/ec2-user/.rvm/gems/ruby-2.6.3/gems/capybara-3.35.3/lib/capybara/session.rb:90:in `initialize'[0m
            [36m# /home/ec2-user/.rvm/gems/ruby-2.6.3/gems/capybara-3.35.3/lib/capybara.rb:424:in `new'[0m
            [36m# /home/ec2-user/.rvm/gems/ruby-2.6.3/gems/capybara-3.35.3/lib/capybara.rb:424:in `block in session_pool'[0m
            [36m# /home/ec2-user/.rvm/gems/ruby-2.6.3/gems/capybara-3.35.3/lib/capybara.rb:315:in `current_session'[0m
            [36m# /home/ec2-user/.rvm/gems/ruby-2.6.3/gems/capybara-3.35.3/lib/capybara/dsl.rb:46:in `page'[0m
            [36m# ------------------[0m
            [36m# --- Caused by: ---[0m
            [36m# LoadError:[0m
            [36m#   cannot load such file -- selenium-webdriver[0m
            [36m#   /home/ec2-user/.rvm/gems/ruby-2.6.3/gems/bootsnap-1.7.2/lib/bootsnap/load_path_cache/core_ext/kernel_require.rb:34:in `require'[0m

  42) [STEP1] ãƒ¦ãƒ¼ã‚¶ãƒ¼ãƒ­ã‚°ã‚¤ãƒ³å‰ã®ãƒ†ã‚¹ãƒˆ ãƒ˜ãƒƒãƒ€ãƒ¼ã®ãƒ†ã‚¹ãƒˆ ãƒ˜ãƒƒãƒ€ãƒ¼ã®å†…å®¹ç¢ºèª ãƒã‚¤ãƒšãƒ¼ã‚¸ã®ãƒªãƒ³ã‚¯ãŒè¡¨ç¤ºã•ã‚Œã¦ã„ã‚‹ã‹
      [31mGot 0 failures and 2 other errors:[0m

      42.1) [31mFailure/Error: [0mvisit new_user_session_path[0m
            [31m[0m
            [31mLoadError:[0m
            [31m  Capybara's selenium driver is unable to load `selenium-webdriver`, please install the gem and add `gem 'selenium-webdriver'` to your Gemfile if you are using bundler.[0m
            [36m# /home/ec2-user/.rvm/gems/ruby-2.6.3/gems/capybara-3.35.3/lib/capybara/selenium/driver.rb:54:in `rescue in load_selenium'[0m
            [36m# /home/ec2-user/.rvm/gems/ruby-2.6.3/gems/capybara-3.35.3/lib/capybara/selenium/driver.rb:22:in `load_selenium'[0m
            [36m# /home/ec2-user/.rvm/gems/ruby-2.6.3/gems/capybara-3.35.3/lib/capybara/selenium/driver.rb:94:in `initialize'[0m
            [36m# /home/ec2-user/.rvm/gems/ruby-2.6.3/gems/capybara-3.35.3/lib/capybara/session.rb:104:in `driver'[0m
            [36m# /home/ec2-user/.rvm/gems/ruby-2.6.3/gems/capybara-3.35.3/lib/capybara/session.rb:90:in `initialize'[0m
            [36m# /home/ec2-user/.rvm/gems/ruby-2.6.3/gems/capybara-3.35.3/lib/capybara.rb:424:in `new'[0m
            [36m# /home/ec2-user/.rvm/gems/ruby-2.6.3/gems/capybara-3.35.3/lib/capybara.rb:424:in `block in session_pool'[0m
            [36m# /home/ec2-user/.rvm/gems/ruby-2.6.3/gems/capybara-3.35.3/lib/capybara.rb:315:in `current_session'[0m
            [36m# /home/ec2-user/.rvm/gems/ruby-2.6.3/gems/capybara-3.35.3/lib/capybara/dsl.rb:46:in `page'[0m
            [36m# /home/ec2-user/.rvm/gems/ruby-2.6.3/gems/capybara-3.35.3/lib/capybara/dsl.rb:58:in `block (2 levels) in <module:DSL>'[0m
            [36m# ./spec/system/01_before_login_spec.rb:212:in `block (3 levels) in <main>'[0m
            [36m# ------------------[0m
            [36m# --- Caused by: ---[0m
            [36m# LoadError:[0m
            [36m#   cannot load such file -- selenium-webdriver[0m
            [36m#   /home/ec2-user/.rvm/gems/ruby-2.6.3/gems/bootsnap-1.7.2/lib/bootsnap/load_path_cache/core_ext/kernel_require.rb:34:in `require'[0m

      42.2) [31mFailure/Error: [0mraise [1;34;4mLoadError[0m, [31m[1;31m"[0m[31mCapybara's selenium driver is unable to load `selenium-webdriver`, please install the gem and add `gem 'selenium-webdriver'` to your Gemfile if you are using bundler.[1;31m"[0m[31m[0m[0m
            [31m[0m
            [31mLoadError:[0m
            [31m  Capybara's selenium driver is unable to load `selenium-webdriver`, please install the gem and add `gem 'selenium-webdriver'` to your Gemfile if you are using bundler.[0m
            [36m# /home/ec2-user/.rvm/gems/ruby-2.6.3/gems/capybara-3.35.3/lib/capybara/selenium/driver.rb:54:in `rescue in load_selenium'[0m
            [36m# /home/ec2-user/.rvm/gems/ruby-2.6.3/gems/capybara-3.35.3/lib/capybara/selenium/driver.rb:22:in `load_selenium'[0m
            [36m# /home/ec2-user/.rvm/gems/ruby-2.6.3/gems/capybara-3.35.3/lib/capybara/selenium/driver.rb:94:in `initialize'[0m
            [36m# /home/ec2-user/.rvm/gems/ruby-2.6.3/gems/capybara-3.35.3/lib/capybara/session.rb:104:in `driver'[0m
            [36m# /home/ec2-user/.rvm/gems/ruby-2.6.3/gems/capybara-3.35.3/lib/capybara/session.rb:90:in `initialize'[0m
            [36m# /home/ec2-user/.rvm/gems/ruby-2.6.3/gems/capybara-3.35.3/lib/capybara.rb:424:in `new'[0m
            [36m# /home/ec2-user/.rvm/gems/ruby-2.6.3/gems/capybara-3.35.3/lib/capybara.rb:424:in `block in session_pool'[0m
            [36m# /home/ec2-user/.rvm/gems/ruby-2.6.3/gems/capybara-3.35.3/lib/capybara.rb:315:in `current_session'[0m
            [36m# /home/ec2-user/.rvm/gems/ruby-2.6.3/gems/capybara-3.35.3/lib/capybara/dsl.rb:46:in `page'[0m
            [36m# ------------------[0m
            [36m# --- Caused by: ---[0m
            [36m# LoadError:[0m
            [36m#   cannot load such file -- selenium-webdriver[0m
            [36m#   /home/ec2-user/.rvm/gems/ruby-2.6.3/gems/bootsnap-1.7.2/lib/bootsnap/load_path_cache/core_ext/kernel_require.rb:34:in `require'[0m

  43) [STEP1] ãƒ¦ãƒ¼ã‚¶ãƒ¼ãƒ­ã‚°ã‚¤ãƒ³å‰ã®ãƒ†ã‚¹ãƒˆ ãƒ˜ãƒƒãƒ€ãƒ¼ã®ãƒ†ã‚¹ãƒˆ ãƒ˜ãƒƒãƒ€ãƒ¼ã®å†…å®¹ç¢ºèª æ–°è¦æŠ•ç¨¿ã®ãƒªãƒ³ã‚¯ãŒè¡¨ç¤ºã•ã‚Œã¦ã„ã‚‹ã‹
      [31mGot 0 failures and 2 other errors:[0m

      43.1) [31mFailure/Error: [0mvisit new_user_session_path[0m
            [31m[0m
            [31mLoadError:[0m
            [31m  Capybara's selenium driver is unable to load `selenium-webdriver`, please install the gem and add `gem 'selenium-webdriver'` to your Gemfile if you are using bundler.[0m
            [36m# /home/ec2-user/.rvm/gems/ruby-2.6.3/gems/capybara-3.35.3/lib/capybara/selenium/driver.rb:54:in `rescue in load_selenium'[0m
            [36m# /home/ec2-user/.rvm/gems/ruby-2.6.3/gems/capybara-3.35.3/lib/capybara/selenium/driver.rb:22:in `load_selenium'[0m
            [36m# /home/ec2-user/.rvm/gems/ruby-2.6.3/gems/capybara-3.35.3/lib/capybara/selenium/driver.rb:94:in `initialize'[0m
            [36m# /home/ec2-user/.rvm/gems/ruby-2.6.3/gems/capybara-3.35.3/lib/capybara/session.rb:104:in `driver'[0m
            [36m# /home/ec2-user/.rvm/gems/ruby-2.6.3/gems/capybara-3.35.3/lib/capybara/session.rb:90:in `initialize'[0m
            [36m# /home/ec2-user/.rvm/gems/ruby-2.6.3/gems/capybara-3.35.3/lib/capybara.rb:424:in `new'[0m
            [36m# /home/ec2-user/.rvm/gems/ruby-2.6.3/gems/capybara-3.35.3/lib/capybara.rb:424:in `block in session_pool'[0m
            [36m# /home/ec2-user/.rvm/gems/ruby-2.6.3/gems/capybara-3.35.3/lib/capybara.rb:315:in `current_session'[0m
            [36m# /home/ec2-user/.rvm/gems/ruby-2.6.3/gems/capybara-3.35.3/lib/capybara/dsl.rb:46:in `page'[0m
            [36m# /home/ec2-user/.rvm/gems/ruby-2.6.3/gems/capybara-3.35.3/lib/capybara/dsl.rb:58:in `block (2 levels) in <module:DSL>'[0m
            [36m# ./spec/system/01_before_login_spec.rb:212:in `block (3 levels) in <main>'[0m
            [36m# ------------------[0m
            [36m# --- Caused by: ---[0m
            [36m# LoadError:[0m
            [36m#   cannot load such file -- selenium-webdriver[0m
            [36m#   /home/ec2-user/.rvm/gems/ruby-2.6.3/gems/bootsnap-1.7.2/lib/bootsnap/load_path_cache/core_ext/kernel_require.rb:34:in `require'[0m

      43.2) [31mFailure/Error: [0mraise [1;34;4mLoadError[0m, [31m[1;31m"[0m[31mCapybara's selenium driver is unable to load `selenium-webdriver`, please install the gem and add `gem 'selenium-webdriver'` to your Gemfile if you are using bundler.[1;31m"[0m[31m[0m[0m
            [31m[0m
            [31mLoadError:[0m
            [31m  Capybara's selenium driver is unable to load `selenium-webdriver`, please install the gem and add `gem 'selenium-webdriver'` to your Gemfile if you are using bundler.[0m
            [36m# /home/ec2-user/.rvm/gems/ruby-2.6.3/gems/capybara-3.35.3/lib/capybara/selenium/driver.rb:54:in `rescue in load_selenium'[0m
            [36m# /home/ec2-user/.rvm/gems/ruby-2.6.3/gems/capybara-3.35.3/lib/capybara/selenium/driver.rb:22:in `load_selenium'[0m
            [36m# /home/ec2-user/.rvm/gems/ruby-2.6.3/gems/capybara-3.35.3/lib/capybara/selenium/driver.rb:94:in `initialize'[0m
            [36m# /home/ec2-user/.rvm/gems/ruby-2.6.3/gems/capybara-3.35.3/lib/capybara/session.rb:104:in `driver'[0m
            [36m# /home/ec2-user/.rvm/gems/ruby-2.6.3/gems/capybara-3.35.3/lib/capybara/session.rb:90:in `initialize'[0m
            [36m# /home/ec2-user/.rvm/gems/ruby-2.6.3/gems/capybara-3.35.3/lib/capybara.rb:424:in `new'[0m
            [36m# /home/ec2-user/.rvm/gems/ruby-2.6.3/gems/capybara-3.35.3/lib/capybara.rb:424:in `block in session_pool'[0m
            [36m# /home/ec2-user/.rvm/gems/ruby-2.6.3/gems/capybara-3.35.3/lib/capybara.rb:315:in `current_session'[0m
            [36m# /home/ec2-user/.rvm/gems/ruby-2.6.3/gems/capybara-3.35.3/lib/capybara/dsl.rb:46:in `page'[0m
            [36m# ------------------[0m
            [36m# --- Caused by: ---[0m
            [36m# LoadError:[0m
            [36m#   cannot load such file -- selenium-webdriver[0m
            [36m#   /home/ec2-user/.rvm/gems/ruby-2.6.3/gems/bootsnap-1.7.2/lib/bootsnap/load_path_cache/core_ext/kernel_require.rb:34:in `require'[0m

  44) [STEP1] ãƒ¦ãƒ¼ã‚¶ãƒ¼ãƒ­ã‚°ã‚¤ãƒ³å‰ã®ãƒ†ã‚¹ãƒˆ ãƒ˜ãƒƒãƒ€ãƒ¼ã®ãƒ†ã‚¹ãƒˆ ãƒ˜ãƒƒãƒ€ãƒ¼ã®å†…å®¹ç¢ºèª æŠ•ç¨¿ä¸€è¦§ã®ãƒªãƒ³ã‚¯ãŒè¡¨ç¤ºã•ã‚Œã¦ã„ã‚‹ã‹
      [31mGot 0 failures and 2 other errors:[0m

      44.1) [31mFailure/Error: [0mvisit new_user_session_path[0m
            [31m[0m
            [31mLoadError:[0m
            [31m  Capybara's selenium driver is unable to load `selenium-webdriver`, please install the gem and add `gem 'selenium-webdriver'` to your Gemfile if you are using bundler.[0m
            [36m# /home/ec2-user/.rvm/gems/ruby-2.6.3/gems/capybara-3.35.3/lib/capybara/selenium/driver.rb:54:in `rescue in load_selenium'[0m
            [36m# /home/ec2-user/.rvm/gems/ruby-2.6.3/gems/capybara-3.35.3/lib/capybara/selenium/driver.rb:22:in `load_selenium'[0m
            [36m# /home/ec2-user/.rvm/gems/ruby-2.6.3/gems/capybara-3.35.3/lib/capybara/selenium/driver.rb:94:in `initialize'[0m
            [36m# /home/ec2-user/.rvm/gems/ruby-2.6.3/gems/capybara-3.35.3/lib/capybara/session.rb:104:in `driver'[0m
            [36m# /home/ec2-user/.rvm/gems/ruby-2.6.3/gems/capybara-3.35.3/lib/capybara/session.rb:90:in `initialize'[0m
            [36m# /home/ec2-user/.rvm/gems/ruby-2.6.3/gems/capybara-3.35.3/lib/capybara.rb:424:in `new'[0m
            [36m# /home/ec2-user/.rvm/gems/ruby-2.6.3/gems/capybara-3.35.3/lib/capybara.rb:424:in `block in session_pool'[0m
            [36m# /home/ec2-user/.rvm/gems/ruby-2.6.3/gems/capybara-3.35.3/lib/capybara.rb:315:in `current_session'[0m
            [36m# /home/ec2-user/.rvm/gems/ruby-2.6.3/gems/capybara-3.35.3/lib/capybara/dsl.rb:46:in `page'[0m
            [36m# /home/ec2-user/.rvm/gems/ruby-2.6.3/gems/capybara-3.35.3/lib/capybara/dsl.rb:58:in `block (2 levels) in <module:DSL>'[0m
            [36m# ./spec/system/01_before_login_spec.rb:212:in `block (3 levels) in <main>'[0m
            [36m# ------------------[0m
            [36m# --- Caused by: ---[0m
            [36m# LoadError:[0m
            [36m#   cannot load such file -- selenium-webdriver[0m
            [36m#   /home/ec2-user/.rvm/gems/ruby-2.6.3/gems/bootsnap-1.7.2/lib/bootsnap/load_path_cache/core_ext/kernel_require.rb:34:in `require'[0m

      44.2) [31mFailure/Error: [0mraise [1;34;4mLoadError[0m, [31m[1;31m"[0m[31mCapybara's selenium driver is unable to load `selenium-webdriver`, please install the gem and add `gem 'selenium-webdriver'` to your Gemfile if you are using bundler.[1;31m"[0m[31m[0m[0m
            [31m[0m
            [31mLoadError:[0m
            [31m  Capybara's selenium driver is unable to load `selenium-webdriver`, please install the gem and add `gem 'selenium-webdriver'` to your Gemfile if you are using bundler.[0m
            [36m# /home/ec2-user/.rvm/gems/ruby-2.6.3/gems/capybara-3.35.3/lib/capybara/selenium/driver.rb:54:in `rescue in load_selenium'[0m
            [36m# /home/ec2-user/.rvm/gems/ruby-2.6.3/gems/capybara-3.35.3/lib/capybara/selenium/driver.rb:22:in `load_selenium'[0m
            [36m# /home/ec2-user/.rvm/gems/ruby-2.6.3/gems/capybara-3.35.3/lib/capybara/selenium/driver.rb:94:in `initialize'[0m
            [36m# /home/ec2-user/.rvm/gems/ruby-2.6.3/gems/capybara-3.35.3/lib/capybara/session.rb:104:in `driver'[0m
            [36m# /home/ec2-user/.rvm/gems/ruby-2.6.3/gems/capybara-3.35.3/lib/capybara/session.rb:90:in `initialize'[0m
            [36m# /home/ec2-user/.rvm/gems/ruby-2.6.3/gems/capybara-3.35.3/lib/capybara.rb:424:in `new'[0m
            [36m# /home/ec2-user/.rvm/gems/ruby-2.6.3/gems/capybara-3.35.3/lib/capybara.rb:424:in `block in session_pool'[0m
            [36m# /home/ec2-user/.rvm/gems/ruby-2.6.3/gems/capybara-3.35.3/lib/capybara.rb:315:in `current_session'[0m
            [36m# /home/ec2-user/.rvm/gems/ruby-2.6.3/gems/capybara-3.35.3/lib/capybara/dsl.rb:46:in `page'[0m
            [36m# ------------------[0m
            [36m# --- Caused by: ---[0m
            [36m# LoadError:[0m
            [36m#   cannot load such file -- selenium-webdriver[0m
            [36m#   /home/ec2-user/.rvm/gems/ruby-2.6.3/gems/bootsnap-1.7.2/lib/bootsnap/load_path_cache/core_ext/kernel_require.rb:34:in `require'[0m

  45) [STEP1] ãƒ¦ãƒ¼ã‚¶ãƒ¼ãƒ­ã‚°ã‚¤ãƒ³å‰ã®ãƒ†ã‚¹ãƒˆ ãƒ˜ãƒƒãƒ€ãƒ¼ã®ãƒ†ã‚¹ãƒˆ ãƒ˜ãƒƒãƒ€ãƒ¼ã®å†…å®¹ç¢ºèª èª­æ›¸è¨˜éŒ²ã®ãƒªãƒ³ã‚¯ãŒè¡¨ç¤ºã•ã‚Œã¦ã„ã‚‹ã‹
      [31mGot 0 failures and 2 other errors:[0m

      45.1) [31mFailure/Error: [0mvisit new_user_session_path[0m
            [31m[0m
            [31mLoadError:[0m
            [31m  Capybara's selenium driver is unable to load `selenium-webdriver`, please install the gem and add `gem 'selenium-webdriver'` to your Gemfile if you are using bundler.[0m
            [36m# /home/ec2-user/.rvm/gems/ruby-2.6.3/gems/capybara-3.35.3/lib/capybara/selenium/driver.rb:54:in `rescue in load_selenium'[0m
            [36m# /home/ec2-user/.rvm/gems/ruby-2.6.3/gems/capybara-3.35.3/lib/capybara/selenium/driver.rb:22:in `load_selenium'[0m
            [36m# /home/ec2-user/.rvm/gems/ruby-2.6.3/gems/capybara-3.35.3/lib/capybara/selenium/driver.rb:94:in `initialize'[0m
            [36m# /home/ec2-user/.rvm/gems/ruby-2.6.3/gems/capybara-3.35.3/lib/capybara/session.rb:104:in `driver'[0m
            [36m# /home/ec2-user/.rvm/gems/ruby-2.6.3/gems/capybara-3.35.3/lib/capybara/session.rb:90:in `initialize'[0m
            [36m# /home/ec2-user/.rvm/gems/ruby-2.6.3/gems/capybara-3.35.3/lib/capybara.rb:424:in `new'[0m
            [36m# /home/ec2-user/.rvm/gems/ruby-2.6.3/gems/capybara-3.35.3/lib/capybara.rb:424:in `block in session_pool'[0m
            [36m# /home/ec2-user/.rvm/gems/ruby-2.6.3/gems/capybara-3.35.3/lib/capybara.rb:315:in `current_session'[0m
            [36m# /home/ec2-user/.rvm/gems/ruby-2.6.3/gems/capybara-3.35.3/lib/capybara/dsl.rb:46:in `page'[0m
            [36m# /home/ec2-user/.rvm/gems/ruby-2.6.3/gems/capybara-3.35.3/lib/capybara/dsl.rb:58:in `block (2 levels) in <module:DSL>'[0m
            [36m# ./spec/system/01_before_login_spec.rb:212:in `block (3 levels) in <main>'[0m
            [36m# ------------------[0m
            [36m# --- Caused by: ---[0m
            [36m# LoadError:[0m
            [36m#   cannot load such file -- selenium-webdriver[0m
            [36m#   /home/ec2-user/.rvm/gems/ruby-2.6.3/gems/bootsnap-1.7.2/lib/bootsnap/load_path_cache/core_ext/kernel_require.rb:34:in `require'[0m

      45.2) [31mFailure/Error: [0mraise [1;34;4mLoadError[0m, [31m[1;31m"[0m[31mCapybara's selenium driver is unable to load `selenium-webdriver`, please install the gem and add `gem 'selenium-webdriver'` to your Gemfile if you are using bundler.[1;31m"[0m[31m[0m[0m
            [31m[0m
            [31mLoadError:[0m
            [31m  Capybara's selenium driver is unable to load `selenium-webdriver`, please install the gem and add `gem 'selenium-webdriver'` to your Gemfile if you are using bundler.[0m
            [36m# /home/ec2-user/.rvm/gems/ruby-2.6.3/gems/capybara-3.35.3/lib/capybara/selenium/driver.rb:54:in `rescue in load_selenium'[0m
            [36m# /home/ec2-user/.rvm/gems/ruby-2.6.3/gems/capybara-3.35.3/lib/capybara/selenium/driver.rb:22:in `load_selenium'[0m
            [36m# /home/ec2-user/.rvm/gems/ruby-2.6.3/gems/capybara-3.35.3/lib/capybara/selenium/driver.rb:94:in `initialize'[0m
            [36m# /home/ec2-user/.rvm/gems/ruby-2.6.3/gems/capybara-3.35.3/lib/capybara/session.rb:104:in `driver'[0m
            [36m# /home/ec2-user/.rvm/gems/ruby-2.6.3/gems/capybara-3.35.3/lib/capybara/session.rb:90:in `initialize'[0m
            [36m# /home/ec2-user/.rvm/gems/ruby-2.6.3/gems/capybara-3.35.3/lib/capybara.rb:424:in `new'[0m
            [36m# /home/ec2-user/.rvm/gems/ruby-2.6.3/gems/capybara-3.35.3/lib/capybara.rb:424:in `block in session_pool'[0m
            [36m# /home/ec2-user/.rvm/gems/ruby-2.6.3/gems/capybara-3.35.3/lib/capybara.rb:315:in `current_session'[0m
            [36m# /home/ec2-user/.rvm/gems/ruby-2.6.3/gems/capybara-3.35.3/lib/capybara/dsl.rb:46:in `page'[0m
            [36m# ------------------[0m
            [36m# --- Caused by: ---[0m
            [36m# LoadError:[0m
            [36m#   cannot load such file -- selenium-webdriver[0m
            [36m#   /home/ec2-user/.rvm/gems/ruby-2.6.3/gems/bootsnap-1.7.2/lib/bootsnap/load_path_cache/core_ext/kernel_require.rb:34:in `require'[0m

  46) [STEP1] ãƒ¦ãƒ¼ã‚¶ãƒ¼ãƒ­ã‚°ã‚¤ãƒ³å‰ã®ãƒ†ã‚¹ãƒˆ ãƒ˜ãƒƒãƒ€ãƒ¼ã®ãƒ†ã‚¹ãƒˆ ãƒ˜ãƒƒãƒ€ãƒ¼ã®å†…å®¹ç¢ºèª èª­æ›¸ä¸€è¦§ã®ãƒªãƒ³ã‚¯ãŒè¡¨ç¤ºã•ã‚Œã¦ã„ã‚‹ã‹
      [31mGot 0 failures and 2 other errors:[0m

      46.1) [31mFailure/Error: [0mvisit new_user_session_path[0m
            [31m[0m
            [31mLoadError:[0m
            [31m  Capybara's selenium driver is unable to load `selenium-webdriver`, please install the gem and add `gem 'selenium-webdriver'` to your Gemfile if you are using bundler.[0m
            [36m# /home/ec2-user/.rvm/gems/ruby-2.6.3/gems/capybara-3.35.3/lib/capybara/selenium/driver.rb:54:in `rescue in load_selenium'[0m
            [36m# /home/ec2-user/.rvm/gems/ruby-2.6.3/gems/capybara-3.35.3/lib/capybara/selenium/driver.rb:22:in `load_selenium'[0m
            [36m# /home/ec2-user/.rvm/gems/ruby-2.6.3/gems/capybara-3.35.3/lib/capybara/selenium/driver.rb:94:in `initialize'[0m
            [36m# /home/ec2-user/.rvm/gems/ruby-2.6.3/gems/capybara-3.35.3/lib/capybara/session.rb:104:in `driver'[0m
            [36m# /home/ec2-user/.rvm/gems/ruby-2.6.3/gems/capybara-3.35.3/lib/capybara/session.rb:90:in `initialize'[0m
            [36m# /home/ec2-user/.rvm/gems/ruby-2.6.3/gems/capybara-3.35.3/lib/capybara.rb:424:in `new'[0m
            [36m# /home/ec2-user/.rvm/gems/ruby-2.6.3/gems/capybara-3.35.3/lib/capybara.rb:424:in `block in session_pool'[0m
            [36m# /home/ec2-user/.rvm/gems/ruby-2.6.3/gems/capybara-3.35.3/lib/capybara.rb:315:in `current_session'[0m
            [36m# /home/ec2-user/.rvm/gems/ruby-2.6.3/gems/capybara-3.35.3/lib/capybara/dsl.rb:46:in `page'[0m
            [36m# /home/ec2-user/.rvm/gems/ruby-2.6.3/gems/capybara-3.35.3/lib/capybara/dsl.rb:58:in `block (2 levels) in <module:DSL>'[0m
            [36m# ./spec/system/01_before_login_spec.rb:212:in `block (3 levels) in <main>'[0m
            [36m# ------------------[0m
            [36m# --- Caused by: ---[0m
            [36m# LoadError:[0m
            [36m#   cannot load such file -- selenium-webdriver[0m
            [36m#   /home/ec2-user/.rvm/gems/ruby-2.6.3/gems/bootsnap-1.7.2/lib/bootsnap/load_path_cache/core_ext/kernel_require.rb:34:in `require'[0m

      46.2) [31mFailure/Error: [0mraise [1;34;4mLoadError[0m, [31m[1;31m"[0m[31mCapybara's selenium driver is unable to load `selenium-webdriver`, please install the gem and add `gem 'selenium-webdriver'` to your Gemfile if you are using bundler.[1;31m"[0m[31m[0m[0m
            [31m[0m
            [31mLoadError:[0m
            [31m  Capybara's selenium driver is unable to load `selenium-webdriver`, please install the gem and add `gem 'selenium-webdriver'` to your Gemfile if you are using bundler.[0m
            [36m# /home/ec2-user/.rvm/gems/ruby-2.6.3/gems/capybara-3.35.3/lib/capybara/selenium/driver.rb:54:in `rescue in load_selenium'[0m
            [36m# /home/ec2-user/.rvm/gems/ruby-2.6.3/gems/capybara-3.35.3/lib/capybara/selenium/driver.rb:22:in `load_selenium'[0m
            [36m# /home/ec2-user/.rvm/gems/ruby-2.6.3/gems/capybara-3.35.3/lib/capybara/selenium/driver.rb:94:in `initialize'[0m
            [36m# /home/ec2-user/.rvm/gems/ruby-2.6.3/gems/capybara-3.35.3/lib/capybara/session.rb:104:in `driver'[0m
            [36m# /home/ec2-user/.rvm/gems/ruby-2.6.3/gems/capybara-3.35.3/lib/capybara/session.rb:90:in `initialize'[0m
            [36m# /home/ec2-user/.rvm/gems/ruby-2.6.3/gems/capybara-3.35.3/lib/capybara.rb:424:in `new'[0m
            [36m# /home/ec2-user/.rvm/gems/ruby-2.6.3/gems/capybara-3.35.3/lib/capybara.rb:424:in `block in session_pool'[0m
            [36m# /home/ec2-user/.rvm/gems/ruby-2.6.3/gems/capybara-3.35.3/lib/capybara.rb:315:in `current_session'[0m
            [36m# /home/ec2-user/.rvm/gems/ruby-2.6.3/gems/capybara-3.35.3/lib/capybara/dsl.rb:46:in `page'[0m
            [36m# ------------------[0m
            [36m# --- Caused by: ---[0m
            [36m# LoadError:[0m
            [36m#   cannot load such file -- selenium-webdriver[0m
            [36m#   /home/ec2-user/.rvm/gems/ruby-2.6.3/gems/bootsnap-1.7.2/lib/bootsnap/load_path_cache/core_ext/kernel_require.rb:34:in `require'[0m

  47) [STEP1] ãƒ¦ãƒ¼ã‚¶ãƒ¼ãƒ­ã‚°ã‚¤ãƒ³å‰ã®ãƒ†ã‚¹ãƒˆ ãƒ˜ãƒƒãƒ€ãƒ¼ã®ãƒ†ã‚¹ãƒˆ ãƒ˜ãƒƒãƒ€ãƒ¼ã®å†…å®¹ç¢ºèª ãƒ­ã‚°ã‚¢ã‚¦ãƒˆã®ãƒªãƒ³ã‚¯ãŒè¡¨ç¤ºã•ã‚Œã¦ã„ã‚‹ã‹
      [31mGot 0 failures and 2 other errors:[0m

      47.1) [31mFailure/Error: [0mvisit new_user_session_path[0m
            [31m[0m
            [31mLoadError:[0m
            [31m  Capybara's selenium driver is unable to load `selenium-webdriver`, please install the gem and add `gem 'selenium-webdriver'` to your Gemfile if you are using bundler.[0m
            [36m# /home/ec2-user/.rvm/gems/ruby-2.6.3/gems/capybara-3.35.3/lib/capybara/selenium/driver.rb:54:in `rescue in load_selenium'[0m
            [36m# /home/ec2-user/.rvm/gems/ruby-2.6.3/gems/capybara-3.35.3/lib/capybara/selenium/driver.rb:22:in `load_selenium'[0m
            [36m# /home/ec2-user/.rvm/gems/ruby-2.6.3/gems/capybara-3.35.3/lib/capybara/selenium/driver.rb:94:in `initialize'[0m
            [36m# /home/ec2-user/.rvm/gems/ruby-2.6.3/gems/capybara-3.35.3/lib/capybara/session.rb:104:in `driver'[0m
            [36m# /home/ec2-user/.rvm/gems/ruby-2.6.3/gems/capybara-3.35.3/lib/capybara/session.rb:90:in `initialize'[0m
            [36m# /home/ec2-user/.rvm/gems/ruby-2.6.3/gems/capybara-3.35.3/lib/capybara.rb:424:in `new'[0m
            [36m# /home/ec2-user/.rvm/gems/ruby-2.6.3/gems/capybara-3.35.3/lib/capybara.rb:424:in `block in session_pool'[0m
            [36m# /home/ec2-user/.rvm/gems/ruby-2.6.3/gems/capybara-3.35.3/lib/capybara.rb:315:in `current_session'[0m
            [36m# /home/ec2-user/.rvm/gems/ruby-2.6.3/gems/capybara-3.35.3/lib/capybara/dsl.rb:46:in `page'[0m
            [36m# /home/ec2-user/.rvm/gems/ruby-2.6.3/gems/capybara-3.35.3/lib/capybara/dsl.rb:58:in `block (2 levels) in <module:DSL>'[0m
            [36m# ./spec/system/01_before_login_spec.rb:212:in `block (3 levels) in <main>'[0m
            [36m# ------------------[0m
            [36m# --- Caused by: ---[0m
            [36m# LoadError:[0m
            [36m#   cannot load such file -- selenium-webdriver[0m
            [36m#   /home/ec2-user/.rvm/gems/ruby-2.6.3/gems/bootsnap-1.7.2/lib/bootsnap/load_path_cache/core_ext/kernel_require.rb:34:in `require'[0m

      47.2) [31mFailure/Error: [0mraise [1;34;4mLoadError[0m, [31m[1;31m"[0m[31mCapybara's selenium driver is unable to load `selenium-webdriver`, please install the gem and add `gem 'selenium-webdriver'` to your Gemfile if you are using bundler.[1;31m"[0m[31m[0m[0m
            [31m[0m
            [31mLoadError:[0m
            [31m  Capybara's selenium driver is unable to load `selenium-webdriver`, please install the gem and add `gem 'selenium-webdriver'` to your Gemfile if you are using bundler.[0m
            [36m# /home/ec2-user/.rvm/gems/ruby-2.6.3/gems/capybara-3.35.3/lib/capybara/selenium/driver.rb:54:in `rescue in load_selenium'[0m
            [36m# /home/ec2-user/.rvm/gems/ruby-2.6.3/gems/capybara-3.35.3/lib/capybara/selenium/driver.rb:22:in `load_selenium'[0m
            [36m# /home/ec2-user/.rvm/gems/ruby-2.6.3/gems/capybara-3.35.3/lib/capybara/selenium/driver.rb:94:in `initialize'[0m
            [36m# /home/ec2-user/.rvm/gems/ruby-2.6.3/gems/capybara-3.35.3/lib/capybara/session.rb:104:in `driver'[0m
            [36m# /home/ec2-user/.rvm/gems/ruby-2.6.3/gems/capybara-3.35.3/lib/capybara/session.rb:90:in `initialize'[0m
            [36m# /home/ec2-user/.rvm/gems/ruby-2.6.3/gems/capybara-3.35.3/lib/capybara.rb:424:in `new'[0m
            [36m# /home/ec2-user/.rvm/gems/ruby-2.6.3/gems/capybara-3.35.3/lib/capybara.rb:424:in `block in session_pool'[0m
            [36m# /home/ec2-user/.rvm/gems/ruby-2.6.3/gems/capybara-3.35.3/lib/capybara.rb:315:in `current_session'[0m
            [36m# /home/ec2-user/.rvm/gems/ruby-2.6.3/gems/capybara-3.35.3/lib/capybara/dsl.rb:46:in `page'[0m
            [36m# ------------------[0m
            [36m# --- Caused by: ---[0m
            [36m# LoadError:[0m
            [36m#   cannot load such file -- selenium-webdriver[0m
            [36m#   /home/ec2-user/.rvm/gems/ruby-2.6.3/gems/bootsnap-1.7.2/lib/bootsnap/load_path_cache/core_ext/kernel_require.rb:34:in `require'[0m

  48) [STEP1] ãƒ¦ãƒ¼ã‚¶ãƒ¼ãƒ­ã‚°ã‚¤ãƒ³å‰ã®ãƒ†ã‚¹ãƒˆ ãƒ˜ãƒƒãƒ€ãƒ¼ã®ãƒ†ã‚¹ãƒˆ ãƒªãƒ³ã‚¯å†…å®¹ã‚’ç¢ºèª ãƒã‚¤ãƒšãƒ¼ã‚¸ã‚’æŠ¼ã™ã¨ã€ãƒã‚¤ãƒšãƒ¼ã‚¸ç”»é¢ã«é·ç§»ã™ã‚‹
      [31mGot 0 failures and 2 other errors:[0m

      48.1) [31mFailure/Error: [0mvisit new_user_session_path[0m
            [31m[0m
            [31mLoadError:[0m
            [31m  Capybara's selenium driver is unable to load `selenium-webdriver`, please install the gem and add `gem 'selenium-webdriver'` to your Gemfile if you are using bundler.[0m
            [36m# /home/ec2-user/.rvm/gems/ruby-2.6.3/gems/capybara-3.35.3/lib/capybara/selenium/driver.rb:54:in `rescue in load_selenium'[0m
            [36m# /home/ec2-user/.rvm/gems/ruby-2.6.3/gems/capybara-3.35.3/lib/capybara/selenium/driver.rb:22:in `load_selenium'[0m
            [36m# /home/ec2-user/.rvm/gems/ruby-2.6.3/gems/capybara-3.35.3/lib/capybara/selenium/driver.rb:94:in `initialize'[0m
            [36m# /home/ec2-user/.rvm/gems/ruby-2.6.3/gems/capybara-3.35.3/lib/capybara/session.rb:104:in `driver'[0m
            [36m# /home/ec2-user/.rvm/gems/ruby-2.6.3/gems/capybara-3.35.3/lib/capybara/session.rb:90:in `initialize'[0m
            [36m# /home/ec2-user/.rvm/gems/ruby-2.6.3/gems/capybara-3.35.3/lib/capybara.rb:424:in `new'[0m
            [36m# /home/ec2-user/.rvm/gems/ruby-2.6.3/gems/capybara-3.35.3/lib/capybara.rb:424:in `block in session_pool'[0m
            [36m# /home/ec2-user/.rvm/gems/ruby-2.6.3/gems/capybara-3.35.3/lib/capybara.rb:315:in `current_session'[0m
            [36m# /home/ec2-user/.rvm/gems/ruby-2.6.3/gems/capybara-3.35.3/lib/capybara/dsl.rb:46:in `page'[0m
            [36m# /home/ec2-user/.rvm/gems/ruby-2.6.3/gems/capybara-3.35.3/lib/capybara/dsl.rb:58:in `block (2 levels) in <module:DSL>'[0m
            [36m# ./spec/system/01_before_login_spec.rb:212:in `block (3 levels) in <main>'[0m
            [36m# ------------------[0m
            [36m# --- Caused by: ---[0m
            [36m# LoadError:[0m
            [36m#   cannot load such file -- selenium-webdriver[0m
            [36m#   /home/ec2-user/.rvm/gems/ruby-2.6.3/gems/bootsnap-1.7.2/lib/bootsnap/load_path_cache/core_ext/kernel_require.rb:34:in `require'[0m

      48.2) [31mFailure/Error: [0mraise [1;34;4mLoadError[0m, [31m[1;31m"[0m[31mCapybara's selenium driver is unable to load `selenium-webdriver`, please install the gem and add `gem 'selenium-webdriver'` to your Gemfile if you are using bundler.[1;31m"[0m[31m[0m[0m
            [31m[0m
            [31mLoadError:[0m
            [31m  Capybara's selenium driver is unable to load `selenium-webdriver`, please install the gem and add `gem 'selenium-webdriver'` to your Gemfile if you are using bundler.[0m
            [36m# /home/ec2-user/.rvm/gems/ruby-2.6.3/gems/capybara-3.35.3/lib/capybara/selenium/driver.rb:54:in `rescue in load_selenium'[0m
            [36m# /home/ec2-user/.rvm/gems/ruby-2.6.3/gems/capybara-3.35.3/lib/capybara/selenium/driver.rb:22:in `load_selenium'[0m
            [36m# /home/ec2-user/.rvm/gems/ruby-2.6.3/gems/capybara-3.35.3/lib/capybara/selenium/driver.rb:94:in `initialize'[0m
            [36m# /home/ec2-user/.rvm/gems/ruby-2.6.3/gems/capybara-3.35.3/lib/capybara/session.rb:104:in `driver'[0m
            [36m# /home/ec2-user/.rvm/gems/ruby-2.6.3/gems/capybara-3.35.3/lib/capybara/session.rb:90:in `initialize'[0m
            [36m# /home/ec2-user/.rvm/gems/ruby-2.6.3/gems/capybara-3.35.3/lib/capybara.rb:424:in `new'[0m
            [36m# /home/ec2-user/.rvm/gems/ruby-2.6.3/gems/capybara-3.35.3/lib/capybara.rb:424:in `block in session_pool'[0m
            [36m# /home/ec2-user/.rvm/gems/ruby-2.6.3/gems/capybara-3.35.3/lib/capybara.rb:315:in `current_session'[0m
            [36m# /home/ec2-user/.rvm/gems/ruby-2.6.3/gems/capybara-3.35.3/lib/capybara/dsl.rb:46:in `page'[0m
            [36m# ------------------[0m
            [36m# --- Caused by: ---[0m
            [36m# LoadError:[0m
            [36m#   cannot load such file -- selenium-webdriver[0m
            [36m#   /home/ec2-user/.rvm/gems/ruby-2.6.3/gems/bootsnap-1.7.2/lib/bootsnap/load_path_cache/core_ext/kernel_require.rb:34:in `require'[0m

  49) [STEP1] ãƒ¦ãƒ¼ã‚¶ãƒ¼ãƒ­ã‚°ã‚¤ãƒ³å‰ã®ãƒ†ã‚¹ãƒˆ ãƒ˜ãƒƒãƒ€ãƒ¼ã®ãƒ†ã‚¹ãƒˆ ãƒªãƒ³ã‚¯å†…å®¹ã‚’ç¢ºèª æ–°è¦æŠ•ç¨¿ã‚’æŠ¼ã™ã¨ã€æ–°è¦æŠ•ç¨¿ç”»é¢ã«é·ç§»ã™ã‚‹
      [31mGot 0 failures and 2 other errors:[0m

      49.1) [31mFailure/Error: [0mvisit new_user_session_path[0m
            [31m[0m
            [31mLoadError:[0m
            [31m  Capybara's selenium driver is unable to load `selenium-webdriver`, please install the gem and add `gem 'selenium-webdriver'` to your Gemfile if you are using bundler.[0m
            [36m# /home/ec2-user/.rvm/gems/ruby-2.6.3/gems/capybara-3.35.3/lib/capybara/selenium/driver.rb:54:in `rescue in load_selenium'[0m
            [36m# /home/ec2-user/.rvm/gems/ruby-2.6.3/gems/capybara-3.35.3/lib/capybara/selenium/driver.rb:22:in `load_selenium'[0m
            [36m# /home/ec2-user/.rvm/gems/ruby-2.6.3/gems/capybara-3.35.3/lib/capybara/selenium/driver.rb:94:in `initialize'[0m
            [36m# /home/ec2-user/.rvm/gems/ruby-2.6.3/gems/capybara-3.35.3/lib/capybara/session.rb:104:in `driver'[0m
            [36m# /home/ec2-user/.rvm/gems/ruby-2.6.3/gems/capybara-3.35.3/lib/capybara/session.rb:90:in `initialize'[0m
            [36m# /home/ec2-user/.rvm/gems/ruby-2.6.3/gems/capybara-3.35.3/lib/capybara.rb:424:in `new'[0m
            [36m# /home/ec2-user/.rvm/gems/ruby-2.6.3/gems/capybara-3.35.3/lib/capybara.rb:424:in `block in session_pool'[0m
            [36m# /home/ec2-user/.rvm/gems/ruby-2.6.3/gems/capybara-3.35.3/lib/capybara.rb:315:in `current_session'[0m
            [36m# /home/ec2-user/.rvm/gems/ruby-2.6.3/gems/capybara-3.35.3/lib/capybara/dsl.rb:46:in `page'[0m
            [36m# /home/ec2-user/.rvm/gems/ruby-2.6.3/gems/capybara-3.35.3/lib/capybara/dsl.rb:58:in `block (2 levels) in <module:DSL>'[0m
            [36m# ./spec/system/01_before_login_spec.rb:212:in `block (3 levels) in <main>'[0m
            [36m# ------------------[0m
            [36m# --- Caused by: ---[0m
            [36m# LoadError:[0m
            [36m#   cannot load such file -- selenium-webdriver[0m
            [36m#   /home/ec2-user/.rvm/gems/ruby-2.6.3/gems/bootsnap-1.7.2/lib/bootsnap/load_path_cache/core_ext/kernel_require.rb:34:in `require'[0m

      49.2) [31mFailure/Error: [0mraise [1;34;4mLoadError[0m, [31m[1;31m"[0m[31mCapybara's selenium driver is unable to load `selenium-webdriver`, please install the gem and add `gem 'selenium-webdriver'` to your Gemfile if you are using bundler.[1;31m"[0m[31m[0m[0m
            [31m[0m
            [31mLoadError:[0m
            [31m  Capybara's selenium driver is unable to load `selenium-webdriver`, please install the gem and add `gem 'selenium-webdriver'` to your Gemfile if you are using bundler.[0m
            [36m# /home/ec2-user/.rvm/gems/ruby-2.6.3/gems/capybara-3.35.3/lib/capybara/selenium/driver.rb:54:in `rescue in load_selenium'[0m
            [36m# /home/ec2-user/.rvm/gems/ruby-2.6.3/gems/capybara-3.35.3/lib/capybara/selenium/driver.rb:22:in `load_selenium'[0m
            [36m# /home/ec2-user/.rvm/gems/ruby-2.6.3/gems/capybara-3.35.3/lib/capybara/selenium/driver.rb:94:in `initialize'[0m
            [36m# /home/ec2-user/.rvm/gems/ruby-2.6.3/gems/capybara-3.35.3/lib/capybara/session.rb:104:in `driver'[0m
            [36m# /home/ec2-user/.rvm/gems/ruby-2.6.3/gems/capybara-3.35.3/lib/capybara/session.rb:90:in `initialize'[0m
            [36m# /home/ec2-user/.rvm/gems/ruby-2.6.3/gems/capybara-3.35.3/lib/capybara.rb:424:in `new'[0m
            [36m# /home/ec2-user/.rvm/gems/ruby-2.6.3/gems/capybara-3.35.3/lib/capybara.rb:424:in `block in session_pool'[0m
            [36m# /home/ec2-user/.rvm/gems/ruby-2.6.3/gems/capybara-3.35.3/lib/capybara.rb:315:in `current_session'[0m
            [36m# /home/ec2-user/.rvm/gems/ruby-2.6.3/gems/capybara-3.35.3/lib/capybara/dsl.rb:46:in `page'[0m
            [36m# ------------------[0m
            [36m# --- Caused by: ---[0m
            [36m# LoadError:[0m
            [36m#   cannot load such file -- selenium-webdriver[0m
            [36m#   /home/ec2-user/.rvm/gems/ruby-2.6.3/gems/bootsnap-1.7.2/lib/bootsnap/load_path_cache/core_ext/kernel_require.rb:34:in `require'[0m

  50) [STEP1] ãƒ¦ãƒ¼ã‚¶ãƒ¼ãƒ­ã‚°ã‚¤ãƒ³å‰ã®ãƒ†ã‚¹ãƒˆ ãƒ˜ãƒƒãƒ€ãƒ¼ã®ãƒ†ã‚¹ãƒˆ ãƒªãƒ³ã‚¯å†…å®¹ã‚’ç¢ºèª æŠ•ç¨¿ä¸€è¦§ã‚’æŠ¼ã™ã¨ã€æŠ•ç¨¿ä¸€è¦§ç”»é¢ã«é·ç§»ã™ã‚‹
      [31mGot 0 failures and 2 other errors:[0m

      50.1) [31mFailure/Error: [0mvisit new_user_session_path[0m
            [31m[0m
            [31mLoadError:[0m
            [31m  Capybara's selenium driver is unable to load `selenium-webdriver`, please install the gem and add `gem 'selenium-webdriver'` to your Gemfile if you are using bundler.[0m
            [36m# /home/ec2-user/.rvm/gems/ruby-2.6.3/gems/capybara-3.35.3/lib/capybara/selenium/driver.rb:54:in `rescue in load_selenium'[0m
            [36m# /home/ec2-user/.rvm/gems/ruby-2.6.3/gems/capybara-3.35.3/lib/capybara/selenium/driver.rb:22:in `load_selenium'[0m
            [36m# /home/ec2-user/.rvm/gems/ruby-2.6.3/gems/capybara-3.35.3/lib/capybara/selenium/driver.rb:94:in `initialize'[0m
            [36m# /home/ec2-user/.rvm/gems/ruby-2.6.3/gems/capybara-3.35.3/lib/capybara/session.rb:104:in `driver'[0m
            [36m# /home/ec2-user/.rvm/gems/ruby-2.6.3/gems/capybara-3.35.3/lib/capybara/session.rb:90:in `initialize'[0m
            [36m# /home/ec2-user/.rvm/gems/ruby-2.6.3/gems/capybara-3.35.3/lib/capybara.rb:424:in `new'[0m
            [36m# /home/ec2-user/.rvm/gems/ruby-2.6.3/gems/capybara-3.35.3/lib/capybara.rb:424:in `block in session_pool'[0m
            [36m# /home/ec2-user/.rvm/gems/ruby-2.6.3/gems/capybara-3.35.3/lib/capybara.rb:315:in `current_session'[0m
            [36m# /home/ec2-user/.rvm/gems/ruby-2.6.3/gems/capybara-3.35.3/lib/capybara/dsl.rb:46:in `page'[0m
            [36m# /home/ec2-user/.rvm/gems/ruby-2.6.3/gems/capybara-3.35.3/lib/capybara/dsl.rb:58:in `block (2 levels) in <module:DSL>'[0m
            [36m# ./spec/system/01_before_login_spec.rb:212:in `block (3 levels) in <main>'[0m
            [36m# ------------------[0m
            [36m# --- Caused by: ---[0m
            [36m# LoadError:[0m
            [36m#   cannot load such file -- selenium-webdriver[0m
            [36m#   /home/ec2-user/.rvm/gems/ruby-2.6.3/gems/bootsnap-1.7.2/lib/bootsnap/load_path_cache/core_ext/kernel_require.rb:34:in `require'[0m

      50.2) [31mFailure/Error: [0mraise [1;34;4mLoadError[0m, [31m[1;31m"[0m[31mCapybara's selenium driver is unable to load `selenium-webdriver`, please install the gem and add `gem 'selenium-webdriver'` to your Gemfile if you are using bundler.[1;31m"[0m[31m[0m[0m
            [31m[0m
            [31mLoadError:[0m
            [31m  Capybara's selenium driver is unable to load `selenium-webdriver`, please install the gem and add `gem 'selenium-webdriver'` to your Gemfile if you are using bundler.[0m
            [36m# /home/ec2-user/.rvm/gems/ruby-2.6.3/gems/capybara-3.35.3/lib/capybara/selenium/driver.rb:54:in `rescue in load_selenium'[0m
            [36m# /home/ec2-user/.rvm/gems/ruby-2.6.3/gems/capybara-3.35.3/lib/capybara/selenium/driver.rb:22:in `load_selenium'[0m
            [36m# /home/ec2-user/.rvm/gems/ruby-2.6.3/gems/capybara-3.35.3/lib/capybara/selenium/driver.rb:94:in `initialize'[0m
            [36m# /home/ec2-user/.rvm/gems/ruby-2.6.3/gems/capybara-3.35.3/lib/capybara/session.rb:104:in `driver'[0m
            [36m# /home/ec2-user/.rvm/gems/ruby-2.6.3/gems/capybara-3.35.3/lib/capybara/session.rb:90:in `initialize'[0m
            [36m# /home/ec2-user/.rvm/gems/ruby-2.6.3/gems/capybara-3.35.3/lib/capybara.rb:424:in `new'[0m
            [36m# /home/ec2-user/.rvm/gems/ruby-2.6.3/gems/capybara-3.35.3/lib/capybara.rb:424:in `block in session_pool'[0m
            [36m# /home/ec2-user/.rvm/gems/ruby-2.6.3/gems/capybara-3.35.3/lib/capybara.rb:315:in `current_session'[0m
            [36m# /home/ec2-user/.rvm/gems/ruby-2.6.3/gems/capybara-3.35.3/lib/capybara/dsl.rb:46:in `page'[0m
            [36m# ------------------[0m
            [36m# --- Caused by: ---[0m
            [36m# LoadError:[0m
            [36m#   cannot load such file -- selenium-webdriver[0m
            [36m#   /home/ec2-user/.rvm/gems/ruby-2.6.3/gems/bootsnap-1.7.2/lib/bootsnap/load_path_cache/core_ext/kernel_require.rb:34:in `require'[0m

  51) [STEP1] ãƒ¦ãƒ¼ã‚¶ãƒ¼ãƒ­ã‚°ã‚¤ãƒ³å‰ã®ãƒ†ã‚¹ãƒˆ ãƒ˜ãƒƒãƒ€ãƒ¼ã®ãƒ†ã‚¹ãƒˆ ãƒªãƒ³ã‚¯å†…å®¹ã‚’ç¢ºèª èª­æ›¸è¨˜éŒ²ã‚’æŠ¼ã™ã¨ã€èª­æ›¸è¨˜éŒ²ç™»éŒ²ç”»é¢ã«é·ç§»ã™ã‚‹
      [31mGot 0 failures and 2 other errors:[0m

      51.1) [31mFailure/Error: [0mvisit new_user_session_path[0m
            [31m[0m
            [31mLoadError:[0m
            [31m  Capybara's selenium driver is unable to load `selenium-webdriver`, please install the gem and add `gem 'selenium-webdriver'` to your Gemfile if you are using bundler.[0m
            [36m# /home/ec2-user/.rvm/gems/ruby-2.6.3/gems/capybara-3.35.3/lib/capybara/selenium/driver.rb:54:in `rescue in load_selenium'[0m
            [36m# /home/ec2-user/.rvm/gems/ruby-2.6.3/gems/capybara-3.35.3/lib/capybara/selenium/driver.rb:22:in `load_selenium'[0m
            [36m# /home/ec2-user/.rvm/gems/ruby-2.6.3/gems/capybara-3.35.3/lib/capybara/selenium/driver.rb:94:in `initialize'[0m
            [36m# /home/ec2-user/.rvm/gems/ruby-2.6.3/gems/capybara-3.35.3/lib/capybara/session.rb:104:in `driver'[0m
            [36m# /home/ec2-user/.rvm/gems/ruby-2.6.3/gems/capybara-3.35.3/lib/capybara/session.rb:90:in `initialize'[0m
            [36m# /home/ec2-user/.rvm/gems/ruby-2.6.3/gems/capybara-3.35.3/lib/capybara.rb:424:in `new'[0m
            [36m# /home/ec2-user/.rvm/gems/ruby-2.6.3/gems/capybara-3.35.3/lib/capybara.rb:424:in `block in session_pool'[0m
            [36m# /home/ec2-user/.rvm/gems/ruby-2.6.3/gems/capybara-3.35.3/lib/capybara.rb:315:in `current_session'[0m
            [36m# /home/ec2-user/.rvm/gems/ruby-2.6.3/gems/capybara-3.35.3/lib/capybara/dsl.rb:46:in `page'[0m
            [36m# /home/ec2-user/.rvm/gems/ruby-2.6.3/gems/capybara-3.35.3/lib/capybara/dsl.rb:58:in `block (2 levels) in <module:DSL>'[0m
            [36m# ./spec/system/01_before_login_spec.rb:212:in `block (3 levels) in <main>'[0m
            [36m# ------------------[0m
            [36m# --- Caused by: ---[0m
            [36m# LoadError:[0m
            [36m#   cannot load such file -- selenium-webdriver[0m
            [36m#   /home/ec2-user/.rvm/gems/ruby-2.6.3/gems/bootsnap-1.7.2/lib/bootsnap/load_path_cache/core_ext/kernel_require.rb:34:in `require'[0m

      51.2) [31mFailure/Error: [0mraise [1;34;4mLoadError[0m, [31m[1;31m"[0m[31mCapybara's selenium driver is unable to load `selenium-webdriver`, please install the gem and add `gem 'selenium-webdriver'` to your Gemfile if you are using bundler.[1;31m"[0m[31m[0m[0m
            [31m[0m
            [31mLoadError:[0m
            [31m  Capybara's selenium driver is unable to load `selenium-webdriver`, please install the gem and add `gem 'selenium-webdriver'` to your Gemfile if you are using bundler.[0m
            [36m# /home/ec2-user/.rvm/gems/ruby-2.6.3/gems/capybara-3.35.3/lib/capybara/selenium/driver.rb:54:in `rescue in load_selenium'[0m
            [36m# /home/ec2-user/.rvm/gems/ruby-2.6.3/gems/capybara-3.35.3/lib/capybara/selenium/driver.rb:22:in `load_selenium'[0m
            [36m# /home/ec2-user/.rvm/gems/ruby-2.6.3/gems/capybara-3.35.3/lib/capybara/selenium/driver.rb:94:in `initialize'[0m
            [36m# /home/ec2-user/.rvm/gems/ruby-2.6.3/gems/capybara-3.35.3/lib/capybara/session.rb:104:in `driver'[0m
            [36m# /home/ec2-user/.rvm/gems/ruby-2.6.3/gems/capybara-3.35.3/lib/capybara/session.rb:90:in `initialize'[0m
            [36m# /home/ec2-user/.rvm/gems/ruby-2.6.3/gems/capybara-3.35.3/lib/capybara.rb:424:in `new'[0m
            [36m# /home/ec2-user/.rvm/gems/ruby-2.6.3/gems/capybara-3.35.3/lib/capybara.rb:424:in `block in session_pool'[0m
            [36m# /home/ec2-user/.rvm/gems/ruby-2.6.3/gems/capybara-3.35.3/lib/capybara.rb:315:in `current_session'[0m
            [36m# /home/ec2-user/.rvm/gems/ruby-2.6.3/gems/capybara-3.35.3/lib/capybara/dsl.rb:46:in `page'[0m
            [36m# ------------------[0m
            [36m# --- Caused by: ---[0m
            [36m# LoadError:[0m
            [36m#   cannot load such file -- selenium-webdriver[0m
            [36m#   /home/ec2-user/.rvm/gems/ruby-2.6.3/gems/bootsnap-1.7.2/lib/bootsnap/load_path_cache/core_ext/kernel_require.rb:34:in `require'[0m

  52) [STEP1] ãƒ¦ãƒ¼ã‚¶ãƒ¼ãƒ­ã‚°ã‚¤ãƒ³å‰ã®ãƒ†ã‚¹ãƒˆ ãƒ˜ãƒƒãƒ€ãƒ¼ã®ãƒ†ã‚¹ãƒˆ ãƒªãƒ³ã‚¯å†…å®¹ã‚’ç¢ºèª èª­æ›¸ä¸€è¦§ã‚’æŠ¼ã™ã¨ã€èª­æ›¸ä¸€è¦§ç”»é¢ã«é·ç§»ã™ã‚‹
      [31mGot 0 failures and 2 other errors:[0m

      52.1) [31mFailure/Error: [0mvisit new_user_session_path[0m
            [31m[0m
            [31mLoadError:[0m
            [31m  Capybara's selenium driver is unable to load `selenium-webdriver`, please install the gem and add `gem 'selenium-webdriver'` to your Gemfile if you are using bundler.[0m
            [36m# /home/ec2-user/.rvm/gems/ruby-2.6.3/gems/capybara-3.35.3/lib/capybara/selenium/driver.rb:54:in `rescue in load_selenium'[0m
            [36m# /home/ec2-user/.rvm/gems/ruby-2.6.3/gems/capybara-3.35.3/lib/capybara/selenium/driver.rb:22:in `load_selenium'[0m
            [36m# /home/ec2-user/.rvm/gems/ruby-2.6.3/gems/capybara-3.35.3/lib/capybara/selenium/driver.rb:94:in `initialize'[0m
            [36m# /home/ec2-user/.rvm/gems/ruby-2.6.3/gems/capybara-3.35.3/lib/capybara/session.rb:104:in `driver'[0m
            [36m# /home/ec2-user/.rvm/gems/ruby-2.6.3/gems/capybara-3.35.3/lib/capybara/session.rb:90:in `initialize'[0m
            [36m# /home/ec2-user/.rvm/gems/ruby-2.6.3/gems/capybara-3.35.3/lib/capybara.rb:424:in `new'[0m
            [36m# /home/ec2-user/.rvm/gems/ruby-2.6.3/gems/capybara-3.35.3/lib/capybara.rb:424:in `block in session_pool'[0m
            [36m# /home/ec2-user/.rvm/gems/ruby-2.6.3/gems/capybara-3.35.3/lib/capybara.rb:315:in `current_session'[0m
            [36m# /home/ec2-user/.rvm/gems/ruby-2.6.3/gems/capybara-3.35.3/lib/capybara/dsl.rb:46:in `page'[0m
            [36m# /home/ec2-user/.rvm/gems/ruby-2.6.3/gems/capybara-3.35.3/lib/capybara/dsl.rb:58:in `block (2 levels) in <module:DSL>'[0m
            [36m# ./spec/system/01_before_login_spec.rb:212:in `block (3 levels) in <main>'[0m
            [36m# ------------------[0m
            [36m# --- Caused by: ---[0m
            [36m# LoadError:[0m
            [36m#   cannot load such file -- selenium-webdriver[0m
            [36m#   /home/ec2-user/.rvm/gems/ruby-2.6.3/gems/bootsnap-1.7.2/lib/bootsnap/load_path_cache/core_ext/kernel_require.rb:34:in `require'[0m

      52.2) [31mFailure/Error: [0mraise [1;34;4mLoadError[0m, [31m[1;31m"[0m[31mCapybara's selenium driver is unable to load `selenium-webdriver`, please install the gem and add `gem 'selenium-webdriver'` to your Gemfile if you are using bundler.[1;31m"[0m[31m[0m[0m
            [31m[0m
            [31mLoadError:[0m
            [31m  Capybara's selenium driver is unable to load `selenium-webdriver`, please install the gem and add `gem 'selenium-webdriver'` to your Gemfile if you are using bundler.[0m
            [36m# /home/ec2-user/.rvm/gems/ruby-2.6.3/gems/capybara-3.35.3/lib/capybara/selenium/driver.rb:54:in `rescue in load_selenium'[0m
            [36m# /home/ec2-user/.rvm/gems/ruby-2.6.3/gems/capybara-3.35.3/lib/capybara/selenium/driver.rb:22:in `load_selenium'[0m
            [36m# /home/ec2-user/.rvm/gems/ruby-2.6.3/gems/capybara-3.35.3/lib/capybara/selenium/driver.rb:94:in `initialize'[0m
            [36m# /home/ec2-user/.rvm/gems/ruby-2.6.3/gems/capybara-3.35.3/lib/capybara/session.rb:104:in `driver'[0m
            [36m# /home/ec2-user/.rvm/gems/ruby-2.6.3/gems/capybara-3.35.3/lib/capybara/session.rb:90:in `initialize'[0m
            [36m# /home/ec2-user/.rvm/gems/ruby-2.6.3/gems/capybara-3.35.3/lib/capybara.rb:424:in `new'[0m
            [36m# /home/ec2-user/.rvm/gems/ruby-2.6.3/gems/capybara-3.35.3/lib/capybara.rb:424:in `block in session_pool'[0m
            [36m# /home/ec2-user/.rvm/gems/ruby-2.6.3/gems/capybara-3.35.3/lib/capybara.rb:315:in `current_session'[0m
            [36m# /home/ec2-user/.rvm/gems/ruby-2.6.3/gems/capybara-3.35.3/lib/capybara/dsl.rb:46:in `page'[0m
            [36m# ------------------[0m
            [36m# --- Caused by: ---[0m
            [36m# LoadError:[0m
            [36m#   cannot load such file -- selenium-webdriver[0m
            [36m#   /home/ec2-user/.rvm/gems/ruby-2.6.3/gems/bootsnap-1.7.2/lib/bootsnap/load_path_cache/core_ext/kernel_require.rb:34:in `require'[0m

  53) [STEP1] ãƒ¦ãƒ¼ã‚¶ãƒ¼ãƒ­ã‚°ã‚¤ãƒ³å‰ã®ãƒ†ã‚¹ãƒˆ ãƒ˜ãƒƒãƒ€ãƒ¼ã®ãƒ†ã‚¹ãƒˆ ãƒªãƒ³ã‚¯å†…å®¹ã‚’ç¢ºèª ãƒ­ã‚°ã‚¢ã‚¦ãƒˆã‚’æŠ¼ã™ã¨ã€ãƒˆãƒƒãƒ—ãƒšãƒ¼ã‚¸ã«é·ç§»ã™ã‚‹
      [31mGot 0 failures and 2 other errors:[0m

      53.1) [31mFailure/Error: [0mvisit new_user_session_path[0m
            [31m[0m
            [31mLoadError:[0m
            [31m  Capybara's selenium driver is unable to load `selenium-webdriver`, please install the gem and add `gem 'selenium-webdriver'` to your Gemfile if you are using bundler.[0m
            [36m# /home/ec2-user/.rvm/gems/ruby-2.6.3/gems/capybara-3.35.3/lib/capybara/selenium/driver.rb:54:in `rescue in load_selenium'[0m
            [36m# /home/ec2-user/.rvm/gems/ruby-2.6.3/gems/capybara-3.35.3/lib/capybara/selenium/driver.rb:22:in `load_selenium'[0m
            [36m# /home/ec2-user/.rvm/gems/ruby-2.6.3/gems/capybara-3.35.3/lib/capybara/selenium/driver.rb:94:in `initialize'[0m
            [36m# /home/ec2-user/.rvm/gems/ruby-2.6.3/gems/capybara-3.35.3/lib/capybara/session.rb:104:in `driver'[0m
            [36m# /home/ec2-user/.rvm/gems/ruby-2.6.3/gems/capybara-3.35.3/lib/capybara/session.rb:90:in `initialize'[0m
            [36m# /home/ec2-user/.rvm/gems/ruby-2.6.3/gems/capybara-3.35.3/lib/capybara.rb:424:in `new'[0m
            [36m# /home/ec2-user/.rvm/gems/ruby-2.6.3/gems/capybara-3.35.3/lib/capybara.rb:424:in `block in session_pool'[0m
            [36m# /home/ec2-user/.rvm/gems/ruby-2.6.3/gems/capybara-3.35.3/lib/capybara.rb:315:in `current_session'[0m
            [36m# /home/ec2-user/.rvm/gems/ruby-2.6.3/gems/capybara-3.35.3/lib/capybara/dsl.rb:46:in `page'[0m
            [36m# /home/ec2-user/.rvm/gems/ruby-2.6.3/gems/capybara-3.35.3/lib/capybara/dsl.rb:58:in `block (2 levels) in <module:DSL>'[0m
            [36m# ./spec/system/01_before_login_spec.rb:212:in `block (3 levels) in <main>'[0m
            [36m# ------------------[0m
            [36m# --- Caused by: ---[0m
            [36m# LoadError:[0m
            [36m#   cannot load such file -- selenium-webdriver[0m
            [36m#   /home/ec2-user/.rvm/gems/ruby-2.6.3/gems/bootsnap-1.7.2/lib/bootsnap/load_path_cache/core_ext/kernel_require.rb:34:in `require'[0m

      53.2) [31mFailure/Error: [0mraise [1;34;4mLoadError[0m, [31m[1;31m"[0m[31mCapybara's selenium driver is unable to load `selenium-webdriver`, please install the gem and add `gem 'selenium-webdriver'` to your Gemfile if you are using bundler.[1;31m"[0m[31m[0m[0m
            [31m[0m
            [31mLoadError:[0m
            [31m  Capybara's selenium driver is unable to load `selenium-webdriver`, please install the gem and add `gem 'selenium-webdriver'` to your Gemfile if you are using bundler.[0m
            [36m# /home/ec2-user/.rvm/gems/ruby-2.6.3/gems/capybara-3.35.3/lib/capybara/selenium/driver.rb:54:in `rescue in load_selenium'[0m
            [36m# /home/ec2-user/.rvm/gems/ruby-2.6.3/gems/capybara-3.35.3/lib/capybara/selenium/driver.rb:22:in `load_selenium'[0m
            [36m# /home/ec2-user/.rvm/gems/ruby-2.6.3/gems/capybara-3.35.3/lib/capybara/selenium/driver.rb:94:in `initialize'[0m
            [36m# /home/ec2-user/.rvm/gems/ruby-2.6.3/gems/capybara-3.35.3/lib/capybara/session.rb:104:in `driver'[0m
            [36m# /home/ec2-user/.rvm/gems/ruby-2.6.3/gems/capybara-3.35.3/lib/capybara/session.rb:90:in `initialize'[0m
            [36m# /home/ec2-user/.rvm/gems/ruby-2.6.3/gems/capybara-3.35.3/lib/capybara.rb:424:in `new'[0m
            [36m# /home/ec2-user/.rvm/gems/ruby-2.6.3/gems/capybara-3.35.3/lib/capybara.rb:424:in `block in session_pool'[0m
            [36m# /home/ec2-user/.rvm/gems/ruby-2.6.3/gems/capybara-3.35.3/lib/capybara.rb:315:in `current_session'[0m
            [36m# /home/ec2-user/.rvm/gems/ruby-2.6.3/gems/capybara-3.35.3/lib/capybara/dsl.rb:46:in `page'[0m
            [36m# ------------------[0m
            [36m# --- Caused by: ---[0m
            [36m# LoadError:[0m
            [36m#   cannot load such file -- selenium-webdriver[0m
            [36m#   /home/ec2-user/.rvm/gems/ruby-2.6.3/gems/bootsnap-1.7.2/lib/bootsnap/load_path_cache/core_ext/kernel_require.rb:34:in `require'[0m

Finished in 1.45 seconds (files took 2.25 seconds to load)
[31m115 examples, 53 failures[0m

Failed examples:

[31mrspec ./spec/system/01_before_login_spec.rb:12[0m [36m# [STEP1] ãƒ¦ãƒ¼ã‚¶ãƒ¼ãƒ­ã‚°ã‚¤ãƒ³å‰ã®ãƒ†ã‚¹ãƒˆ ãƒˆãƒƒãƒ—ç”»é¢ã®ãƒ†ã‚¹ãƒˆ è¡¨ç¤ºå†…å®¹ã®ç¢ºèª URLãŒæ­£ã—ã„[0m
[31mrspec ./spec/system/01_before_login_spec.rb:15[0m [36m# [STEP1] ãƒ¦ãƒ¼ã‚¶ãƒ¼ãƒ­ã‚°ã‚¤ãƒ³å‰ã®ãƒ†ã‚¹ãƒˆ ãƒˆãƒƒãƒ—ç”»é¢ã®ãƒ†ã‚¹ãƒˆ è¡¨ç¤ºå†…å®¹ã®ç¢ºèª ãƒ­ã‚´ã®ãƒªãƒ³ã‚¯ãŒè¡¨ç¤ºã•ã‚Œã¦ã„ã‚‹ã‹[0m
[31mrspec ./spec/system/01_before_login_spec.rb:18[0m [36m# [STEP1] ãƒ¦ãƒ¼ã‚¶ãƒ¼ãƒ­ã‚°ã‚¤ãƒ³å‰ã®ãƒ†ã‚¹ãƒˆ ãƒˆãƒƒãƒ—ç”»é¢ã®ãƒ†ã‚¹ãƒˆ è¡¨ç¤ºå†…å®¹ã®ç¢ºèª æ–°è¦ç™»éŒ²ã®ãƒªãƒ³ã‚¯ãŒè¡¨ç¤ºã•ã‚Œã¦ã„ã‚‹ã‹[0m
[31mrspec ./spec/system/01_before_login_spec.rb:21[0m [36m# [STEP1] ãƒ¦ãƒ¼ã‚¶ãƒ¼ãƒ­ã‚°ã‚¤ãƒ³å‰ã®ãƒ†ã‚¹ãƒˆ ãƒˆãƒƒãƒ—ç”»é¢ã®ãƒ†ã‚¹ãƒˆ è¡¨ç¤ºå†…å®¹ã®ç¢ºèª ãƒ­ã‚°ã‚¤ãƒ³ã®ãƒªãƒ³ã‚¯ãŒè¡¨ç¤ºã•ã‚Œã¦ã„ã‚‹ã‹[0m
[31mrspec ./spec/system/01_before_login_spec.rb:24[0m [36m# [STEP1] ãƒ¦ãƒ¼ã‚¶ãƒ¼ãƒ­ã‚°ã‚¤ãƒ³å‰ã®ãƒ†ã‚¹ãƒˆ ãƒˆãƒƒãƒ—ç”»é¢ã®ãƒ†ã‚¹ãƒˆ è¡¨ç¤ºå†…å®¹ã®ç¢ºèª BookShareã¨ã¯ï¼Ÿã®è¨˜è¼‰ãŒã‚ã‚‹ã‹[0m
[31mrspec ./spec/system/01_before_login_spec.rb:27[0m [36m# [STEP1] ãƒ¦ãƒ¼ã‚¶ãƒ¼ãƒ­ã‚°ã‚¤ãƒ³å‰ã®ãƒ†ã‚¹ãƒˆ ãƒˆãƒƒãƒ—ç”»é¢ã®ãƒ†ã‚¹ãƒˆ è¡¨ç¤ºå†…å®¹ã®ç¢ºèª BookShareã®ãƒ¡ãƒªãƒƒãƒˆã®è¨˜è¼‰ãŒã‚ã‚‹ã‹[0m
[31mrspec ./spec/system/01_before_login_spec.rb:30[0m [36m# [STEP1] ãƒ¦ãƒ¼ã‚¶ãƒ¼ãƒ­ã‚°ã‚¤ãƒ³å‰ã®ãƒ†ã‚¹ãƒˆ ãƒˆãƒƒãƒ—ç”»é¢ã®ãƒ†ã‚¹ãƒˆ è¡¨ç¤ºå†…å®¹ã®ç¢ºèª BookShareã®ä½¿ã„æ–¹ã®è¨˜è¼‰ãŒã‚ã‚‹ã‹[0m
[31mrspec ./spec/system/01_before_login_spec.rb:36[0m [36m# [STEP1] ãƒ¦ãƒ¼ã‚¶ãƒ¼ãƒ­ã‚°ã‚¤ãƒ³å‰ã®ãƒ†ã‚¹ãƒˆ ãƒˆãƒƒãƒ—ç”»é¢ã®ãƒ†ã‚¹ãƒˆ è¡¨ç¤ºã•ã‚Œã¦ã„ã‚‹ç”»åƒã®ç¢ºèª ãƒ­ã‚´ç”»åƒãŒè¡¨ç¤ºã•ã‚Œã¦ã„ã‚‹ã‹[0m
[31mrspec ./spec/system/01_before_login_spec.rb:39[0m [36m# [STEP1] ãƒ¦ãƒ¼ã‚¶ãƒ¼ãƒ­ã‚°ã‚¤ãƒ³å‰ã®ãƒ†ã‚¹ãƒˆ ãƒˆãƒƒãƒ—ç”»é¢ã®ãƒ†ã‚¹ãƒˆ è¡¨ç¤ºã•ã‚Œã¦ã„ã‚‹ç”»åƒã®ç¢ºèª èƒŒæ™¯ç”»åƒãŒè¡¨ç¤ºã•ã‚Œã¦ã„ã‚‹ã‹[0m
[31mrspec ./spec/system/01_before_login_spec.rb:42[0m [36m# [STEP1] ãƒ¦ãƒ¼ã‚¶ãƒ¼ãƒ­ã‚°ã‚¤ãƒ³å‰ã®ãƒ†ã‚¹ãƒˆ ãƒˆãƒƒãƒ—ç”»é¢ã®ãƒ†ã‚¹ãƒˆ è¡¨ç¤ºã•ã‚Œã¦ã„ã‚‹ç”»åƒã®ç¢ºèª BookShareã®ãƒ¡ãƒªãƒƒãƒˆã®ç”»åƒãŒè¡¨ç¤ºã•ã‚Œã¦ã„ã‚‹ã‹[0m
[31mrspec ./spec/system/01_before_login_spec.rb:45[0m [36m# [STEP1] ãƒ¦ãƒ¼ã‚¶ãƒ¼ãƒ­ã‚°ã‚¤ãƒ³å‰ã®ãƒ†ã‚¹ãƒˆ ãƒˆãƒƒãƒ—ç”»é¢ã®ãƒ†ã‚¹ãƒˆ è¡¨ç¤ºã•ã‚Œã¦ã„ã‚‹ç”»åƒã®ç¢ºèª BookShareã®ãƒ¡ãƒªãƒƒãƒˆã®ç”»åƒãŒè¡¨ç¤ºã•ã‚Œã¦ã„ã‚‹ã‹[0m
[31mrspec ./spec/system/01_before_login_spec.rb:48[0m [36m# [STEP1] ãƒ¦ãƒ¼ã‚¶ãƒ¼ãƒ­ã‚°ã‚¤ãƒ³å‰ã®ãƒ†ã‚¹ãƒˆ ãƒˆãƒƒãƒ—ç”»é¢ã®ãƒ†ã‚¹ãƒˆ è¡¨ç¤ºã•ã‚Œã¦ã„ã‚‹ç”»åƒã®ç¢ºèª BookShareã®ãƒ¡ãƒªãƒƒãƒˆã®ç”»åƒãŒè¡¨ç¤ºã•ã‚Œã¦ã„ã‚‹ã‹[0m
[31mrspec ./spec/system/01_before_login_spec.rb:51[0m [36m# [STEP1] ãƒ¦ãƒ¼ã‚¶ãƒ¼ãƒ­ã‚°ã‚¤ãƒ³å‰ã®ãƒ†ã‚¹ãƒˆ ãƒˆãƒƒãƒ—ç”»é¢ã®ãƒ†ã‚¹ãƒˆ è¡¨ç¤ºã•ã‚Œã¦ã„ã‚‹ç”»åƒã®ç¢ºèª BookShareã®ä½¿ã„æ–¹ã®ç”»åƒãŒè¡¨ç¤ºã•ã‚Œã¦ã„ã‚‹ã‹[0m
[31mrspec ./spec/system/01_before_login_spec.rb:54[0m [36m# [STEP1] ãƒ¦ãƒ¼ã‚¶ãƒ¼ãƒ­ã‚°ã‚¤ãƒ³å‰ã®ãƒ†ã‚¹ãƒˆ ãƒˆãƒƒãƒ—ç”»é¢ã®ãƒ†ã‚¹ãƒˆ è¡¨ç¤ºã•ã‚Œã¦ã„ã‚‹ç”»åƒã®ç¢ºèª BookShareã®ä½¿ã„æ–¹ã®ç”»åƒãŒè¡¨ç¤ºã•ã‚Œã¦ã„ã‚‹ã‹[0m
[31mrspec ./spec/system/01_before_login_spec.rb:57[0m [36m# [STEP1] ãƒ¦ãƒ¼ã‚¶ãƒ¼ãƒ­ã‚°ã‚¤ãƒ³å‰ã®ãƒ†ã‚¹ãƒˆ ãƒˆãƒƒãƒ—ç”»é¢ã®ãƒ†ã‚¹ãƒˆ è¡¨ç¤ºã•ã‚Œã¦ã„ã‚‹ç”»åƒã®ç¢ºèª BookShareã®ä½¿ã„æ–¹ã®ç”»åƒãŒè¡¨ç¤ºã•ã‚Œã¦ã„ã‚‹ã‹[0m
[31mrspec ./spec/system/01_before_login_spec.rb:60[0m [36m# [STEP1] ãƒ¦ãƒ¼ã‚¶ãƒ¼ãƒ­ã‚°ã‚¤ãƒ³å‰ã®ãƒ†ã‚¹ãƒˆ ãƒˆãƒƒãƒ—ç”»é¢ã®ãƒ†ã‚¹ãƒˆ è¡¨ç¤ºã•ã‚Œã¦ã„ã‚‹ç”»åƒã®ç¢ºèª BookShareã®ä½¿ã„æ–¹ã®ç”»åƒãŒè¡¨ç¤ºã•ã‚Œã¦ã„ã‚‹ã‹[0m
[31mrspec ./spec/system/01_before_login_spec.rb:72[0m [36m# [STEP1] ãƒ¦ãƒ¼ã‚¶ãƒ¼ãƒ­ã‚°ã‚¤ãƒ³å‰ã®ãƒ†ã‚¹ãƒˆ ãƒ˜ãƒƒãƒ€ãƒ¼ã®ãƒ†ã‚¹ãƒˆ: ãƒ­ã‚°ã‚¤ãƒ³ã—ã¦ã„ãªã„å ´åˆ è¡¨ç¤ºå†…å®¹ã®ç¢ºèª ã‚¿ã‚¤ãƒˆãƒ«ãŒè¡¨ç¤ºã•ã‚Œã‚‹ã‹[0m
[31mrspec ./spec/system/01_before_login_spec.rb:75[0m [36m# [STEP1] ãƒ¦ãƒ¼ã‚¶ãƒ¼ãƒ­ã‚°ã‚¤ãƒ³å‰ã®ãƒ†ã‚¹ãƒˆ ãƒ˜ãƒƒãƒ€ãƒ¼ã®ãƒ†ã‚¹ãƒˆ: ãƒ­ã‚°ã‚¤ãƒ³ã—ã¦ã„ãªã„å ´åˆ è¡¨ç¤ºå†…å®¹ã®ç¢ºèª URLãŒæ­£ã—ã„[0m
[31mrspec ./spec/system/01_before_login_spec.rb:78[0m [36m# [STEP1] ãƒ¦ãƒ¼ã‚¶ãƒ¼ãƒ­ã‚°ã‚¤ãƒ³å‰ã®ãƒ†ã‚¹ãƒˆ ãƒ˜ãƒƒãƒ€ãƒ¼ã®ãƒ†ã‚¹ãƒˆ: ãƒ­ã‚°ã‚¤ãƒ³ã—ã¦ã„ãªã„å ´åˆ è¡¨ç¤ºå†…å®¹ã®ç¢ºèª ãƒ­ã‚´ã®ãƒªãƒ³ã‚¯ãŒè¡¨ç¤ºã•ã‚Œã¦ã„ã‚‹ã‹[0m
[31mrspec ./spec/system/01_before_login_spec.rb:81[0m [36m# [STEP1] ãƒ¦ãƒ¼ã‚¶ãƒ¼ãƒ­ã‚°ã‚¤ãƒ³å‰ã®ãƒ†ã‚¹ãƒˆ ãƒ˜ãƒƒãƒ€ãƒ¼ã®ãƒ†ã‚¹ãƒˆ: ãƒ­ã‚°ã‚¤ãƒ³ã—ã¦ã„ãªã„å ´åˆ è¡¨ç¤ºå†…å®¹ã®ç¢ºèª æ–°è¦ç™»éŒ²ã®ãƒªãƒ³ã‚¯ãŒè¡¨ç¤ºã•ã‚Œã¦ã„ã‚‹ã‹[0m
[31mrspec ./spec/system/01_before_login_spec.rb:84[0m [36m# [STEP1] ãƒ¦ãƒ¼ã‚¶ãƒ¼ãƒ­ã‚°ã‚¤ãƒ³å‰ã®ãƒ†ã‚¹ãƒˆ ãƒ˜ãƒƒãƒ€ãƒ¼ã®ãƒ†ã‚¹ãƒˆ: ãƒ­ã‚°ã‚¤ãƒ³ã—ã¦ã„ãªã„å ´åˆ è¡¨ç¤ºå†…å®¹ã®ç¢ºèª ãƒ­ã‚°ã‚¤ãƒ³ã®ãƒªãƒ³ã‚¯ãŒè¡¨ç¤ºã•ã‚Œã¦ã„ã‚‹ã‹[0m
[31mrspec ./spec/system/01_before_login_spec.rb:93[0m [36m# [STEP1] ãƒ¦ãƒ¼ã‚¶ãƒ¼ãƒ­ã‚°ã‚¤ãƒ³å‰ã®ãƒ†ã‚¹ãƒˆ ãƒ˜ãƒƒãƒ€ãƒ¼ã®ãƒ†ã‚¹ãƒˆ: ãƒ­ã‚°ã‚¤ãƒ³ã—ã¦ã„ãªã„å ´åˆ ãƒªãƒ³ã‚¯å†…å®¹ã‚’ç¢ºèª æ–°è¦ç™»éŒ²ã‚’æŠ¼ã™ã¨ã€æ–°è¦ç™»éŒ²ç”»é¢ã«é·ç§»ã™ã‚‹[0m
[31mrspec ./spec/system/01_before_login_spec.rb:99[0m [36m# [STEP1] ãƒ¦ãƒ¼ã‚¶ãƒ¼ãƒ­ã‚°ã‚¤ãƒ³å‰ã®ãƒ†ã‚¹ãƒˆ ãƒ˜ãƒƒãƒ€ãƒ¼ã®ãƒ†ã‚¹ãƒˆ: ãƒ­ã‚°ã‚¤ãƒ³ã—ã¦ã„ãªã„å ´åˆ ãƒªãƒ³ã‚¯å†…å®¹ã‚’ç¢ºèª ãƒ­ã‚°ã‚¤ãƒ³ã‚’æŠ¼ã™ã¨ã€ãƒ­ã‚°ã‚¤ãƒ³ç”»é¢ã«é·ç§»ã™ã‚‹[0m
[31mrspec ./spec/system/01_before_login_spec.rb:114[0m [36m# [STEP1] ãƒ¦ãƒ¼ã‚¶ãƒ¼ãƒ­ã‚°ã‚¤ãƒ³å‰ã®ãƒ†ã‚¹ãƒˆ ãƒ¦ãƒ¼ã‚¶ãƒ¼æ–°è¦ç™»éŒ²ã®ãƒ†ã‚¹ãƒˆ è¡¨ç¤ºå†…å®¹ã®ç¢ºèª URLãŒæ­£ã—ã„[0m
[31mrspec ./spec/system/01_before_login_spec.rb:117[0m [36m# [STEP1] ãƒ¦ãƒ¼ã‚¶ãƒ¼ãƒ­ã‚°ã‚¤ãƒ³å‰ã®ãƒ†ã‚¹ãƒˆ ãƒ¦ãƒ¼ã‚¶ãƒ¼æ–°è¦ç™»éŒ²ã®ãƒ†ã‚¹ãƒˆ è¡¨ç¤ºå†…å®¹ã®ç¢ºèª æ–°è¦ç™»éŒ²ã¨è¡¨ç¤ºã•ã‚Œã‚‹[0m
[31mrspec ./spec/system/01_before_login_spec.rb:120[0m [36m# [STEP1] ãƒ¦ãƒ¼ã‚¶ãƒ¼ãƒ­ã‚°ã‚¤ãƒ³å‰ã®ãƒ†ã‚¹ãƒˆ ãƒ¦ãƒ¼ã‚¶ãƒ¼æ–°è¦ç™»éŒ²ã®ãƒ†ã‚¹ãƒˆ è¡¨ç¤ºå†…å®¹ã®ç¢ºèª nicknameãƒ•ã‚©ãƒ¼ãƒ ãŒè¡¨ç¤ºã•ã‚Œã‚‹[0m
[31mrspec ./spec/system/01_before_login_spec.rb:123[0m [36m# [STEP1] ãƒ¦ãƒ¼ã‚¶ãƒ¼ãƒ­ã‚°ã‚¤ãƒ³å‰ã®ãƒ†ã‚¹ãƒˆ ãƒ¦ãƒ¼ã‚¶ãƒ¼æ–°è¦ç™»éŒ²ã®ãƒ†ã‚¹ãƒˆ è¡¨ç¤ºå†…å®¹ã®ç¢ºèª emailãƒ•ã‚©ãƒ¼ãƒ ãŒè¡¨ç¤ºã•ã‚Œã‚‹[0m
[31mrspec ./spec/system/01_before_login_spec.rb:126[0m [36m# [STEP1] ãƒ¦ãƒ¼ã‚¶ãƒ¼ãƒ­ã‚°ã‚¤ãƒ³å‰ã®ãƒ†ã‚¹ãƒˆ ãƒ¦ãƒ¼ã‚¶ãƒ¼æ–°è¦ç™»éŒ²ã®ãƒ†ã‚¹ãƒˆ è¡¨ç¤ºå†…å®¹ã®ç¢ºèª passwordãƒ•ã‚©ãƒ¼ãƒ ãŒè¡¨ç¤ºã•ã‚Œã‚‹[0m
[31mrspec ./spec/system/01_before_login_spec.rb:129[0m [36m# [STEP1] ãƒ¦ãƒ¼ã‚¶ãƒ¼ãƒ­ã‚°ã‚¤ãƒ³å‰ã®ãƒ†ã‚¹ãƒˆ ãƒ¦ãƒ¼ã‚¶ãƒ¼æ–°è¦ç™»éŒ²ã®ãƒ†ã‚¹ãƒˆ è¡¨ç¤ºå†…å®¹ã®ç¢ºèª password_confirmtaionãƒ•ã‚©ãƒ¼ãƒ ãŒè¡¨ç¤ºã•ã‚Œã‚‹[0m
[31mrspec ./spec/system/01_before_login_spec.rb:132[0m [36m# [STEP1] ãƒ¦ãƒ¼ã‚¶ãƒ¼ãƒ­ã‚°ã‚¤ãƒ³å‰ã®ãƒ†ã‚¹ãƒˆ ãƒ¦ãƒ¼ã‚¶ãƒ¼æ–°è¦ç™»éŒ²ã®ãƒ†ã‚¹ãƒˆ è¡¨ç¤ºå†…å®¹ã®ç¢ºèª æ–°è¦ç™»éŒ²ãƒœã‚¿ãƒ³ãŒè¡¨ç¤ºã•ã‚Œã‚‹[0m
[31mrspec ./spec/system/01_before_login_spec.rb:145[0m [36m# [STEP1] ãƒ¦ãƒ¼ã‚¶ãƒ¼ãƒ­ã‚°ã‚¤ãƒ³å‰ã®ãƒ†ã‚¹ãƒˆ ãƒ¦ãƒ¼ã‚¶ãƒ¼æ–°è¦ç™»éŒ²ã®ãƒ†ã‚¹ãƒˆ æ–°è¦ç™»éŒ²ã®ãƒ†ã‚¹ãƒˆ æ­£ã—ãç™»éŒ²ã•ã‚Œã‚‹[0m
[31mrspec ./spec/system/01_before_login_spec.rb:148[0m [36m# [STEP1] ãƒ¦ãƒ¼ã‚¶ãƒ¼ãƒ­ã‚°ã‚¤ãƒ³å‰ã®ãƒ†ã‚¹ãƒˆ ãƒ¦ãƒ¼ã‚¶ãƒ¼æ–°è¦ç™»éŒ²ã®ãƒ†ã‚¹ãƒˆ æ–°è¦ç™»éŒ²ã®ãƒ†ã‚¹ãƒˆ æ–°è¦ç™»éŒ²å¾Œã®ãƒªãƒ€ã‚¤ãƒ¬ã‚¯ãƒˆå…ˆãŒã€æ–°è¦ç™»éŒ²ã§ã§ããŸãƒ¦ãƒ¼ã‚¶ã®è©³ç´°ç”»é¢ã«ãªã£ã¦ã„ã‚‹[0m
[31mrspec ./spec/system/01_before_login_spec.rb:163[0m [36m# [STEP1] ãƒ¦ãƒ¼ã‚¶ãƒ¼ãƒ­ã‚°ã‚¤ãƒ³å‰ã®ãƒ†ã‚¹ãƒˆ ãƒ¦ãƒ¼ã‚¶ãƒ¼ãƒ­ã‚°ã‚¤ãƒ³ã®ãƒ†ã‚¹ãƒˆ è¡¨ç¤ºå†…å®¹ã®ç¢ºèª URLãŒæ­£ã—ã„[0m
[31mrspec ./spec/system/01_before_login_spec.rb:166[0m [36m# [STEP1] ãƒ¦ãƒ¼ã‚¶ãƒ¼ãƒ­ã‚°ã‚¤ãƒ³å‰ã®ãƒ†ã‚¹ãƒˆ ãƒ¦ãƒ¼ã‚¶ãƒ¼ãƒ­ã‚°ã‚¤ãƒ³ã®ãƒ†ã‚¹ãƒˆ è¡¨ç¤ºå†…å®¹ã®ç¢ºèª ãƒ­ã‚°ã‚¤ãƒ³ã¨è¡¨ç¤ºã•ã‚Œã‚‹[0m
[31mrspec ./spec/system/01_before_login_spec.rb:169[0m [36m# [STEP1] ãƒ¦ãƒ¼ã‚¶ãƒ¼ãƒ­ã‚°ã‚¤ãƒ³å‰ã®ãƒ†ã‚¹ãƒˆ ãƒ¦ãƒ¼ã‚¶ãƒ¼ãƒ­ã‚°ã‚¤ãƒ³ã®ãƒ†ã‚¹ãƒˆ è¡¨ç¤ºå†…å®¹ã®ç¢ºèª emailãƒ•ã‚©ãƒ¼ãƒ ãŒè¡¨ç¤ºã•ã‚Œã‚‹[0m
[31mrspec ./spec/system/01_before_login_spec.rb:172[0m [36m# [STEP1] ãƒ¦ãƒ¼ã‚¶ãƒ¼ãƒ­ã‚°ã‚¤ãƒ³å‰ã®ãƒ†ã‚¹ãƒˆ ãƒ¦ãƒ¼ã‚¶ãƒ¼ãƒ­ã‚°ã‚¤ãƒ³ã®ãƒ†ã‚¹ãƒˆ è¡¨ç¤ºå†…å®¹ã®ç¢ºèª passwordãƒ•ã‚©ãƒ¼ãƒ ãŒè¡¨ç¤ºã•ã‚Œã‚‹[0m
[31mrspec ./spec/system/01_before_login_spec.rb:175[0m [36m# [STEP1] ãƒ¦ãƒ¼ã‚¶ãƒ¼ãƒ­ã‚°ã‚¤ãƒ³å‰ã®ãƒ†ã‚¹ãƒˆ ãƒ¦ãƒ¼ã‚¶ãƒ¼ãƒ­ã‚°ã‚¤ãƒ³ã®ãƒ†ã‚¹ãƒˆ è¡¨ç¤ºå†…å®¹ã®ç¢ºèª ãƒ­ã‚°ã‚¤ãƒ³ãƒœã‚¿ãƒ³ãŒè¡¨ç¤ºã•ã‚Œã‚‹[0m
[31mrspec ./spec/system/01_before_login_spec.rb:187[0m [36m# [STEP1] ãƒ¦ãƒ¼ã‚¶ãƒ¼ãƒ­ã‚°ã‚¤ãƒ³å‰ã®ãƒ†ã‚¹ãƒˆ ãƒ¦ãƒ¼ã‚¶ãƒ¼ãƒ­ã‚°ã‚¤ãƒ³ã®ãƒ†ã‚¹ãƒˆ ãƒ­ã‚°ã‚¤ãƒ³æˆåŠŸã®ãƒ†ã‚¹ãƒˆ ãƒ­ã‚°ã‚¤ãƒ³å¾Œã®ãƒªãƒ€ã‚¤ãƒ¬ã‚¯ãƒˆå…ˆãŒã€ãƒ­ã‚°ã‚¤ãƒ³ã—ãŸãƒ¦ãƒ¼ã‚¶ã®è©³ç´°ç”»é¢ã«ãªã£ã¦ã„ã‚‹[0m
[31mrspec ./spec/system/01_before_login_spec.rb:199[0m [36m# [STEP1] ãƒ¦ãƒ¼ã‚¶ãƒ¼ãƒ­ã‚°ã‚¤ãƒ³å‰ã®ãƒ†ã‚¹ãƒˆ ãƒ¦ãƒ¼ã‚¶ãƒ¼ãƒ­ã‚°ã‚¤ãƒ³ã®ãƒ†ã‚¹ãƒˆ ãƒ­ã‚°ã‚¤ãƒ³å¤±æ•—ã®ãƒ†ã‚¹ãƒˆ ãƒ­ã‚°ã‚¤ãƒ³ã«å¤±æ•—ã—ã€ãƒ­ã‚°ã‚¤ãƒ³ç”»é¢ã«ãƒªãƒ€ã‚¤ãƒ¬ã‚¯ãƒˆã•ã‚Œã‚‹[0m
[31mrspec ./spec/system/01_before_login_spec.rb:202[0m [36m# [STEP1] ãƒ¦ãƒ¼ã‚¶ãƒ¼ãƒ­ã‚°ã‚¤ãƒ³å‰ã®ãƒ†ã‚¹ãƒˆ ãƒ¦ãƒ¼ã‚¶ãƒ¼ãƒ­ã‚°ã‚¤ãƒ³ã®ãƒ†ã‚¹ãƒˆ ãƒ­ã‚°ã‚¤ãƒ³å¤±æ•—ã®ãƒ†ã‚¹ãƒˆ ã‚¨ãƒ©ãƒ¼ãƒ¡ãƒƒã‚»ãƒ¼ã‚¸ãŒè¡¨ç¤ºã•ã‚Œã¦ã„ã‚‹[0m
[31mrspec ./spec/system/01_before_login_spec.rb:219[0m [36m# [STEP1] ãƒ¦ãƒ¼ã‚¶ãƒ¼ãƒ­ã‚°ã‚¤ãƒ³å‰ã®ãƒ†ã‚¹ãƒˆ ãƒ˜ãƒƒãƒ€ãƒ¼ã®ãƒ†ã‚¹ãƒˆ ãƒ˜ãƒƒãƒ€ãƒ¼ã®å†…å®¹ç¢ºèª ã‚¿ã‚¤ãƒˆãƒ«ãŒè¡¨ç¤ºã•ã‚Œã‚‹ã‹[0m
[31mrspec ./spec/system/01_before_login_spec.rb:222[0m [36m# [STEP1] ãƒ¦ãƒ¼ã‚¶ãƒ¼ãƒ­ã‚°ã‚¤ãƒ³å‰ã®ãƒ†ã‚¹ãƒˆ ãƒ˜ãƒƒãƒ€ãƒ¼ã®ãƒ†ã‚¹ãƒˆ ãƒ˜ãƒƒãƒ€ãƒ¼ã®å†…å®¹ç¢ºèª ãƒã‚¤ãƒšãƒ¼ã‚¸ã®ãƒªãƒ³ã‚¯ãŒè¡¨ç¤ºã•ã‚Œã¦ã„ã‚‹ã‹[0m
[31mrspec ./spec/system/01_before_login_spec.rb:225[0m [36m# [STEP1] ãƒ¦ãƒ¼ã‚¶ãƒ¼ãƒ­ã‚°ã‚¤ãƒ³å‰ã®ãƒ†ã‚¹ãƒˆ ãƒ˜ãƒƒãƒ€ãƒ¼ã®ãƒ†ã‚¹ãƒˆ ãƒ˜ãƒƒãƒ€ãƒ¼ã®å†…å®¹ç¢ºèª æ–°è¦æŠ•ç¨¿ã®ãƒªãƒ³ã‚¯ãŒè¡¨ç¤ºã•ã‚Œã¦ã„ã‚‹ã‹[0m
[31mrspec ./spec/system/01_before_login_spec.rb:228[0m [36m# [STEP1] ãƒ¦ãƒ¼ã‚¶ãƒ¼ãƒ­ã‚°ã‚¤ãƒ³å‰ã®ãƒ†ã‚¹ãƒˆ ãƒ˜ãƒƒãƒ€ãƒ¼ã®ãƒ†ã‚¹ãƒˆ ãƒ˜ãƒƒãƒ€ãƒ¼ã®å†…å®¹ç¢ºèª æŠ•ç¨¿ä¸€è¦§ã®ãƒªãƒ³ã‚¯ãŒè¡¨ç¤ºã•ã‚Œã¦ã„ã‚‹ã‹[0m
[31mrspec ./spec/system/01_before_login_spec.rb:231[0m [36m# [STEP1] ãƒ¦ãƒ¼ã‚¶ãƒ¼ãƒ­ã‚°ã‚¤ãƒ³å‰ã®ãƒ†ã‚¹ãƒˆ ãƒ˜ãƒƒãƒ€ãƒ¼ã®ãƒ†ã‚¹ãƒˆ ãƒ˜ãƒƒãƒ€ãƒ¼ã®å†…å®¹ç¢ºèª èª­æ›¸è¨˜éŒ²ã®ãƒªãƒ³ã‚¯ãŒè¡¨ç¤ºã•ã‚Œã¦ã„ã‚‹ã‹[0m
[31mrspec ./spec/system/01_before_login_spec.rb:234[0m [36m# [STEP1] ãƒ¦ãƒ¼ã‚¶ãƒ¼ãƒ­ã‚°ã‚¤ãƒ³å‰ã®ãƒ†ã‚¹ãƒˆ ãƒ˜ãƒƒãƒ€ãƒ¼ã®ãƒ†ã‚¹ãƒˆ ãƒ˜ãƒƒãƒ€ãƒ¼ã®å†…å®¹ç¢ºèª èª­æ›¸ä¸€è¦§ã®ãƒªãƒ³ã‚¯ãŒè¡¨ç¤ºã•ã‚Œã¦ã„ã‚‹ã‹[0m
[31mrspec ./spec/system/01_before_login_spec.rb:237[0m [36m# [STEP1] ãƒ¦ãƒ¼ã‚¶ãƒ¼ãƒ­ã‚°ã‚¤ãƒ³å‰ã®ãƒ†ã‚¹ãƒˆ ãƒ˜ãƒƒãƒ€ãƒ¼ã®ãƒ†ã‚¹ãƒˆ ãƒ˜ãƒƒãƒ€ãƒ¼ã®å†…å®¹ç¢ºèª ãƒ­ã‚°ã‚¢ã‚¦ãƒˆã®ãƒªãƒ³ã‚¯ãŒè¡¨ç¤ºã•ã‚Œã¦ã„ã‚‹ã‹[0m
[31mrspec ./spec/system/01_before_login_spec.rb:245[0m [36m# [STEP1] ãƒ¦ãƒ¼ã‚¶ãƒ¼ãƒ­ã‚°ã‚¤ãƒ³å‰ã®ãƒ†ã‚¹ãƒˆ ãƒ˜ãƒƒãƒ€ãƒ¼ã®ãƒ†ã‚¹ãƒˆ ãƒªãƒ³ã‚¯å†…å®¹ã‚’ç¢ºèª ãƒã‚¤ãƒšãƒ¼ã‚¸ã‚’æŠ¼ã™ã¨ã€ãƒã‚¤ãƒšãƒ¼ã‚¸ç”»é¢ã«é·ç§»ã™ã‚‹[0m
[31mrspec ./spec/system/01_before_login_spec.rb:251[0m [36m# [STEP1] ãƒ¦ãƒ¼ã‚¶ãƒ¼ãƒ­ã‚°ã‚¤ãƒ³å‰ã®ãƒ†ã‚¹ãƒˆ ãƒ˜ãƒƒãƒ€ãƒ¼ã®ãƒ†ã‚¹ãƒˆ ãƒªãƒ³ã‚¯å†…å®¹ã‚’ç¢ºèª æ–°è¦æŠ•ç¨¿ã‚’æŠ¼ã™ã¨ã€æ–°è¦æŠ•ç¨¿ç”»é¢ã«é·ç§»ã™ã‚‹[0m
[31mrspec ./spec/system/01_before_login_spec.rb:257[0m [36m# [STEP1] ãƒ¦ãƒ¼ã‚¶ãƒ¼ãƒ­ã‚°ã‚¤ãƒ³å‰ã®ãƒ†ã‚¹ãƒˆ ãƒ˜ãƒƒãƒ€ãƒ¼ã®ãƒ†ã‚¹ãƒˆ ãƒªãƒ³ã‚¯å†…å®¹ã‚’ç¢ºèª æŠ•ç¨¿ä¸€è¦§ã‚’æŠ¼ã™ã¨ã€æŠ•ç¨¿ä¸€è¦§ç”»é¢ã«é·ç§»ã™ã‚‹[0m
[31mrspec ./spec/system/01_before_login_spec.rb:263[0m [36m# [STEP1] ãƒ¦ãƒ¼ã‚¶ãƒ¼ãƒ­ã‚°ã‚¤ãƒ³å‰ã®ãƒ†ã‚¹ãƒˆ ãƒ˜ãƒƒãƒ€ãƒ¼ã®ãƒ†ã‚¹ãƒˆ ãƒªãƒ³ã‚¯å†…å®¹ã‚’ç¢ºèª èª­æ›¸è¨˜éŒ²ã‚’æŠ¼ã™ã¨ã€èª­æ›¸è¨˜éŒ²ç™»éŒ²ç”»é¢ã«é·ç§»ã™ã‚‹[0m
[31mrspec ./spec/system/01_before_login_spec.rb:269[0m [36m# [STEP1] ãƒ¦ãƒ¼ã‚¶ãƒ¼ãƒ­ã‚°ã‚¤ãƒ³å‰ã®ãƒ†ã‚¹ãƒˆ ãƒ˜ãƒƒãƒ€ãƒ¼ã®ãƒ†ã‚¹ãƒˆ ãƒªãƒ³ã‚¯å†…å®¹ã‚’ç¢ºèª èª­æ›¸ä¸€è¦§ã‚’æŠ¼ã™ã¨ã€èª­æ›¸ä¸€è¦§ç”»é¢ã«é·ç§»ã™ã‚‹[0m
[31mrspec ./spec/system/01_before_login_spec.rb:275[0m [36m# [STEP1] ãƒ¦ãƒ¼ã‚¶ãƒ¼ãƒ­ã‚°ã‚¤ãƒ³å‰ã®ãƒ†ã‚¹ãƒˆ ãƒ˜ãƒƒãƒ€ãƒ¼ã®ãƒ†ã‚¹ãƒˆ ãƒªãƒ³ã‚¯å†…å®¹ã‚’ç¢ºèª ãƒ­ã‚°ã‚¢ã‚¦ãƒˆã‚’æŠ¼ã™ã¨ã€ãƒˆãƒƒãƒ—ãƒšãƒ¼ã‚¸ã«é·ç§»ã™ã‚‹[0m

